
                            < M A T L A B (R) >
                  Copyright 1984-2020 The MathWorks, Inc.
              R2020a Update 1 (9.8.0.1359463) 64-bit (glnxa64)
                               April 9, 2020

 
To get started, type doc.
For product information, visit www.mathworks.com.
 


    "---------------------MINTS---------------------"

17-Nov-2020 14:15:37

mintsDefinitions = 

  struct with fields:

                dataFolder: '/home/lhw150030/mintsData'
               poolWorkers: 16
                  timeSpan: 30
                  airmarID: '001e0610c0e4'
             binsPerColumn: 500
              numberPerBin: 2
                    pValid: 0.1500
                   nodeIDs: {1x16 cell}
               inputStack1: {1x9 cell}
         mintsInputsStack1: {1x35 cell}
    mintsInputLabelsStack1: {1x35 cell}
               inputStack2: {1x11 cell}
         mintsInputsStack2: {1x35 cell}
    mintsInputLabelsStack2: {1x35 cell}
               inputStack3: {1x10 cell}
         mintsInputsStack3: {1x38 cell}
    mintsInputLabelsStack3: {1x38 cell}
              mintsTargets: {1x10 cell}
         mintsTargetLabels: {1x10 cell}
                     units: {1x10 cell}
               instruments: {1x10 cell}

Starting parallel pool (parpool) using the 'local' profile ...
Connected to the parallel pool (number of workers: 16).

ans = 

 ProcessPool with properties: 

            Connected: true
           NumWorkers: 16
              Cluster: local
        AttachedFiles: {}
    AutoAddClientPath: true
          IdleTimeout: 30 minutes (30 minutes remaining)
          SpmdEnabled: true


airmarFolder = 

    "/home/lhw150030/mintsData/referenceMats/airmar"

UTD_Rsl_All_2020_11_17


UTD_Rsl_All_Daily


Super Learner All Inputs




    "Data Folder Located @:/home/lhw150030/mintsData"

    "Raw Data Located @: /home/lhw150030/mintsData"

    "Raw DotMat Data Located @ :/home/lhw150030/mintsData/rawMats"

    "UTD Nodes DotMat Data Located @ :/home/lhw150030/mintsData/rawMats/UTDNodes"

    "Reference Data Located @: /home/lhw150030/mintsData/reference"

    "Reference DotMat Data Located @ :/home/lhw150030/mintsData/referenceMats"

    "Palas Raw Data Located @ :/home/lhw150030/mintsData/reference/palasStream"

    "Palas DotMat Data Located @ :/home/lhw150030/mintsData/referenceMats/palas"

    "Car GPS Files Located @ :/home/lhw150030/mintsData/referenceMats/carMintsGPS"

    "Loading Palas Files"

    "Loading GPS Files"

    "Loading Airmar Files"

    "Aligning GPS data with Palas Data"

    "WSTC Palas Data"

    "Palas With Airmar"

    "Analysis"

    "Save merged data for calibration: 001e06318cd1"



    "Creating Training Data Sets for Node: 001e06318cd1"



    "Gainin Data set for Node 001e06318cd1 with target output pm1_palas @ 17-Nov-2020 14:19:09"

Going through column 1 and choosing a representative sample. Choosing 500 bins for this column. With 2 members per bin.
Going through column 2 and choosing a representative sample. Choosing 500 bins for this column. With 2 members per bin.
Going through column 3 and choosing a representative sample. Choosing 315 bins for this column. With 2 members per bin.
Going through column 4 and choosing a representative sample. Choosing 70 bins for this column. With 2 members per bin.
Going through column 5 and choosing a representative sample. Choosing 1 bins for this column. With 2 members per bin.
Going through column 6 and choosing a representative sample. Choosing 500 bins for this column. With 2 members per bin.
Going through column 7 and choosing a representative sample. Choosing 500 bins for this column. With 2 members per bin.
Going through column 8 and choosing a representative sample. Choosing 500 bins for this column. With 2 members per bin.
Going through column 9 and choosing a representative sample. Choosing 500 bins for this column. With 2 members per bin.
Going through column 10 and choosing a representative sample. Choosing 500 bins for this column. With 2 members per bin.
Going through column 11 and choosing a representative sample. Choosing 500 bins for this column. With 2 members per bin.
Going through column 12 and choosing a representative sample. Choosing 500 bins for this column. With 2 members per bin.
Going through column 13 and choosing a representative sample. Choosing 500 bins for this column. With 2 members per bin.
Going through column 14 and choosing a representative sample. Choosing 211 bins for this column. With 2 members per bin.
Going through column 15 and choosing a representative sample. Choosing 151 bins for this column. With 2 members per bin.
Going through column 16 and choosing a representative sample. Choosing 98 bins for this column. With 2 members per bin.
Going through column 17 and choosing a representative sample. Choosing 54 bins for this column. With 2 members per bin.
Going through column 18 and choosing a representative sample. Choosing 26 bins for this column. With 2 members per bin.
Going through column 19 and choosing a representative sample. Choosing 15 bins for this column. With 2 members per bin.
Going through column 20 and choosing a representative sample. Choosing 10 bins for this column. With 2 members per bin.
Going through column 21 and choosing a representative sample. Choosing 7 bins for this column. With 2 members per bin.
Going through column 22 and choosing a representative sample. Choosing 4 bins for this column. With 2 members per bin.
Going through column 23 and choosing a representative sample. Choosing 4 bins for this column. With 2 members per bin.
Going through column 24 and choosing a representative sample. Choosing 2 bins for this column. With 2 members per bin.
Going through column 25 and choosing a representative sample. Choosing 3 bins for this column. With 2 members per bin.
Going through column 26 and choosing a representative sample. Choosing 2 bins for this column. With 2 members per bin.
Going through column 27 and choosing a representative sample. Choosing 4 bins for this column. With 2 members per bin.
Going through column 28 and choosing a representative sample. Choosing 300 bins for this column. With 2 members per bin.
Going through column 29 and choosing a representative sample. Choosing 295 bins for this column. With 2 members per bin.
Going through column 30 and choosing a representative sample. Choosing 257 bins for this column. With 2 members per bin.
Going through column 31 and choosing a representative sample. Choosing 169 bins for this column. With 2 members per bin.
Going through column 32 and choosing a representative sample. Choosing 500 bins for this column. With 2 members per bin.
Going through column 33 and choosing a representative sample. Choosing 500 bins for this column. With 2 members per bin.
Going through column 34 and choosing a representative sample. Choosing 500 bins for this column. With 2 members per bin.
Going through column 35 and choosing a representative sample. Choosing 500 bins for this column. With 2 members per bin.
Going through column 36 and choosing a representative sample. Choosing 1000 bins for this column. With 4 members per bin.

ans =

        6763


ans =

        1194

    "Running Regression"

Train a hyper-parameter optimized NN model for regression
Copying objective function to workers...
Done copying objective function to workers.
|===============================================================================================================|
| Iter | Active  | Eval   | Objective   | Objective   | BestSoFar   | BestSoFar   | hiddenLayerS-|           lr |
|      | workers | result |             | runtime     | (observed)  | (estim.)    | ize          |              |
|===============================================================================================================|
|    1 |      10 | Best   |      12.748 |      9.3426 |      12.748 |        39.3 |           21 |    0.0053779 |
|    2 |      10 | Accept |      38.873 |      8.6743 |      12.748 |        39.3 |           76 |      0.86433 |
|    3 |      10 | Accept |      39.571 |      8.6125 |      12.748 |        39.3 |           55 |      0.76411 |
|    4 |      10 | Accept |      47.602 |      8.2117 |      12.748 |        39.3 |           30 |     0.015291 |
|    5 |      10 | Accept |      55.789 |      8.5145 |      12.748 |        39.3 |           78 |      0.76265 |
|    6 |      10 | Accept |      31.983 |      8.9584 |      12.748 |        39.3 |           54 |     0.014505 |
|    7 |      10 | Accept |      48.532 |      7.8337 |      12.748 |        39.3 |           22 |      0.51169 |
|    8 |       8 | Accept |       38.14 |      16.279 |      11.291 |      32.544 |           48 |      0.21217 |
|    9 |       8 | Accept |      36.952 |      13.545 |      11.291 |      32.544 |           87 |      0.01174 |
|   10 |       8 | Accept |      15.774 |      15.805 |      11.291 |      32.544 |            5 |      0.83728 |
|   11 |       8 | Accept |      44.585 |       14.76 |      11.291 |      32.544 |           31 |    0.0023862 |
|   12 |       8 | Accept |      24.644 |       11.94 |      11.291 |      32.544 |           90 |     0.053766 |
|   13 |       8 | Best   |      11.291 |      10.347 |      11.291 |      32.544 |           22 |      0.47402 |
|   14 |       8 | Accept |      11.722 |      13.477 |      11.291 |      32.544 |           32 |      0.25782 |
|   15 |       8 | Accept |        12.9 |      13.641 |      11.291 |      32.544 |           49 |      0.11326 |
|   16 |       8 | Accept |      49.605 |      9.3187 |      11.291 |      32.544 |           49 |     0.021952 |
|   17 |      10 | Best   |      7.1318 |      1.6257 |      7.1318 |      17.048 |            5 |    0.0038967 |
|   18 |      10 | Accept |      44.789 |     0.86675 |      7.1318 |      17.048 |           29 |      0.33134 |
|   19 |      10 | Accept |      10.635 |     0.86274 |      7.1318 |      17.048 |           10 |      0.82592 |
|   20 |      10 | Accept |      48.537 |      1.3892 |      7.1318 |      17.048 |           30 |      0.66419 |
|===============================================================================================================|
| Iter | Active  | Eval   | Objective   | Objective   | BestSoFar   | BestSoFar   | hiddenLayerS-|           lr |
|      | workers | result |             | runtime     | (observed)  | (estim.)    | ize          |              |
|===============================================================================================================|
|   21 |      10 | Accept |      68.911 |      1.7143 |      7.1318 |      17.048 |           39 |    0.0039548 |
|   22 |      10 | Accept |      16.576 |     0.65803 |      7.1318 |      17.048 |            8 |     0.058413 |
|   23 |      10 | Accept |      103.09 |       1.285 |      7.1318 |      17.048 |           82 |     0.027618 |
|   24 |       5 | Accept |      67.389 |      1.9442 |      6.7778 |      22.713 |           28 |     0.012928 |
|   25 |       5 | Accept |      16.396 |     0.94173 |      6.7778 |      22.713 |           62 |     0.020201 |
|   26 |       5 | Accept |      125.49 |      1.0006 |      6.7778 |      22.713 |           48 |      0.89528 |
|   27 |       5 | Accept |      17.212 |      1.8894 |      6.7778 |      22.713 |           30 |    0.0076993 |
|   28 |       5 | Accept |      40.747 |      2.0475 |      6.7778 |      22.713 |           39 |      0.23118 |
|   29 |       5 | Best   |      6.7778 |     0.70953 |      6.7778 |      22.713 |            7 |      0.25631 |
|   30 |       5 | Accept |      34.841 |       1.183 |      6.7778 |      22.713 |           14 |    0.0020762 |
|   31 |       5 | Accept |      21.424 |      1.0251 |      6.7778 |      22.713 |           69 |    0.0047013 |
|   32 |       5 | Accept |      12.875 |     0.69125 |      6.7778 |      22.713 |           34 |     0.018377 |
|   33 |       5 | Accept |      21.369 |     0.45988 |      6.7778 |      22.713 |           97 |     0.026517 |
|   34 |       5 | Accept |      28.305 |     0.51059 |      6.7778 |      22.713 |           97 |     0.003603 |
|   35 |       5 | Accept |       25.11 |     0.31431 |      6.7778 |      22.713 |           13 |      0.45161 |

__________________________________________________________
Optimization completed.
MaxObjectiveEvaluations of 30 reached.
Total function evaluations: 35
Total elapsed time: 41.7935 seconds.
Total objective function evaluation time: 200.3803

Best observed feasible point:
    hiddenLayerSize      lr   
    _______________    _______

           7           0.25631

Observed objective function value = 6.7778
Estimated objective function value = 22.7128
Function evaluation time = 0.70953

Best estimated feasible point (according to models):
    hiddenLayerSize      lr   
    _______________    _______

           7           0.25631

Estimated objective function value = 22.7128
Estimated function evaluation time = 2.9518


T =

  1x2 table

    hiddenLayerSize      lr   
    _______________    _______

           7           0.25631

Elapsed time is 104.415463 seconds.
Train a hyper-parameter optimized GPR model for regression
First Optimize all the GPR parameters
Copying objective function to workers...
Done copying objective function to workers.
|============================================================================================================================================================|
| Iter | Active  | Eval   | Objective:  | Objective   | BestSoFar   | BestSoFar   |        Sigma | BasisFunction| KernelFuncti-|  KernelScale |  Standardize |
|      | workers | result | log(1+loss) | runtime     | (observed)  | (estim.)    |              |              | on           |              |              |
|============================================================================================================================================================|
|    1 |      16 | Best   |      31.308 |        1069 |      31.308 |      31.308 |    0.0032537 | pureQuadrati |     matern32 |   5.7711e+11 |         true |
|    2 |      14 | Best   |       3.189 |      1141.4 |       3.189 |      3.2065 |        6.245 |       linear | squaredexpon |    1.976e+11 |         true |
|    3 |      14 | Accept |      36.558 |      1196.3 |       3.189 |      3.2065 |       2.8051 | pureQuadrati |     matern52 |   2.0924e+10 |         true |
|    4 |      14 | Accept |      9.9785 |      1084.9 |       3.189 |      3.2065 |     0.001501 |       linear |  exponential |   4.8184e+12 |         true |
|    5 |      16 | Accept |      3.3036 |      735.91 |       3.189 |      3.1995 |       8.9477 |         none | squaredexpon |   2.0538e+11 |         true |
|    6 |      16 | Accept |      32.798 |      1060.8 |       3.189 |      3.2159 |      0.39273 | pureQuadrati | squaredexpon |   1.7691e+11 |         true |
|    7 |      16 | Accept |      3.3036 |      2683.4 |       3.189 |      3.2252 |     0.022086 |         none |     matern32 |   1.5465e+11 |         true |
|    8 |      15 | Accept |      8.2825 |      1330.5 |       3.189 |      3.2007 |       7.1309 |       linear | squaredexpon |   1.7199e+11 |        false |
|    9 |      15 | Accept |      3.3037 |      596.72 |       3.189 |      3.2007 |       2.8786 |         none | squaredexpon |   2.3224e+11 |        false |
|   10 |      16 | Accept |      3.3036 |        1021 |       3.189 |      3.2039 |        7.152 |         none | rationalquad |   2.1967e+11 |         true |
|   11 |      16 | Best   |      1.4686 |      2786.3 |      1.4686 |      1.4796 |      0.22202 |         none |  exponential |   1.2467e+10 |         true |
|   12 |      16 | Accept |      3.3039 |      1027.2 |      1.4686 |      1.4779 |       10.892 |     constant | squaredexpon |   1.7094e+11 |         true |
|   13 |      16 | Accept |        8.74 |      4425.9 |      1.4686 |      1.4788 |     0.013503 |       linear |     matern32 |   5.8882e+11 |        false |
|   14 |      16 | Accept |      3.3036 |      702.49 |      1.4686 |      1.4767 |      0.42173 |         none |     matern52 |   2.3954e+11 |         true |
|   15 |      16 | Accept |      3.3034 |      2541.2 |      1.4686 |      1.4766 |       3.0686 |         none | rationalquad |   2.0866e+11 |        false |
|   16 |      16 | Accept |      3.3041 |      1395.3 |      1.4686 |      1.4802 |       6.6898 |     constant | rationalquad |   2.3871e+11 |         true |
|   17 |      16 | Accept |      3.3038 |      1190.6 |      1.4686 |      1.4786 |       6.9881 |     constant | squaredexpon |   1.6876e+11 |        false |
|   18 |      16 | Accept |      11.072 |      6152.4 |      1.4686 |      1.4788 |      0.39983 |     constant | rationalquad |   7.4468e+09 |        false |
|   19 |      16 | Accept |      15.325 |      6365.7 |      1.4686 |       1.481 |      0.16332 |       linear | rationalquad |   3.1708e+11 |         true |
|   20 |      16 | Best   |      1.4684 |      2693.9 |      1.4684 |      1.4806 |      0.17491 |     constant |  exponential |   1.7049e+10 |         true |
|============================================================================================================================================================|
| Iter | Active  | Eval   | Objective:  | Objective   | BestSoFar   | BestSoFar   |        Sigma | BasisFunction| KernelFuncti-|  KernelScale |  Standardize |
|      | workers | result | log(1+loss) | runtime     | (observed)  | (estim.)    |              |              | on           |              |              |
|============================================================================================================================================================|
|   21 |      16 | Accept |      3.3037 |      1281.4 |      1.4684 |        1.48 |       4.1452 |     constant |     matern52 |    3.402e+11 |         true |
|   22 |      16 | Accept |      5.8927 |      1619.3 |      1.4684 |      1.4702 |       4.0725 |       linear | rationalquad |   2.1977e+11 |        false |
|   23 |      16 | Accept |      3.3035 |      4478.1 |      1.4684 |      1.4788 |     0.028466 |     constant |     matern32 |    1.149e+11 |         true |
|   24 |      16 | Accept |      5.8623 |      2874.7 |      1.4684 |      1.4792 |     0.018623 |         none |     matern32 |   2.2613e+11 |        false |
|   25 |      16 | Accept |      17.678 |      1452.3 |      1.4684 |      1.4791 |     0.083575 |       linear |  exponential |   7.8218e+10 |        false |
|   26 |      16 | Accept |      8.6972 |      1639.1 |      1.4684 |      1.4792 |      0.20903 |     constant |  exponential |   1.4889e+10 |        false |
|   27 |      16 | Accept |      11.889 |      2798.4 |      1.4684 |      1.4794 |     0.022747 |     constant |     matern32 |   1.0792e+11 |        false |
|   28 |      16 | Accept |      3.7726 |       10832 |      1.4684 |      1.4794 |     0.054098 |         none |  exponential |   1.5753e+12 |        false |
|   29 |      16 | Accept |      3.3046 |      6939.9 |      1.4684 |      1.4803 |       11.778 |     constant |     matern52 |   2.5766e+12 |        false |
|   30 |      16 | Accept |      3.3034 |        6667 |      1.4684 |      1.4772 |       7.4343 | pureQuadrati | rationalquad |   3.4131e+11 |        false |

__________________________________________________________
Optimization completed.
MaxObjectiveEvaluations of 30 reached.
Total function evaluations: 30
Total elapsed time: 14632.0348 seconds.
Total objective function evaluation time: 81783.4754

Best observed feasible point:
     Sigma     BasisFunction    KernelFunction    KernelScale    Standardize
    _______    _____________    ______________    ___________    ___________

    0.17491      constant        exponential      1.7049e+10        true    

Observed objective function value = 1.4684
Estimated objective function value = 1.4772
Function evaluation time = 2693.8658

Best estimated feasible point (according to models):
     Sigma     BasisFunction    KernelFunction    KernelScale    Standardize
    _______    _____________    ______________    ___________    ___________

    0.17491      constant        exponential      1.7049e+10        true    

Estimated objective function value = 1.4772
Estimated function evaluation time = 1991.8907

Elapsed time is 14988.346375 seconds.
Take a copy of the best attributes
Now use these optimum settings to do an exact GPR fit
Elapsed time is 93.272535 seconds.
Train a hyper-parameter optimized Ensemble of Trees model for regression
Copying objective function to workers...
Done copying objective function to workers.
|===========================================================================================================================================================================|
| Iter | Active  | Eval   | Objective:  | Objective   | BestSoFar   | BestSoFar   |       Method | NumLearningC-|    LearnRate |  MinLeafSize | MaxNumSplits | NumVariables-|
|      | workers | result | log(1+loss) | runtime     | (observed)  | (estim.)    |              | ycles        |              |              |              | ToSample     |
|===========================================================================================================================================================================|
|    1 |      16 | Best   |      3.3052 |      4.7123 |      3.3052 |      3.3052 |      LSBoost |           79 |     0.040349 |         3035 |           14 |            3 |
|    2 |      12 | Accept |      2.6418 |      8.4339 |      1.5643 |      1.5644 |          Bag |           16 |            - |          778 |         2423 |           31 |
|    3 |      12 | Accept |      3.3038 |      22.014 |      1.5643 |      1.5644 |      LSBoost |          121 |      0.10866 |         1467 |            4 |            3 |
|    4 |      12 | Accept |      2.7874 |      12.669 |      1.5643 |      1.5644 |          Bag |           65 |            - |          869 |           37 |            5 |
|    5 |      12 | Best   |      1.5643 |      37.319 |      1.5643 |      1.5644 |      LSBoost |           22 |      0.21885 |            7 |           31 |           12 |
|    6 |      12 | Accept |      2.3341 |      11.373 |      1.5643 |      1.5644 |      LSBoost |           25 |       0.7515 |           14 |            2 |           16 |
|    7 |       7 | Accept |       3.172 |      44.585 |       1.459 |      1.4594 |      LSBoost |           25 |     0.067738 |           25 |         3252 |            3 |
|    8 |       7 | Accept |      3.0778 |      43.586 |       1.459 |      1.4594 |          Bag |           34 |            - |           38 |            1 |           24 |
|    9 |       7 | Accept |      3.2415 |      47.048 |       1.459 |      1.4594 |      LSBoost |          319 |     0.081802 |          367 |           16 |            3 |
|   10 |       7 | Accept |      1.7734 |      66.288 |       1.459 |      1.4594 |      LSBoost |          192 |     0.017575 |          176 |           83 |           21 |
|   11 |       7 | Accept |      2.8274 |      39.701 |       1.459 |      1.4594 |          Bag |           79 |            - |            1 |            7 |           13 |
|   12 |       7 | Best   |       1.459 |       15.79 |       1.459 |      1.4594 |          Bag |           36 |            - |            3 |          349 |            7 |
|   13 |      11 | Accept |      2.0552 |      72.396 |       1.459 |      1.4592 |      LSBoost |           54 |      0.16642 |           18 |            4 |           24 |
|   14 |      11 | Accept |      1.7199 |      69.184 |       1.459 |      1.4592 |          Bag |           30 |            - |            1 |           47 |           26 |
|   15 |      11 | Accept |      1.5459 |      74.975 |       1.459 |      1.4592 |          Bag |           53 |            - |            9 |          206 |           15 |
|   16 |      11 | Accept |      3.9149 |      1.3763 |       1.459 |      1.4592 |      LSBoost |           13 |    0.0010166 |         2095 |           61 |           11 |
|   17 |      11 | Accept |      3.4451 |      1.9422 |       1.459 |      1.4592 |      LSBoost |           23 |     0.037232 |          134 |         1301 |            1 |
|   18 |      11 | Accept |      2.6642 |       1.799 |       1.459 |      1.4592 |          Bag |           11 |            - |            5 |            6 |            8 |
|   19 |      11 | Accept |       2.134 |      95.487 |      1.3003 |      1.3003 |          Bag |          101 |            - |          135 |          134 |            8 |
|   20 |      11 | Accept |      3.0877 |      31.321 |      1.3003 |      1.3003 |          Bag |          199 |            - |            5 |            1 |           13 |
|===========================================================================================================================================================================|
| Iter | Active  | Eval   | Objective:  | Objective   | BestSoFar   | BestSoFar   |       Method | NumLearningC-|    LearnRate |  MinLeafSize | MaxNumSplits | NumVariables-|
|      | workers | result | log(1+loss) | runtime     | (observed)  | (estim.)    |              | ycles        |              |              |              | ToSample     |
|===========================================================================================================================================================================|
|   21 |      11 | Best   |      1.3003 |      23.556 |      1.3003 |      1.3003 |          Bag |           41 |            - |            4 |         3607 |           16 |
|   22 |      11 | Accept |       2.564 |      27.794 |      1.3003 |      1.3003 |          Bag |           20 |            - |           41 |           13 |           19 |
|   23 |      11 | Accept |      2.2323 |      31.019 |      1.3003 |      1.3003 |          Bag |           53 |            - |          140 |           13 |           26 |
|   24 |      11 | Accept |      3.3039 |      23.771 |      1.3003 |      1.3003 |      LSBoost |          446 |     0.083421 |         3075 |           17 |            9 |
|   25 |      12 | Accept |      3.3038 |      58.894 |      1.2119 |      1.2119 |          Bag |           88 |            - |         3366 |            8 |            7 |
|   26 |      12 | Accept |      2.7863 |      61.536 |      1.2119 |      1.2119 |      LSBoost |          144 |      0.28238 |          223 |            1 |            5 |
|   27 |      12 | Best   |      1.2119 |      23.184 |      1.2119 |      1.2119 |      LSBoost |           56 |       0.1044 |           11 |           83 |           22 |
|   28 |      12 | Accept |      1.9948 |      24.328 |      1.2119 |      1.2119 |          Bag |           55 |            - |            7 |           22 |           27 |
|   29 |      12 | Accept |      2.9919 |      3.1057 |      1.2119 |      1.2119 |          Bag |           11 |            - |          726 |            2 |           24 |
|   30 |      10 | Accept |      3.1402 |      6.7643 |      1.2119 |      1.2121 |      LSBoost |           20 |     0.032256 |            3 |           14 |           18 |
|   31 |      10 | Accept |      1.7806 |      24.817 |      1.2119 |      1.2121 |          Bag |           45 |            - |            2 |           48 |           31 |
|   32 |      10 | Accept |        1.44 |      14.974 |      1.2119 |      1.2121 |      LSBoost |           25 |      0.33539 |            1 |          881 |            9 |

__________________________________________________________
Optimization completed.
MaxObjectiveEvaluations of 30 reached.
Total function evaluations: 32
Total elapsed time: 223.2966 seconds.
Total objective function evaluation time: 1025.7404

Best observed feasible point:
    Method     NumLearningCycles    LearnRate    MinLeafSize    MaxNumSplits    NumVariablesToSample
    _______    _________________    _________    ___________    ____________    ____________________

    LSBoost           56             0.1044          11              83                  22         

Observed objective function value = 1.2119
Estimated objective function value = 1.2121
Function evaluation time = 23.1838

Best estimated feasible point (according to models):
    Method     NumLearningCycles    LearnRate    MinLeafSize    MaxNumSplits    NumVariablesToSample
    _______    _________________    _________    ___________    ____________    ____________________

    LSBoost           56             0.1044          11              83                  22         

Estimated objective function value = 1.2121
Estimated function evaluation time = 23.0013

Elapsed time is 235.327962 seconds.
Train the super learner model for regression
Copying objective function to workers...
Done copying objective function to workers.
|============================================================================================================================================================|
| Iter | Active  | Eval   | Objective:  | Objective   | BestSoFar   | BestSoFar   |        Sigma | BasisFunction| KernelFuncti-|  KernelScale |  Standardize |
|      | workers | result | log(1+loss) | runtime     | (observed)  | (estim.)    |              |              | on           |              |              |
|============================================================================================================================================================|
|    1 |      16 | Best   |      4.9443 |      1318.5 |      4.9443 |      4.9443 |      0.21761 |       linear |  exponential |   9.7113e+09 |         true |
|    2 |      16 | Best   |      3.3041 |      1566.7 |      3.3041 |      3.3693 |     0.012214 |     constant | rationalquad |   1.4494e+12 |         true |
|    3 |      16 | Error  |         NaN |      3114.5 |         NaN |      4.8791 |     0.044865 |     constant |  exponential |   5.4222e+12 |         true |
|    4 |      15 | Accept |      3.3077 |      3483.5 |       3.304 |      3.3041 |       14.327 |         none |     matern32 |   9.7721e+09 |        false |
|    5 |      15 | Best   |       3.304 |      1563.1 |       3.304 |      3.3041 |      0.63703 |     constant | rationalquad |   4.8223e+11 |         true |
|    6 |      16 | Accept |      6.5239 |      3801.8 |       3.304 |      3.3041 |      0.11752 |         none | rationalquad |   6.5498e+12 |        false |
|    7 |      16 | Accept |      3.3045 |      1141.5 |       3.304 |      3.3041 |       9.5148 |     constant | squaredexpon |   2.7829e+11 |         true |
|    8 |      16 | Best   |      1.4694 |      1231.8 |      1.4694 |      1.4697 |       19.082 |       linear |     matern32 |   7.1007e+12 |        false |
|    9 |      16 | Accept |       3.304 |      1916.2 |      1.4694 |      1.4697 |     0.025577 |     constant | rationalquad |   1.3235e+12 |         true |
|   10 |      16 | Accept |      3.3045 |      1190.5 |      1.4694 |      1.4696 |       11.028 |     constant |     matern32 |   2.2848e+10 |        false |
|   11 |      16 | Accept |      11.907 |      1148.1 |      1.4694 |      1.4698 |       1.0429 | pureQuadrati |     matern32 |   6.9867e+12 |        false |
|   12 |      16 | Accept |      3.9236 |      1298.1 |      1.4694 |      1.4697 |       36.617 |       linear |     matern52 |   6.0864e+12 |        false |
|   13 |      16 | Accept |       3.077 |      1229.2 |      1.4694 |      1.4697 |       41.453 |       linear |  exponential |   3.8676e+12 |        false |
|   14 |      16 | Accept |      3.3016 |      650.23 |      1.4694 |      1.4697 |       10.538 |         none |  exponential |   1.5308e+10 |        false |
|   15 |      16 | Accept |      5.7262 |      1253.9 |      1.4694 |      1.4697 |       16.654 |       linear |     matern32 |   6.4512e+12 |         true |
|   16 |      16 | Accept |      5.6138 |      8952.6 |      1.4694 |      1.4697 |       1.7982 |       linear | rationalquad |   2.9742e+11 |        false |
|   17 |      16 | Accept |      3.3039 |      1186.7 |      1.4694 |      1.4697 |       24.393 |     constant |  exponential |   2.1767e+10 |        false |
|   18 |      16 | Accept |      3.3043 |      6997.7 |      1.4694 |      1.4697 |      0.14465 |     constant |     matern52 |   3.1872e+11 |         true |
|   19 |      16 | Accept |      3.3039 |       13620 |      1.4694 |      1.4697 |     0.020325 |         none |     matern52 |   1.4752e+10 |         true |
|   20 |      16 | Accept |      20.043 |       13681 |      1.4694 |      1.4698 |   0.00025257 | pureQuadrati | squaredexpon |   1.3252e+11 |        false |

__________________________________________________________
Optimization completed.
MaxObjectiveEvaluations of 20 reached.
Total function evaluations: 20
Total elapsed time: 13865.4056 seconds.
Total objective function evaluation time: 70345.1494

Best observed feasible point:
    Sigma     BasisFunction    KernelFunction    KernelScale    Standardize
    ______    _____________    ______________    ___________    ___________

    19.082       linear           matern32       7.1007e+12        false   

Observed objective function value = 1.4694
Estimated objective function value = 1.4698
Function evaluation time = 1231.7758

Best estimated feasible point (according to models):
    Sigma     BasisFunction    KernelFunction    KernelScale    Standardize
    ______    _____________    ______________    ___________    ___________

    19.082       linear           matern32       7.1007e+12        false   

Estimated objective function value = 1.4698
Estimated function evaluation time = 2185.9033

[Warning: Explicit basis matrix in the GPR model is not of full column rank -
some basis coefficients are not identifiable. This could be because the
predictor matrix X is rank deficient or has a constant predictor.] 
[> In classreg.learning.impl/GPImpl/checkExplicitBasisRank (line 3132)
  In classreg.learning.impl/GPImpl/make (line 236)
  In RegressionGP (line 277)
  In classreg.learning/FitTemplate/fit (line 263)
  In RegressionGP.fit (line 308)
  In fitrgp (line 469)
  In classreg.learning.paramoptim.fitToFullDataset (line 7)
  In classreg.learning.paramoptim.fitoptimizing (line 40)
  In fitrgp (line 467)
  In fitrsuperOptimized (line 90)
  In utdNodesOptSolo2 (line 214)] 
Elapsed time is 13923.319469 seconds.
Train the super learner error model for regression
Copying objective function to workers...
Done copying objective function to workers.
|============================================================================================================================================================|
| Iter | Active  | Eval   | Objective:  | Objective   | BestSoFar   | BestSoFar   |        Sigma | BasisFunction| KernelFuncti-|  KernelScale |  Standardize |
|      | workers | result | log(1+loss) | runtime     | (observed)  | (estim.)    |              |              | on           |              |              |
|============================================================================================================================================================|
|    1 |      16 | Best   |      2.6438 |      996.39 |      2.6438 |      2.6438 |    0.0030886 |         none | squaredexpon |   5.8153e+11 |         true |
|    2 |      16 | Best   |      2.1884 |      1799.5 |      2.1884 |      2.2065 |      0.42124 |       linear |     matern52 |   2.4523e+10 |        false |
|    3 |      16 | Best   |       1.444 |      2427.7 |       1.444 |      1.4835 |     0.023738 |       linear |  exponential |    2.002e+11 |        false |
|    4 |      16 | Best   |     0.39099 |      3364.5 |     0.39099 |      1.5312 |     0.011236 |       linear | squaredexpon |   6.0812e+12 |         true |
|    5 |      16 | Accept |     0.47336 |      2911.4 |     0.39099 |     0.51669 |    0.0057062 |       linear |     matern52 |   1.6905e+10 |        false |
|    6 |      16 | Accept |      8.7059 |      2107.2 |     0.39099 |     0.39757 |       1.5055 |       linear | squaredexpon |   3.3681e+10 |         true |
|    7 |      16 | Best   |     0.12124 |        3211 |     0.12124 |     0.12154 |    0.0047324 |       linear |  exponential |   1.0764e+12 |        false |
|    8 |      16 | Accept |       8.297 |      7981.4 |     0.12124 |     0.12163 |       29.042 |       linear |  exponential |   6.4321e+11 |        false |
|    9 |      15 | Accept |      2.6437 |      8039.9 |     0.12124 |     0.12159 |       14.583 |         none |     matern52 |   6.5756e+11 |        false |
|   10 |      15 | Accept |     0.89303 |      1906.7 |     0.12124 |     0.12159 |       24.761 |       linear |     matern52 |    9.355e+09 |        false |
|   11 |      15 | Accept |      2.5577 |        3084 |     0.12124 |     0.16835 |     0.012019 |       linear | squaredexpon |   1.9497e+12 |         true |
|   12 |      15 | Accept |     0.24333 |      2220.6 |     0.12124 |     0.12158 |   0.00010753 |       linear |     matern52 |   8.1467e+09 |        false |
|   13 |      16 | Accept |     0.14997 |      2615.5 |     0.12124 |     0.12162 |   0.00066796 |       linear |  exponential |   2.5497e+11 |        false |
|   14 |      16 | Accept |      6.1654 |      3078.2 |     0.12124 |     0.29393 |   0.00026756 |       linear | squaredexpon |   7.1561e+12 |         true |
|   15 |      16 | Accept |      4.1724 |      3014.1 |     0.12124 |     0.36746 |   0.00012205 |       linear |  exponential |   1.5245e+12 |        false |
|   16 |      16 | Accept |     0.14855 |      2403.5 |     0.12124 |     0.38952 |   0.00014436 |         none |     matern52 |   7.6191e+09 |        false |
|   17 |      16 | Accept |     0.19283 |      2230.9 |     0.12124 |     0.12156 |    0.0024531 |       linear |  exponential |   1.6737e+11 |        false |
|   18 |      16 | Accept |     0.13862 |      2940.7 |     0.12124 |     0.12165 |   0.00072128 |       linear |     matern52 |   7.6466e+09 |        false |
|   19 |      16 | Accept |      1.5795 |      2648.9 |     0.12124 |     0.12164 |    0.0007504 |         none |     matern52 |   1.1733e+10 |        false |
|   20 |      16 | Best   |      0.1015 |      1990.1 |      0.1015 |     0.10171 |   0.00010038 |         none |     matern52 |   5.4507e+10 |        false |

__________________________________________________________
Optimization completed.
MaxObjectiveEvaluations of 20 reached.
Total function evaluations: 20
Total elapsed time: 17573.3933 seconds.
Total objective function evaluation time: 60972.1146

Best observed feasible point:
      Sigma       BasisFunction    KernelFunction    KernelScale    Standardize
    __________    _____________    ______________    ___________    ___________

    0.00010038        none            matern52       5.4507e+10        false   

Observed objective function value = 0.1015
Estimated objective function value = 0.10171
Function evaluation time = 1990.144

Best estimated feasible point (according to models):
      Sigma       BasisFunction    KernelFunction    KernelScale    Standardize
    __________    _____________    ______________    ___________    ___________

    0.00010038        none            matern52       5.4507e+10        false   

Estimated objective function value = 0.10171
Estimated function evaluation time = 2718.9605

Elapsed time is 17639.849177 seconds.
Elapsed time is 17639.895868 seconds.
Use the hyper-parameter optimized NN model for regression
Elapsed time is 0.355588 seconds.
Use the hyper-parameter optimized GPR model for regression
Elapsed time is 1.081884 seconds.
Use the hyper-parameter optimized Ensemble of Trees model for regression
Elapsed time is 0.343205 seconds.
Use the super learner model for regression
Elapsed time is 1.293940 seconds.
Use the error estimate to update the Super Learner Estimate
Elapsed time is 1.403499 seconds.
Use the hyper-parameter optimized NN model for regression
Elapsed time is 0.084974 seconds.
Use the hyper-parameter optimized GPR model for regression
Elapsed time is 0.181173 seconds.
Use the hyper-parameter optimized Ensemble of Trees model for regression
Elapsed time is 0.128531 seconds.
Use the super learner model for regression
Elapsed time is 0.219017 seconds.
Use the error estimate to update the Super Learner Estimate
Elapsed time is 0.223943 seconds.



combinedFigDaily = 

    "/home/lhw150030/mintsData/visualAnalysis/UTDNodes/001e06318cd1/UTD_Rsl_All_Daily_001e06318cd1_pm1_palas.png"


combinedFig = 

    "/home/lhw150030/mintsData/visualAnalysis/UTDNodes/001e06318cd1/UTD_Rsl_All_2020_11_17/UTD_Rsl_All_2020_11_17_001e06318cd1_pm1_palas.png"

    "Creating Folder @: '/home/lhw150030/mintsData/visualAnalysis/UTDNodes/001e06318cd1/UTD_Rsl_All_2020_11_17'"


plot3 = 

  Line with properties:

              Color: [0.9290 0.6940 0.1250]
          LineStyle: '-'
          LineWidth: 0.5000
             Marker: 'none'
         MarkerSize: 6
    MarkerFaceColor: 'none'
              XData: [1x6763 double]
              YData: [1x6763 double]
              ZData: [1x0 double]

  Use GET to show all properties


plot4 = 

  Line (fitted curve) with properties:

              Color: [1 0 0]
          LineStyle: '-'
          LineWidth: 0.5000
             Marker: 'none'
         MarkerSize: 6
    MarkerFaceColor: 'none'
              XData: [1x1001 double]
              YData: [1x1001 double]
              ZData: [1x0 double]

  Use GET to show all properties


plot6 = 

  Line (fitted curve) with properties:

              Color: [1 0 0]
          LineStyle: '-'
          LineWidth: 0.5000
             Marker: 'none'
         MarkerSize: 6
    MarkerFaceColor: 'none'
              XData: [1x1001 double]
              YData: [1x1001 double]
              ZData: [1x0 double]

  Use GET to show all properties


plot3 = 

  Line with properties:

              Color: [0.9290 0.6940 0.1250]
          LineStyle: '-'
          LineWidth: 0.5000
             Marker: 'none'
         MarkerSize: 6
    MarkerFaceColor: 'none'
              XData: [1x6763 double]
              YData: [1x6763 double]
              ZData: [1x0 double]

  Use GET to show all properties


plot4 = 

  Line (fitted curve) with properties:

              Color: [1 0 0]
          LineStyle: '-'
          LineWidth: 0.5000
             Marker: 'none'
         MarkerSize: 6
    MarkerFaceColor: 'none'
              XData: [1x1001 double]
              YData: [1x1001 double]
              ZData: [1x0 double]

  Use GET to show all properties


plot6 = 

  Line (fitted curve) with properties:

              Color: [1 0 0]
          LineStyle: '-'
          LineWidth: 0.5000
             Marker: 'none'
         MarkerSize: 6
    MarkerFaceColor: 'none'
              XData: [1x1001 double]
              YData: [1x1001 double]
              ZData: [1x0 double]

  Use GET to show all properties

    "Saving Model Files for Node: 001e06318cd1 & target :PM_{1}"


modelsSaveNameDaily = 

    "/home/lhw150030/mintsData/modelsMats/UTDNodes/001e06318cd1/daily_Mdl_001e06318cd1_pm1_palas.mat"


modelsSaveName = 

    "/home/lhw150030/mintsData/modelsMats/UTDNodes/001e06318cd1/UTD_Rsl_All_2020_11_17/UTD_Rsl_All_2020_11_17_001e06318cd1_pm1_palas.mat"


resultsSaveName = 

    "/home/lhw150030/mintsData/modelsMats/UTDNodes/001e06318cd1/daily_Mdl_001e06318cd1_pm1_palas.csv"

    "Creating Folder @: '/home/lhw150030/mintsData/modelsMats/UTDNodes/001e06318cd1/UTD_Rsl_All_2020_11_17'"






trainingSaveNameDaily = 

    "/home/lhw150030/mintsData/trainingMats/UTDNodes/001e06318cd1/UTD_Rsl_All_Daily_001e06318cd1_pm1_palas.mat"


trainingSaveName = 

    "/home/lhw150030/mintsData/trainingMats/UTDNodes/001e06318cd1/UTD_Rsl_All_2020_11_17/UTD_Rsl_All_2020_11_17_001e06318cd1_pm1_palas.mat"

    "Creating Folder @: '/home/lhw150030/mintsData/trainingMats/UTDNodes/001e06318cd1/UTD_Rsl_All_2020_11_17'"



    "Gainin Data set for Node 001e06318cd1 with target output pm2_5_palas @ 18-Nov-2020 03:28:19"

Going through column 1 and choosing a representative sample. Choosing 500 bins for this column. With 2 members per bin.
Going through column 2 and choosing a representative sample. Choosing 500 bins for this column. With 2 members per bin.
Going through column 3 and choosing a representative sample. Choosing 315 bins for this column. With 2 members per bin.
Going through column 4 and choosing a representative sample. Choosing 70 bins for this column. With 2 members per bin.
Going through column 5 and choosing a representative sample. Choosing 1 bins for this column. With 2 members per bin.
Going through column 6 and choosing a representative sample. Choosing 500 bins for this column. With 2 members per bin.
Going through column 7 and choosing a representative sample. Choosing 500 bins for this column. With 2 members per bin.
Going through column 8 and choosing a representative sample. Choosing 500 bins for this column. With 2 members per bin.
Going through column 9 and choosing a representative sample. Choosing 500 bins for this column. With 2 members per bin.
Going through column 10 and choosing a representative sample. Choosing 500 bins for this column. With 2 members per bin.
Going through column 11 and choosing a representative sample. Choosing 500 bins for this column. With 2 members per bin.
Going through column 12 and choosing a representative sample. Choosing 500 bins for this column. With 2 members per bin.
Going through column 13 and choosing a representative sample. Choosing 500 bins for this column. With 2 members per bin.
Going through column 14 and choosing a representative sample. Choosing 211 bins for this column. With 2 members per bin.
Going through column 15 and choosing a representative sample. Choosing 151 bins for this column. With 2 members per bin.
Going through column 16 and choosing a representative sample. Choosing 98 bins for this column. With 2 members per bin.
Going through column 17 and choosing a representative sample. Choosing 54 bins for this column. With 2 members per bin.
Going through column 18 and choosing a representative sample. Choosing 26 bins for this column. With 2 members per bin.
Going through column 19 and choosing a representative sample. Choosing 15 bins for this column. With 2 members per bin.
Going through column 20 and choosing a representative sample. Choosing 10 bins for this column. With 2 members per bin.
Going through column 21 and choosing a representative sample. Choosing 7 bins for this column. With 2 members per bin.
Going through column 22 and choosing a representative sample. Choosing 4 bins for this column. With 2 members per bin.
Going through column 23 and choosing a representative sample. Choosing 4 bins for this column. With 2 members per bin.
Going through column 24 and choosing a representative sample. Choosing 2 bins for this column. With 2 members per bin.
Going through column 25 and choosing a representative sample. Choosing 3 bins for this column. With 2 members per bin.
Going through column 26 and choosing a representative sample. Choosing 2 bins for this column. With 2 members per bin.
Going through column 27 and choosing a representative sample. Choosing 4 bins for this column. With 2 members per bin.
Going through column 28 and choosing a representative sample. Choosing 300 bins for this column. With 2 members per bin.
Going through column 29 and choosing a representative sample. Choosing 295 bins for this column. With 2 members per bin.
Going through column 30 and choosing a representative sample. Choosing 257 bins for this column. With 2 members per bin.
Going through column 31 and choosing a representative sample. Choosing 169 bins for this column. With 2 members per bin.
Going through column 32 and choosing a representative sample. Choosing 500 bins for this column. With 2 members per bin.
Going through column 33 and choosing a representative sample. Choosing 500 bins for this column. With 2 members per bin.
Going through column 34 and choosing a representative sample. Choosing 500 bins for this column. With 2 members per bin.
Going through column 35 and choosing a representative sample. Choosing 500 bins for this column. With 2 members per bin.
Going through column 36 and choosing a representative sample. Choosing 1000 bins for this column. With 4 members per bin.

ans =

        6681


ans =

        1179

    "Running Regression"

Train a hyper-parameter optimized NN model for regression
Copying objective function to workers...
Done copying objective function to workers.
|===============================================================================================================|
| Iter | Active  | Eval   | Objective   | Objective   | BestSoFar   | BestSoFar   | hiddenLayerS-|           lr |
|      | workers | result |             | runtime     | (observed)  | (estim.)    | ize          |              |
|===============================================================================================================|
|    1 |       9 | Accept |      41.017 |     0.86232 |      19.699 |      41.825 |           42 |    0.0019607 |
|    2 |       9 | Accept |      54.013 |     0.92875 |      19.699 |      41.825 |           93 |      0.42873 |
|    3 |       9 | Accept |      76.213 |       1.103 |      19.699 |      41.825 |           77 |    0.0043679 |
|    4 |       9 | Accept |      49.502 |     0.93509 |      19.699 |      41.825 |           46 |      0.75748 |
|    5 |       9 | Accept |      31.786 |     0.84973 |      19.699 |      41.825 |           33 |     0.022369 |
|    6 |       9 | Best   |      19.699 |      1.0053 |      19.699 |      41.825 |           40 |       0.1855 |
|    7 |       9 | Accept |      22.374 |      1.0162 |      19.699 |      41.825 |           99 |    0.0011826 |
|    8 |       9 | Accept |      102.21 |      1.0535 |      19.699 |      41.825 |           93 |      0.89942 |
|    9 |       5 | Best   |       11.48 |      2.9401 |       11.48 |      50.859 |            5 |     0.017716 |
|   10 |       5 | Accept |      52.468 |      2.6408 |       11.48 |      50.859 |           31 |      0.33034 |
|   11 |       5 | Accept |      151.84 |      2.9899 |       11.48 |      50.859 |           58 |     0.085975 |
|   12 |       5 | Accept |      20.074 |      1.9089 |       11.48 |      50.859 |           24 |    0.0014613 |
|   13 |       5 | Accept |      49.411 |      3.2062 |       11.48 |      50.859 |           23 |      0.15702 |
|   14 |       5 | Accept |      20.288 |      3.2061 |       11.48 |      50.859 |           49 |      0.11866 |
|   15 |       5 | Accept |       132.8 |      2.8262 |       11.48 |      50.859 |           31 |      0.13426 |
|   16 |       5 | Accept |      25.102 |      1.2367 |       11.48 |      50.859 |           79 |      0.27889 |
|   17 |       5 | Accept |      78.416 |     0.28252 |       11.48 |      50.859 |           77 |      0.73386 |
|   18 |       5 | Accept |       18.11 |     0.46382 |       11.48 |      50.859 |           94 |    0.0058883 |
|   19 |       5 | Accept |      18.099 |     0.29991 |       11.48 |      50.859 |           54 |      0.86326 |
|   20 |       5 | Accept |      42.288 |     0.44119 |       11.48 |      50.859 |          100 |      0.51401 |
|===============================================================================================================|
| Iter | Active  | Eval   | Objective   | Objective   | BestSoFar   | BestSoFar   | hiddenLayerS-|           lr |
|      | workers | result |             | runtime     | (observed)  | (estim.)    | ize          |              |
|===============================================================================================================|
|   21 |       9 | Accept |      89.234 |      1.0925 |       11.48 |      55.526 |          100 |     0.028931 |
|   22 |       9 | Accept |      67.519 |     0.90756 |       11.48 |      55.526 |           35 |    0.0024914 |
|   23 |       9 | Accept |      32.956 |     0.95575 |       11.48 |      55.526 |           37 |    0.0022549 |
|   24 |       9 | Accept |      25.996 |     0.70982 |       11.48 |      55.526 |           46 |      0.02217 |
|   25 |       9 | Accept |      25.061 |     0.39924 |       11.48 |      55.526 |           85 |     0.001035 |
|   26 |       9 | Accept |      47.445 |     0.44881 |       11.48 |      55.526 |           44 |     0.013374 |
|   27 |       9 | Accept |      99.127 |     0.50201 |       11.48 |      55.526 |          100 |      0.00642 |
|   28 |       9 | Accept |      150.21 |     0.42488 |       11.48 |      55.526 |           48 |     0.031613 |
|   29 |       5 | Accept |      13.434 |       1.571 |      7.5419 |      38.228 |            5 |    0.0010022 |
|   30 |       5 | Accept |      88.315 |      1.6037 |      7.5419 |      38.228 |           71 |    0.0012311 |
|   31 |       5 | Accept |      156.22 |      1.7498 |      7.5419 |      38.228 |           95 |     0.023348 |
|   32 |       5 | Accept |      14.259 |      1.1322 |      7.5419 |      38.228 |           19 |      0.19297 |
|   33 |       5 | Accept |      201.54 |     0.87185 |      7.5419 |      38.228 |           95 |      0.28308 |
|   34 |       5 | Accept |      17.273 |     0.82361 |      7.5419 |      38.228 |           41 |    0.0095615 |
|   35 |       5 | Accept |       50.28 |      2.0432 |      7.5419 |      38.228 |           21 |    0.0017364 |
|   36 |       5 | Accept |      16.991 |      1.9713 |      7.5419 |      38.228 |           75 |    0.0082748 |
|   37 |       5 | Best   |      7.5419 |     0.20561 |      7.5419 |      38.228 |           12 |     0.014485 |
|   38 |       5 | Accept |      17.634 |     0.30857 |      7.5419 |      38.228 |           18 |      0.42768 |
|   39 |       5 | Accept |      55.719 |     0.33985 |      7.5419 |      38.228 |           50 |    0.0040337 |
|   40 |       5 | Accept |      151.53 |     0.42451 |      7.5419 |      38.228 |           93 |      0.28118 |

__________________________________________________________
Optimization completed.
MaxObjectiveEvaluations of 30 reached.
Total function evaluations: 40
Total elapsed time: 13.8969 seconds.
Total objective function evaluation time: 48.6819

Best observed feasible point:
    hiddenLayerSize       lr   
    _______________    ________

          12           0.014485

Observed objective function value = 7.5419
Estimated objective function value = 38.2284
Function evaluation time = 0.20561

Best estimated feasible point (according to models):
    hiddenLayerSize       lr   
    _______________    ________

          12           0.014485

Estimated objective function value = 38.2284
Estimated function evaluation time = 0.80248


T =

  1x2 table

    hiddenLayerSize       lr   
    _______________    ________

          12           0.014485

Elapsed time is 40.751559 seconds.
Train a hyper-parameter optimized GPR model for regression
First Optimize all the GPR parameters
Copying objective function to workers...
Done copying objective function to workers.
|============================================================================================================================================================|
| Iter | Active  | Eval   | Objective:  | Objective   | BestSoFar   | BestSoFar   |        Sigma | BasisFunction| KernelFuncti-|  KernelScale |  Standardize |
|      | workers | result | log(1+loss) | runtime     | (observed)  | (estim.)    |              |              | on           |              |              |
|============================================================================================================================================================|
|    1 |      16 | Best   |      6.4699 |      1434.4 |      6.4699 |      6.4699 |       10.412 |       linear |  exponential |   1.8072e+11 |         true |
|    2 |      16 | Best   |      4.0484 |        1571 |      4.0484 |      4.1447 |    0.0021209 |     constant |     matern52 |   2.3274e+12 |         true |
|    3 |      16 | Best   |      3.3172 |      3124.1 |      3.3172 |      3.6532 |     0.030044 |         none |  exponential |   4.2754e+12 |         true |
|    4 |      16 | Accept |      4.0498 |      1569.8 |      3.3172 |      3.3173 |     0.052739 |     constant |     matern52 |   4.2821e+11 |         true |
|    5 |      16 | Accept |      4.0488 |        4694 |      3.3172 |      3.3173 |         5.05 |         none |     matern32 |   3.6582e+11 |        false |
|    6 |      16 | Accept |       24.93 |        4875 |      3.3172 |      3.3177 |       1.7883 | pureQuadrati | rationalquad |   1.1004e+10 |        false |
|    7 |      16 | Accept |      4.0484 |      5250.3 |      3.3172 |      3.3176 |       18.852 |         none |     matern32 |   1.7849e+12 |         true |
|    8 |      16 | Accept |      4.0489 |      1523.7 |      3.3172 |      3.3176 |     0.035136 |     constant |  exponential |   2.7926e+12 |         true |
|    9 |      16 | Accept |      5.7446 |        4467 |      3.3172 |      3.3175 |   0.00012606 |     constant | rationalquad |    2.333e+12 |        false |
|   10 |      16 | Accept |      4.0484 |      952.63 |      3.3172 |      3.3175 |       12.012 |         none |     matern52 |   1.3543e+11 |         true |
|   11 |      16 | Error  |         NaN |      3409.2 |      3.3172 |      3.3175 |     0.018985 |         none |  exponential |   3.7466e+12 |         true |
|   12 |      16 | Accept |      4.0489 |       903.4 |      3.3172 |      3.3175 |       4.0077 |         none |     matern52 |   2.9274e+11 |        false |
|   13 |      16 | Accept |      7.4925 |      8713.3 |      3.3172 |      3.3175 |   0.00021854 |       linear | squaredexpon |   3.4631e+10 |         true |
|   14 |      16 | Accept |      4.0489 |      1665.7 |      3.3172 |      3.3175 |   0.00018567 |     constant | rationalquad |   4.4944e+12 |         true |
|   15 |      16 | Accept |      4.1321 |      3061.1 |      3.3172 |      3.3175 |    0.0017245 |     constant |     matern52 |   7.1908e+12 |        false |
|   16 |      16 | Accept |      4.0484 |      3475.2 |      3.3172 |      3.3174 |      0.01668 |         none | rationalquad |   3.8166e+11 |         true |
|   17 |      16 | Accept |      13.327 |        4870 |      3.3172 |      3.3175 |      0.41689 |         none | rationalquad |   5.8046e+11 |        false |
|   18 |      16 | Accept |      5.2085 |      3395.5 |      3.3172 |      3.3175 |      0.12813 |     constant |     matern32 |   1.8635e+12 |        false |
|   19 |      16 | Accept |      4.0484 |      8559.4 |      3.3172 |      3.3175 |     0.034533 |     constant |     matern32 |    4.948e+12 |         true |
|   20 |      16 | Accept |      7.1722 |      1453.9 |      3.3172 |      3.3175 |       9.3303 |       linear |     matern52 |   2.5138e+11 |         true |
|============================================================================================================================================================|
| Iter | Active  | Eval   | Objective:  | Objective   | BestSoFar   | BestSoFar   |        Sigma | BasisFunction| KernelFuncti-|  KernelScale |  Standardize |
|      | workers | result | log(1+loss) | runtime     | (observed)  | (estim.)    |              |              | on           |              |              |
|============================================================================================================================================================|
|   21 |      16 | Error  |         NaN |       14700 |      3.3172 |      3.3175 |      0.03324 | pureQuadrati |     matern32 |   7.8405e+09 |        false |
|   22 |      16 | Accept |      4.1855 |      3186.5 |      3.3172 |      3.3175 |     0.038474 |     constant |  exponential |    1.783e+12 |        false |
|   23 |      16 | Accept |      4.0484 |      1873.4 |      3.3172 |      3.3174 |      0.61981 |         none | squaredexpon |   3.9652e+12 |         true |
|   24 |      16 | Accept |      6.2441 |      8468.2 |      3.3172 |      3.3174 |       22.337 |       linear |     matern32 |   1.2339e+12 |         true |
|   25 |      16 | Accept |      8.8251 |       17879 |      3.3172 |      3.3175 |      0.70039 |       linear |     matern32 |   4.8241e+10 |        false |
|   26 |      16 | Accept |       4.057 |       14720 |      3.3172 |      3.3175 |      0.07108 |         none |  exponential |   2.0619e+12 |        false |
|   27 |      16 | Accept |      7.2984 |      3498.3 |      3.3172 |      3.3175 |   0.00067044 |     constant | squaredexpon |   2.2675e+11 |        false |
|   28 |      16 | Accept |      4.0479 |      8501.9 |      3.3172 |      3.3174 |   0.00015297 |     constant | squaredexpon |   3.8204e+12 |         true |
|   29 |      16 | Accept |      12.466 |       22238 |      3.3172 |      3.3175 |       1.0287 |       linear |     matern52 |   6.5781e+11 |        false |
slurmstepd: error: *** JOB 173 ON compute-1-1-4 CANCELLED AT 2020-11-18T14:15:21 DUE TO TIME LIMIT ***
