Running calibration scripts for UTD Node: 11
Running on host: compute-1-1-39

                            < M A T L A B (R) >
                  Copyright 1984-2020 The MathWorks, Inc.
              R2020a Update 1 (9.8.0.1359463) 64-bit (glnxa64)
                               April 9, 2020

 
To get started, type doc.
For product information, visit www.mathworks.com.
 


    "---------------------MINTS---------------------"

22-Nov-2020 18:39:35

mintsDefinitions = 

  struct with fields:

                dataFolder: '/home/lhw150030/mintsData'
               poolWorkers: 16
                  timeSpan: 30
                  airmarID: '001e0610c0e4'
             binsPerColumn: 500
              numberPerBin: 2
                    pValid: 0.1500
                   nodeIDs: {1x16 cell}
               inputStack1: {1x9 cell}
         mintsInputsStack1: {1x35 cell}
    mintsInputLabelsStack1: {1x35 cell}
               inputStack2: {1x11 cell}
         mintsInputsStack2: {1x35 cell}
    mintsInputLabelsStack2: {1x35 cell}
               inputStack3: {1x10 cell}
         mintsInputsStack3: {1x38 cell}
    mintsInputLabelsStack3: {1x38 cell}
              mintsTargets: {1x10 cell}
         mintsTargetLabels: {1x10 cell}
                     units: {1x10 cell}
               instruments: {1x10 cell}

Starting parallel pool (parpool) using the 'local' profile ...
Connected to the parallel pool (number of workers: 16).

ans = 

 ProcessPool with properties: 

            Connected: true
           NumWorkers: 16
              Cluster: local
        AttachedFiles: {}
    AutoAddClientPath: true
          IdleTimeout: 30 minutes (30 minutes remaining)
          SpmdEnabled: true


airmarFolder = 

    "/home/lhw150030/mintsData/referenceMats/airmar"

UTD_Rsl_All_2020_11_22_18_40_03


UTD_Rsl_All_Daily


Super Learner All Inputs




    "Data Folder Located @:/home/lhw150030/mintsData"

    "Raw Data Located @: /home/lhw150030/mintsData"

    "Raw DotMat Data Located @ :/home/lhw150030/mintsData/rawMats"

    "UTD Nodes DotMat Data Located @ :/home/lhw150030/mintsData/rawMats/UTDNodes"

    "Reference Data Located @: /home/lhw150030/mintsData/reference"

    "Reference DotMat Data Located @ :/home/lhw150030/mintsData/referenceMats"

    "Palas Raw Data Located @ :/home/lhw150030/mintsData/reference/palasStream"

    "Palas DotMat Data Located @ :/home/lhw150030/mintsData/referenceMats/palas"

    "Car GPS Files Located @ :/home/lhw150030/mintsData/referenceMats/carMintsGPS"

    "Loading Palas Files"

    "Loading GPS Files"

    "Loading Airmar Files"

    "Aligning GPS data with Palas Data"

    "WSTC Palas Data"

    "Palas With Airmar"

    "Analysis"

    "Save merged data for calibration: 001e06305a6c"



    "Creating Training Data Sets for Node: 001e06305a6c"



    "Gainin Data set for Node 001e06305a6c with target output pm1_palas @ 22-Nov-2020 18:40:12"

Going through column 1 and choosing a representative sample. Choosing 500 bins for this column. With 2 members per bin.
Going through column 2 and choosing a representative sample. Choosing 500 bins for this column. With 2 members per bin.
Going through column 3 and choosing a representative sample. Choosing 287 bins for this column. With 2 members per bin.
Going through column 4 and choosing a representative sample. Choosing 33 bins for this column. With 2 members per bin.
Going through column 5 and choosing a representative sample. Choosing 1 bins for this column. With 2 members per bin.
Going through column 6 and choosing a representative sample. Choosing 500 bins for this column. With 2 members per bin.
Going through column 7 and choosing a representative sample. Choosing 500 bins for this column. With 2 members per bin.
Going through column 8 and choosing a representative sample. Choosing 500 bins for this column. With 2 members per bin.
Going through column 9 and choosing a representative sample. Choosing 500 bins for this column. With 2 members per bin.
Going through column 10 and choosing a representative sample. Choosing 500 bins for this column. With 2 members per bin.
Going through column 11 and choosing a representative sample. Choosing 500 bins for this column. With 2 members per bin.
Going through column 12 and choosing a representative sample. Choosing 500 bins for this column. With 2 members per bin.
Going through column 13 and choosing a representative sample. Choosing 500 bins for this column. With 2 members per bin.
Going through column 14 and choosing a representative sample. Choosing 242 bins for this column. With 2 members per bin.
Going through column 15 and choosing a representative sample. Choosing 152 bins for this column. With 2 members per bin.
Going through column 16 and choosing a representative sample. Choosing 96 bins for this column. With 2 members per bin.
Going through column 17 and choosing a representative sample. Choosing 44 bins for this column. With 2 members per bin.
Going through column 18 and choosing a representative sample. Choosing 28 bins for this column. With 2 members per bin.
Going through column 19 and choosing a representative sample. Choosing 20 bins for this column. With 2 members per bin.
Going through column 20 and choosing a representative sample. Choosing 12 bins for this column. With 2 members per bin.
Going through column 21 and choosing a representative sample. Choosing 11 bins for this column. With 2 members per bin.
Going through column 22 and choosing a representative sample. Choosing 7 bins for this column. With 2 members per bin.
Going through column 23 and choosing a representative sample. Choosing 7 bins for this column. With 2 members per bin.
Going through column 24 and choosing a representative sample. Choosing 4 bins for this column. With 2 members per bin.
Going through column 25 and choosing a representative sample. Choosing 3 bins for this column. With 2 members per bin.
Going through column 26 and choosing a representative sample. Choosing 2 bins for this column. With 2 members per bin.
Going through column 27 and choosing a representative sample. Choosing 3 bins for this column. With 2 members per bin.
Going through column 28 and choosing a representative sample. Choosing 130 bins for this column. With 2 members per bin.
Going through column 29 and choosing a representative sample. Choosing 199 bins for this column. With 2 members per bin.
Going through column 30 and choosing a representative sample. Choosing 199 bins for this column. With 2 members per bin.
Going through column 31 and choosing a representative sample. Choosing 149 bins for this column. With 2 members per bin.
Going through column 32 and choosing a representative sample. Choosing 500 bins for this column. With 2 members per bin.
Going through column 33 and choosing a representative sample. Choosing 500 bins for this column. With 2 members per bin.
Going through column 34 and choosing a representative sample. Choosing 500 bins for this column. With 2 members per bin.
Going through column 35 and choosing a representative sample. Choosing 500 bins for this column. With 2 members per bin.
Going through column 36 and choosing a representative sample. Choosing 1000 bins for this column. With 4 members per bin.

ans =

        7694


ans =

        1358

    "Running Regression"

Train a hyper-parameter optimized NN model for regression
The identifier was:
MATLAB:license:checkouterrorThere was an error! The message was:
License checkout failed.
License Manager Error -92
Verify that the HostID of the license file matches this machine, and that the HostID on the SERVER line matches the HostID of the license file.

Troubleshoot this issue by visiting: 
https://www.mathworks.com/support/lme/R2020a/92

Diagnostic Information:
Feature: Statistics_Toolbox 
License path: /home/lhw150030/.matlab/R2020a_licenses:/opt/ohpc/pub/unpackaged/apps/matlab/R2020a/licenses/license.dat:/opt/ohpc/pub/unpackaged/apps/matlab/R2020a/licenses/network.lic 
Licensing error: -92,147.

    "Gainin Data set for Node 001e06305a6c with target output pm2_5_palas @ 22-Nov-2020 18:40:34"

Going through column 1 and choosing a representative sample. Choosing 500 bins for this column. With 2 members per bin.
Going through column 2 and choosing a representative sample. Choosing 500 bins for this column. With 2 members per bin.
Going through column 3 and choosing a representative sample. Choosing 287 bins for this column. With 2 members per bin.
Going through column 4 and choosing a representative sample. Choosing 33 bins for this column. With 2 members per bin.
Going through column 5 and choosing a representative sample. Choosing 1 bins for this column. With 2 members per bin.
Going through column 6 and choosing a representative sample. Choosing 500 bins for this column. With 2 members per bin.
Going through column 7 and choosing a representative sample. Choosing 500 bins for this column. With 2 members per bin.
Going through column 8 and choosing a representative sample. Choosing 500 bins for this column. With 2 members per bin.
Going through column 9 and choosing a representative sample. Choosing 500 bins for this column. With 2 members per bin.
Going through column 10 and choosing a representative sample. Choosing 500 bins for this column. With 2 members per bin.
Going through column 11 and choosing a representative sample. Choosing 500 bins for this column. With 2 members per bin.
Going through column 12 and choosing a representative sample. Choosing 500 bins for this column. With 2 members per bin.
Going through column 13 and choosing a representative sample. Choosing 500 bins for this column. With 2 members per bin.
Going through column 14 and choosing a representative sample. Choosing 242 bins for this column. With 2 members per bin.
Going through column 15 and choosing a representative sample. Choosing 152 bins for this column. With 2 members per bin.
Going through column 16 and choosing a representative sample. Choosing 96 bins for this column. With 2 members per bin.
Going through column 17 and choosing a representative sample. Choosing 44 bins for this column. With 2 members per bin.
Going through column 18 and choosing a representative sample. Choosing 28 bins for this column. With 2 members per bin.
Going through column 19 and choosing a representative sample. Choosing 20 bins for this column. With 2 members per bin.
Going through column 20 and choosing a representative sample. Choosing 12 bins for this column. With 2 members per bin.
Going through column 21 and choosing a representative sample. Choosing 11 bins for this column. With 2 members per bin.
Going through column 22 and choosing a representative sample. Choosing 7 bins for this column. With 2 members per bin.
Going through column 23 and choosing a representative sample. Choosing 7 bins for this column. With 2 members per bin.
Going through column 24 and choosing a representative sample. Choosing 4 bins for this column. With 2 members per bin.
Going through column 25 and choosing a representative sample. Choosing 3 bins for this column. With 2 members per bin.
Going through column 26 and choosing a representative sample. Choosing 2 bins for this column. With 2 members per bin.
Going through column 27 and choosing a representative sample. Choosing 3 bins for this column. With 2 members per bin.
Going through column 28 and choosing a representative sample. Choosing 130 bins for this column. With 2 members per bin.
Going through column 29 and choosing a representative sample. Choosing 199 bins for this column. With 2 members per bin.
Going through column 30 and choosing a representative sample. Choosing 199 bins for this column. With 2 members per bin.
Going through column 31 and choosing a representative sample. Choosing 149 bins for this column. With 2 members per bin.
Going through column 32 and choosing a representative sample. Choosing 500 bins for this column. With 2 members per bin.
Going through column 33 and choosing a representative sample. Choosing 500 bins for this column. With 2 members per bin.
Going through column 34 and choosing a representative sample. Choosing 500 bins for this column. With 2 members per bin.
Going through column 35 and choosing a representative sample. Choosing 500 bins for this column. With 2 members per bin.
Going through column 36 and choosing a representative sample. Choosing 1000 bins for this column. With 4 members per bin.

ans =

        7524


ans =

        1328

    "Running Regression"

Train a hyper-parameter optimized NN model for regression
The identifier was:
MATLAB:license:checkouterrorThere was an error! The message was:
License checkout failed.
License Manager Error -92
Verify that the HostID of the license file matches this machine, and that the HostID on the SERVER line matches the HostID of the license file.

Troubleshoot this issue by visiting: 
https://www.mathworks.com/support/lme/R2020a/92

Diagnostic Information:
Feature: Statistics_Toolbox 
License path: /home/lhw150030/.matlab/R2020a_licenses:/opt/ohpc/pub/unpackaged/apps/matlab/R2020a/licenses/license.dat:/opt/ohpc/pub/unpackaged/apps/matlab/R2020a/licenses/network.lic 
Licensing error: -92,147.

    "Gainin Data set for Node 001e06305a6c with target output pm4_palas @ 22-Nov-2020 18:40:52"

Going through column 1 and choosing a representative sample. Choosing 500 bins for this column. With 2 members per bin.
Going through column 2 and choosing a representative sample. Choosing 500 bins for this column. With 2 members per bin.
Going through column 3 and choosing a representative sample. Choosing 287 bins for this column. With 2 members per bin.
Going through column 4 and choosing a representative sample. Choosing 33 bins for this column. With 2 members per bin.
Going through column 5 and choosing a representative sample. Choosing 1 bins for this column. With 2 members per bin.
Going through column 6 and choosing a representative sample. Choosing 500 bins for this column. With 2 members per bin.
Going through column 7 and choosing a representative sample. Choosing 500 bins for this column. With 2 members per bin.
Going through column 8 and choosing a representative sample. Choosing 500 bins for this column. With 2 members per bin.
Going through column 9 and choosing a representative sample. Choosing 500 bins for this column. With 2 members per bin.
Going through column 10 and choosing a representative sample. Choosing 500 bins for this column. With 2 members per bin.
Going through column 11 and choosing a representative sample. Choosing 500 bins for this column. With 2 members per bin.
Going through column 12 and choosing a representative sample. Choosing 500 bins for this column. With 2 members per bin.
Going through column 13 and choosing a representative sample. Choosing 500 bins for this column. With 2 members per bin.
Going through column 14 and choosing a representative sample. Choosing 242 bins for this column. With 2 members per bin.
Going through column 15 and choosing a representative sample. Choosing 152 bins for this column. With 2 members per bin.
Going through column 16 and choosing a representative sample. Choosing 96 bins for this column. With 2 members per bin.
Going through column 17 and choosing a representative sample. Choosing 44 bins for this column. With 2 members per bin.
Going through column 18 and choosing a representative sample. Choosing 28 bins for this column. With 2 members per bin.
Going through column 19 and choosing a representative sample. Choosing 20 bins for this column. With 2 members per bin.
Going through column 20 and choosing a representative sample. Choosing 12 bins for this column. With 2 members per bin.
Going through column 21 and choosing a representative sample. Choosing 11 bins for this column. With 2 members per bin.
Going through column 22 and choosing a representative sample. Choosing 7 bins for this column. With 2 members per bin.
Going through column 23 and choosing a representative sample. Choosing 7 bins for this column. With 2 members per bin.
Going through column 24 and choosing a representative sample. Choosing 4 bins for this column. With 2 members per bin.
Going through column 25 and choosing a representative sample. Choosing 3 bins for this column. With 2 members per bin.
Going through column 26 and choosing a representative sample. Choosing 2 bins for this column. With 2 members per bin.
Going through column 27 and choosing a representative sample. Choosing 3 bins for this column. With 2 members per bin.
Going through column 28 and choosing a representative sample. Choosing 130 bins for this column. With 2 members per bin.
Going through column 29 and choosing a representative sample. Choosing 199 bins for this column. With 2 members per bin.
Going through column 30 and choosing a representative sample. Choosing 199 bins for this column. With 2 members per bin.
Going through column 31 and choosing a representative sample. Choosing 149 bins for this column. With 2 members per bin.
Going through column 32 and choosing a representative sample. Choosing 500 bins for this column. With 2 members per bin.
Going through column 33 and choosing a representative sample. Choosing 500 bins for this column. With 2 members per bin.
Going through column 34 and choosing a representative sample. Choosing 500 bins for this column. With 2 members per bin.
Going through column 35 and choosing a representative sample. Choosing 500 bins for this column. With 2 members per bin.
Going through column 36 and choosing a representative sample. Choosing 1000 bins for this column. With 4 members per bin.

ans =

        7285


ans =

        1286

    "Running Regression"

Train a hyper-parameter optimized NN model for regression
The identifier was:
MATLAB:license:checkouterrorThere was an error! The message was:
License checkout failed.
License Manager Error -92
Verify that the HostID of the license file matches this machine, and that the HostID on the SERVER line matches the HostID of the license file.

Troubleshoot this issue by visiting: 
https://www.mathworks.com/support/lme/R2020a/92

Diagnostic Information:
Feature: Statistics_Toolbox 
License path: /home/lhw150030/.matlab/R2020a_licenses:/opt/ohpc/pub/unpackaged/apps/matlab/R2020a/licenses/license.dat:/opt/ohpc/pub/unpackaged/apps/matlab/R2020a/licenses/network.lic 
Licensing error: -92,147.

    "Gainin Data set for Node 001e06305a6c with target output pm10_palas @ 22-Nov-2020 18:41:10"

Going through column 1 and choosing a representative sample. Choosing 500 bins for this column. With 2 members per bin.
Going through column 2 and choosing a representative sample. Choosing 500 bins for this column. With 2 members per bin.
Going through column 3 and choosing a representative sample. Choosing 287 bins for this column. With 2 members per bin.
Going through column 4 and choosing a representative sample. Choosing 33 bins for this column. With 2 members per bin.
Going through column 5 and choosing a representative sample. Choosing 1 bins for this column. With 2 members per bin.
Going through column 6 and choosing a representative sample. Choosing 500 bins for this column. With 2 members per bin.
Going through column 7 and choosing a representative sample. Choosing 500 bins for this column. With 2 members per bin.
Going through column 8 and choosing a representative sample. Choosing 500 bins for this column. With 2 members per bin.
Going through column 9 and choosing a representative sample. Choosing 500 bins for this column. With 2 members per bin.
Going through column 10 and choosing a representative sample. Choosing 500 bins for this column. With 2 members per bin.
Going through column 11 and choosing a representative sample. Choosing 500 bins for this column. With 2 members per bin.
Going through column 12 and choosing a representative sample. Choosing 500 bins for this column. With 2 members per bin.
Going through column 13 and choosing a representative sample. Choosing 500 bins for this column. With 2 members per bin.
Going through column 14 and choosing a representative sample. Choosing 242 bins for this column. With 2 members per bin.
Going through column 15 and choosing a representative sample. Choosing 152 bins for this column. With 2 members per bin.
Going through column 16 and choosing a representative sample. Choosing 96 bins for this column. With 2 members per bin.
Going through column 17 and choosing a representative sample. Choosing 44 bins for this column. With 2 members per bin.
Going through column 18 and choosing a representative sample. Choosing 28 bins for this column. With 2 members per bin.
Going through column 19 and choosing a representative sample. Choosing 20 bins for this column. With 2 members per bin.
Going through column 20 and choosing a representative sample. Choosing 12 bins for this column. With 2 members per bin.
Going through column 21 and choosing a representative sample. Choosing 11 bins for this column. With 2 members per bin.
Going through column 22 and choosing a representative sample. Choosing 7 bins for this column. With 2 members per bin.
Going through column 23 and choosing a representative sample. Choosing 7 bins for this column. With 2 members per bin.
Going through column 24 and choosing a representative sample. Choosing 4 bins for this column. With 2 members per bin.
Going through column 25 and choosing a representative sample. Choosing 3 bins for this column. With 2 members per bin.
Going through column 26 and choosing a representative sample. Choosing 2 bins for this column. With 2 members per bin.
Going through column 27 and choosing a representative sample. Choosing 3 bins for this column. With 2 members per bin.
Going through column 28 and choosing a representative sample. Choosing 130 bins for this column. With 2 members per bin.
Going through column 29 and choosing a representative sample. Choosing 199 bins for this column. With 2 members per bin.
Going through column 30 and choosing a representative sample. Choosing 199 bins for this column. With 2 members per bin.
Going through column 31 and choosing a representative sample. Choosing 149 bins for this column. With 2 members per bin.
Going through column 32 and choosing a representative sample. Choosing 500 bins for this column. With 2 members per bin.
Going through column 33 and choosing a representative sample. Choosing 500 bins for this column. With 2 members per bin.
Going through column 34 and choosing a representative sample. Choosing 500 bins for this column. With 2 members per bin.
Going through column 35 and choosing a representative sample. Choosing 500 bins for this column. With 2 members per bin.
Going through column 36 and choosing a representative sample. Choosing 1000 bins for this column. With 4 members per bin.

ans =

        6430


ans =

        1135

    "Running Regression"

Train a hyper-parameter optimized NN model for regression
The identifier was:
MATLAB:license:checkouterrorThere was an error! The message was:
License checkout failed.
License Manager Error -92
Verify that the HostID of the license file matches this machine, and that the HostID on the SERVER line matches the HostID of the license file.

Troubleshoot this issue by visiting: 
https://www.mathworks.com/support/lme/R2020a/92

Diagnostic Information:
Feature: Statistics_Toolbox 
License path: /home/lhw150030/.matlab/R2020a_licenses:/opt/ohpc/pub/unpackaged/apps/matlab/R2020a/licenses/license.dat:/opt/ohpc/pub/unpackaged/apps/matlab/R2020a/licenses/network.lic 
Licensing error: -92,147.

    "Gainin Data set for Node 001e06305a6c with target output pmTotal_palas @ 22-Nov-2020 18:41:27"

Going through column 1 and choosing a representative sample. Choosing 500 bins for this column. With 2 members per bin.
Going through column 2 and choosing a representative sample. Choosing 500 bins for this column. With 2 members per bin.
Going through column 3 and choosing a representative sample. Choosing 287 bins for this column. With 2 members per bin.
Going through column 4 and choosing a representative sample. Choosing 33 bins for this column. With 2 members per bin.
Going through column 5 and choosing a representative sample. Choosing 1 bins for this column. With 2 members per bin.
Going through column 6 and choosing a representative sample. Choosing 500 bins for this column. With 2 members per bin.
Going through column 7 and choosing a representative sample. Choosing 500 bins for this column. With 2 members per bin.
Going through column 8 and choosing a representative sample. Choosing 500 bins for this column. With 2 members per bin.
Going through column 9 and choosing a representative sample. Choosing 500 bins for this column. With 2 members per bin.
Going through column 10 and choosing a representative sample. Choosing 500 bins for this column. With 2 members per bin.
Going through column 11 and choosing a representative sample. Choosing 500 bins for this column. With 2 members per bin.
Going through column 12 and choosing a representative sample. Choosing 500 bins for this column. With 2 members per bin.
Going through column 13 and choosing a representative sample. Choosing 500 bins for this column. With 2 members per bin.
Going through column 14 and choosing a representative sample. Choosing 242 bins for this column. With 2 members per bin.
Going through column 15 and choosing a representative sample. Choosing 152 bins for this column. With 2 members per bin.
Going through column 16 and choosing a representative sample. Choosing 96 bins for this column. With 2 members per bin.
Going through column 17 and choosing a representative sample. Choosing 44 bins for this column. With 2 members per bin.
Going through column 18 and choosing a representative sample. Choosing 28 bins for this column. With 2 members per bin.
Going through column 19 and choosing a representative sample. Choosing 20 bins for this column. With 2 members per bin.
Going through column 20 and choosing a representative sample. Choosing 12 bins for this column. With 2 members per bin.
Going through column 21 and choosing a representative sample. Choosing 11 bins for this column. With 2 members per bin.
Going through column 22 and choosing a representative sample. Choosing 7 bins for this column. With 2 members per bin.
Going through column 23 and choosing a representative sample. Choosing 7 bins for this column. With 2 members per bin.
Going through column 24 and choosing a representative sample. Choosing 4 bins for this column. With 2 members per bin.
Going through column 25 and choosing a representative sample. Choosing 3 bins for this column. With 2 members per bin.
Going through column 26 and choosing a representative sample. Choosing 2 bins for this column. With 2 members per bin.
Going through column 27 and choosing a representative sample. Choosing 3 bins for this column. With 2 members per bin.
Going through column 28 and choosing a representative sample. Choosing 130 bins for this column. With 2 members per bin.
Going through column 29 and choosing a representative sample. Choosing 199 bins for this column. With 2 members per bin.
Going through column 30 and choosing a representative sample. Choosing 199 bins for this column. With 2 members per bin.
Going through column 31 and choosing a representative sample. Choosing 149 bins for this column. With 2 members per bin.
Going through column 32 and choosing a representative sample. Choosing 500 bins for this column. With 2 members per bin.
Going through column 33 and choosing a representative sample. Choosing 500 bins for this column. With 2 members per bin.
Going through column 34 and choosing a representative sample. Choosing 500 bins for this column. With 2 members per bin.
Going through column 35 and choosing a representative sample. Choosing 500 bins for this column. With 2 members per bin.
Going through column 36 and choosing a representative sample. Choosing 1000 bins for this column. With 4 members per bin.

ans =

        6160


ans =

        1087

    "Running Regression"

Train a hyper-parameter optimized NN model for regression
The identifier was:
MATLAB:license:checkouterrorThere was an error! The message was:
License checkout failed.
License Manager Error -92
Verify that the HostID of the license file matches this machine, and that the HostID on the SERVER line matches the HostID of the license file.

Troubleshoot this issue by visiting: 
https://www.mathworks.com/support/lme/R2020a/92

Diagnostic Information:
Feature: Statistics_Toolbox 
License path: /home/lhw150030/.matlab/R2020a_licenses:/opt/ohpc/pub/unpackaged/apps/matlab/R2020a/licenses/license.dat:/opt/ohpc/pub/unpackaged/apps/matlab/R2020a/licenses/network.lic 
Licensing error: -92,147.

    "Gainin Data set for Node 001e06305a6c with target output dCn_palas @ 22-Nov-2020 18:41:45"

Going through column 1 and choosing a representative sample. Choosing 500 bins for this column. With 2 members per bin.
Going through column 2 and choosing a representative sample. Choosing 500 bins for this column. With 2 members per bin.
Going through column 3 and choosing a representative sample. Choosing 287 bins for this column. With 2 members per bin.
Going through column 4 and choosing a representative sample. Choosing 33 bins for this column. With 2 members per bin.
Going through column 5 and choosing a representative sample. Choosing 1 bins for this column. With 2 members per bin.
Going through column 6 and choosing a representative sample. Choosing 500 bins for this column. With 2 members per bin.
Going through column 7 and choosing a representative sample. Choosing 500 bins for this column. With 2 members per bin.
Going through column 8 and choosing a representative sample. Choosing 500 bins for this column. With 2 members per bin.
Going through column 9 and choosing a representative sample. Choosing 500 bins for this column. With 2 members per bin.
Going through column 10 and choosing a representative sample. Choosing 500 bins for this column. With 2 members per bin.
Going through column 11 and choosing a representative sample. Choosing 500 bins for this column. With 2 members per bin.
Going through column 12 and choosing a representative sample. Choosing 500 bins for this column. With 2 members per bin.
Going through column 13 and choosing a representative sample. Choosing 500 bins for this column. With 2 members per bin.
Going through column 14 and choosing a representative sample. Choosing 242 bins for this column. With 2 members per bin.
Going through column 15 and choosing a representative sample. Choosing 152 bins for this column. With 2 members per bin.
Going through column 16 and choosing a representative sample. Choosing 96 bins for this column. With 2 members per bin.
Going through column 17 and choosing a representative sample. Choosing 44 bins for this column. With 2 members per bin.
Going through column 18 and choosing a representative sample. Choosing 28 bins for this column. With 2 members per bin.
Going through column 19 and choosing a representative sample. Choosing 20 bins for this column. With 2 members per bin.
Going through column 20 and choosing a representative sample. Choosing 12 bins for this column. With 2 members per bin.
Going through column 21 and choosing a representative sample. Choosing 11 bins for this column. With 2 members per bin.
Going through column 22 and choosing a representative sample. Choosing 7 bins for this column. With 2 members per bin.
Going through column 23 and choosing a representative sample. Choosing 7 bins for this column. With 2 members per bin.
Going through column 24 and choosing a representative sample. Choosing 4 bins for this column. With 2 members per bin.
Going through column 25 and choosing a representative sample. Choosing 3 bins for this column. With 2 members per bin.
Going through column 26 and choosing a representative sample. Choosing 2 bins for this column. With 2 members per bin.
Going through column 27 and choosing a representative sample. Choosing 3 bins for this column. With 2 members per bin.
Going through column 28 and choosing a representative sample. Choosing 130 bins for this column. With 2 members per bin.
Going through column 29 and choosing a representative sample. Choosing 199 bins for this column. With 2 members per bin.
Going through column 30 and choosing a representative sample. Choosing 199 bins for this column. With 2 members per bin.
Going through column 31 and choosing a representative sample. Choosing 149 bins for this column. With 2 members per bin.
Going through column 32 and choosing a representative sample. Choosing 500 bins for this column. With 2 members per bin.
Going through column 33 and choosing a representative sample. Choosing 500 bins for this column. With 2 members per bin.
Going through column 34 and choosing a representative sample. Choosing 500 bins for this column. With 2 members per bin.
Going through column 35 and choosing a representative sample. Choosing 500 bins for this column. With 2 members per bin.
Going through column 36 and choosing a representative sample. Choosing 1000 bins for this column. With 4 members per bin.

ans =

        7490


ans =

        1322

    "Running Regression"

Train a hyper-parameter optimized NN model for regression
The identifier was:
MATLAB:license:checkouterrorThere was an error! The message was:
License checkout failed.
License Manager Error -92
Verify that the HostID of the license file matches this machine, and that the HostID on the SERVER line matches the HostID of the license file.

Troubleshoot this issue by visiting: 
https://www.mathworks.com/support/lme/R2020a/92

Diagnostic Information:
Feature: Statistics_Toolbox 
License path: /home/lhw150030/.matlab/R2020a_licenses:/opt/ohpc/pub/unpackaged/apps/matlab/R2020a/licenses/license.dat:/opt/ohpc/pub/unpackaged/apps/matlab/R2020a/licenses/network.lic 
Licensing error: -92,147.

    "Gainin Data set for Node 001e06305a6c with target output temperatureAirmar @ 22-Nov-2020 18:42:02"

Going through column 1 and choosing a representative sample. Choosing 500 bins for this column. With 2 members per bin.
Going through column 2 and choosing a representative sample. Choosing 500 bins for this column. With 2 members per bin.
Going through column 3 and choosing a representative sample. Choosing 287 bins for this column. With 2 members per bin.
Going through column 4 and choosing a representative sample. Choosing 33 bins for this column. With 2 members per bin.
Going through column 5 and choosing a representative sample. Choosing 1 bins for this column. With 2 members per bin.
Going through column 6 and choosing a representative sample. Choosing 500 bins for this column. With 2 members per bin.
Going through column 7 and choosing a representative sample. Choosing 500 bins for this column. With 2 members per bin.
Going through column 8 and choosing a representative sample. Choosing 500 bins for this column. With 2 members per bin.
Going through column 9 and choosing a representative sample. Choosing 500 bins for this column. With 2 members per bin.
Going through column 10 and choosing a representative sample. Choosing 500 bins for this column. With 2 members per bin.
Going through column 11 and choosing a representative sample. Choosing 500 bins for this column. With 2 members per bin.
Going through column 12 and choosing a representative sample. Choosing 500 bins for this column. With 2 members per bin.
Going through column 13 and choosing a representative sample. Choosing 500 bins for this column. With 2 members per bin.
Going through column 14 and choosing a representative sample. Choosing 242 bins for this column. With 2 members per bin.
Going through column 15 and choosing a representative sample. Choosing 152 bins for this column. With 2 members per bin.
Going through column 16 and choosing a representative sample. Choosing 96 bins for this column. With 2 members per bin.
Going through column 17 and choosing a representative sample. Choosing 44 bins for this column. With 2 members per bin.
Going through column 18 and choosing a representative sample. Choosing 28 bins for this column. With 2 members per bin.
Going through column 19 and choosing a representative sample. Choosing 20 bins for this column. With 2 members per bin.
Going through column 20 and choosing a representative sample. Choosing 12 bins for this column. With 2 members per bin.
Going through column 21 and choosing a representative sample. Choosing 11 bins for this column. With 2 members per bin.
Going through column 22 and choosing a representative sample. Choosing 7 bins for this column. With 2 members per bin.
Going through column 23 and choosing a representative sample. Choosing 7 bins for this column. With 2 members per bin.
Going through column 24 and choosing a representative sample. Choosing 4 bins for this column. With 2 members per bin.
Going through column 25 and choosing a representative sample. Choosing 3 bins for this column. With 2 members per bin.
Going through column 26 and choosing a representative sample. Choosing 2 bins for this column. With 2 members per bin.
Going through column 27 and choosing a representative sample. Choosing 3 bins for this column. With 2 members per bin.
Going through column 28 and choosing a representative sample. Choosing 130 bins for this column. With 2 members per bin.
Going through column 29 and choosing a representative sample. Choosing 199 bins for this column. With 2 members per bin.
Going through column 30 and choosing a representative sample. Choosing 199 bins for this column. With 2 members per bin.
Going through column 31 and choosing a representative sample. Choosing 149 bins for this column. With 2 members per bin.
Going through column 32 and choosing a representative sample. Choosing 500 bins for this column. With 2 members per bin.
Going through column 33 and choosing a representative sample. Choosing 500 bins for this column. With 2 members per bin.
Going through column 34 and choosing a representative sample. Choosing 500 bins for this column. With 2 members per bin.
Going through column 35 and choosing a representative sample. Choosing 500 bins for this column. With 2 members per bin.
Going through column 36 and choosing a representative sample. Choosing 1000 bins for this column. With 4 members per bin.

ans =

        7958


ans =

        1404

    "Running Regression"

Train a hyper-parameter optimized NN model for regression
The identifier was:
MATLAB:license:checkouterrorThere was an error! The message was:
License checkout failed.
License Manager Error -92
Verify that the HostID of the license file matches this machine, and that the HostID on the SERVER line matches the HostID of the license file.

Troubleshoot this issue by visiting: 
https://www.mathworks.com/support/lme/R2020a/92

Diagnostic Information:
Feature: Statistics_Toolbox 
License path: /home/lhw150030/.matlab/R2020a_licenses:/opt/ohpc/pub/unpackaged/apps/matlab/R2020a/licenses/license.dat:/opt/ohpc/pub/unpackaged/apps/matlab/R2020a/licenses/network.lic 
Licensing error: -92,147.

    "Gainin Data set for Node 001e06305a6c with target output humidityAirmar @ 22-Nov-2020 18:42:20"

Going through column 1 and choosing a representative sample. Choosing 500 bins for this column. With 2 members per bin.
Going through column 2 and choosing a representative sample. Choosing 500 bins for this column. With 2 members per bin.
Going through column 3 and choosing a representative sample. Choosing 287 bins for this column. With 2 members per bin.
Going through column 4 and choosing a representative sample. Choosing 33 bins for this column. With 2 members per bin.
Going through column 5 and choosing a representative sample. Choosing 1 bins for this column. With 2 members per bin.
Going through column 6 and choosing a representative sample. Choosing 500 bins for this column. With 2 members per bin.
Going through column 7 and choosing a representative sample. Choosing 500 bins for this column. With 2 members per bin.
Going through column 8 and choosing a representative sample. Choosing 500 bins for this column. With 2 members per bin.
Going through column 9 and choosing a representative sample. Choosing 500 bins for this column. With 2 members per bin.
Going through column 10 and choosing a representative sample. Choosing 500 bins for this column. With 2 members per bin.
Going through column 11 and choosing a representative sample. Choosing 500 bins for this column. With 2 members per bin.
Going through column 12 and choosing a representative sample. Choosing 500 bins for this column. With 2 members per bin.
Going through column 13 and choosing a representative sample. Choosing 500 bins for this column. With 2 members per bin.
Going through column 14 and choosing a representative sample. Choosing 242 bins for this column. With 2 members per bin.
Going through column 15 and choosing a representative sample. Choosing 152 bins for this column. With 2 members per bin.
Going through column 16 and choosing a representative sample. Choosing 96 bins for this column. With 2 members per bin.
Going through column 17 and choosing a representative sample. Choosing 44 bins for this column. With 2 members per bin.
Going through column 18 and choosing a representative sample. Choosing 28 bins for this column. With 2 members per bin.
Going through column 19 and choosing a representative sample. Choosing 20 bins for this column. With 2 members per bin.
Going through column 20 and choosing a representative sample. Choosing 12 bins for this column. With 2 members per bin.
Going through column 21 and choosing a representative sample. Choosing 11 bins for this column. With 2 members per bin.
Going through column 22 and choosing a representative sample. Choosing 7 bins for this column. With 2 members per bin.
Going through column 23 and choosing a representative sample. Choosing 7 bins for this column. With 2 members per bin.
Going through column 24 and choosing a representative sample. Choosing 4 bins for this column. With 2 members per bin.
Going through column 25 and choosing a representative sample. Choosing 3 bins for this column. With 2 members per bin.
Going through column 26 and choosing a representative sample. Choosing 2 bins for this column. With 2 members per bin.
Going through column 27 and choosing a representative sample. Choosing 3 bins for this column. With 2 members per bin.
Going through column 28 and choosing a representative sample. Choosing 130 bins for this column. With 2 members per bin.
Going through column 29 and choosing a representative sample. Choosing 199 bins for this column. With 2 members per bin.
Going through column 30 and choosing a representative sample. Choosing 199 bins for this column. With 2 members per bin.
Going through column 31 and choosing a representative sample. Choosing 149 bins for this column. With 2 members per bin.
Going through column 32 and choosing a representative sample. Choosing 500 bins for this column. With 2 members per bin.
Going through column 33 and choosing a representative sample. Choosing 500 bins for this column. With 2 members per bin.
Going through column 34 and choosing a representative sample. Choosing 500 bins for this column. With 2 members per bin.
Going through column 35 and choosing a representative sample. Choosing 500 bins for this column. With 2 members per bin.
Going through column 36 and choosing a representative sample. Choosing 1000 bins for this column. With 4 members per bin.

ans =

        8227


ans =

        1452

    "Running Regression"

Train a hyper-parameter optimized NN model for regression
The identifier was:
MATLAB:license:checkouterrorThere was an error! The message was:
License checkout failed.
License Manager Error -97
License Manager cannot start. 
Check that the ports specified in the license file are not already in use. 
Restarting your machine may clear the ports.

Troubleshoot this issue by visiting: 
https://www.mathworks.com/support/lme/R2020a/97

Diagnostic Information:
Feature: Statistics_Toolbox 
License path: /home/lhw150030/.matlab/R2020a_licenses:/opt/ohpc/pub/unpackaged/apps/matlab/R2020a/licenses/license.dat:/opt/ohpc/pub/unpackaged/apps/matlab/R2020a/licenses/network.lic 
Licensing error: -97,121.

    "Gainin Data set for Node 001e06305a6c with target output dewPointAirmar @ 22-Nov-2020 18:42:37"

Going through column 1 and choosing a representative sample. Choosing 500 bins for this column. With 2 members per bin.
Going through column 2 and choosing a representative sample. Choosing 500 bins for this column. With 2 members per bin.
Going through column 3 and choosing a representative sample. Choosing 287 bins for this column. With 2 members per bin.
Going through column 4 and choosing a representative sample. Choosing 33 bins for this column. With 2 members per bin.
Going through column 5 and choosing a representative sample. Choosing 1 bins for this column. With 2 members per bin.
Going through column 6 and choosing a representative sample. Choosing 500 bins for this column. With 2 members per bin.
Going through column 7 and choosing a representative sample. Choosing 500 bins for this column. With 2 members per bin.
Going through column 8 and choosing a representative sample. Choosing 500 bins for this column. With 2 members per bin.
Going through column 9 and choosing a representative sample. Choosing 500 bins for this column. With 2 members per bin.
Going through column 10 and choosing a representative sample. Choosing 500 bins for this column. With 2 members per bin.
Going through column 11 and choosing a representative sample. Choosing 500 bins for this column. With 2 members per bin.
Going through column 12 and choosing a representative sample. Choosing 500 bins for this column. With 2 members per bin.
Going through column 13 and choosing a representative sample. Choosing 500 bins for this column. With 2 members per bin.
Going through column 14 and choosing a representative sample. Choosing 242 bins for this column. With 2 members per bin.
Going through column 15 and choosing a representative sample. Choosing 152 bins for this column. With 2 members per bin.
Going through column 16 and choosing a representative sample. Choosing 96 bins for this column. With 2 members per bin.
Going through column 17 and choosing a representative sample. Choosing 44 bins for this column. With 2 members per bin.
Going through column 18 and choosing a representative sample. Choosing 28 bins for this column. With 2 members per bin.
Going through column 19 and choosing a representative sample. Choosing 20 bins for this column. With 2 members per bin.
Going through column 20 and choosing a representative sample. Choosing 12 bins for this column. With 2 members per bin.
Going through column 21 and choosing a representative sample. Choosing 11 bins for this column. With 2 members per bin.
Going through column 22 and choosing a representative sample. Choosing 7 bins for this column. With 2 members per bin.
Going through column 23 and choosing a representative sample. Choosing 7 bins for this column. With 2 members per bin.
Going through column 24 and choosing a representative sample. Choosing 4 bins for this column. With 2 members per bin.
Going through column 25 and choosing a representative sample. Choosing 3 bins for this column. With 2 members per bin.
Going through column 26 and choosing a representative sample. Choosing 2 bins for this column. With 2 members per bin.
Going through column 27 and choosing a representative sample. Choosing 3 bins for this column. With 2 members per bin.
Going through column 28 and choosing a representative sample. Choosing 130 bins for this column. With 2 members per bin.
Going through column 29 and choosing a representative sample. Choosing 199 bins for this column. With 2 members per bin.
Going through column 30 and choosing a representative sample. Choosing 199 bins for this column. With 2 members per bin.
Going through column 31 and choosing a representative sample. Choosing 149 bins for this column. With 2 members per bin.
Going through column 32 and choosing a representative sample. Choosing 500 bins for this column. With 2 members per bin.
Going through column 33 and choosing a representative sample. Choosing 500 bins for this column. With 2 members per bin.
Going through column 34 and choosing a representative sample. Choosing 500 bins for this column. With 2 members per bin.
Going through column 35 and choosing a representative sample. Choosing 500 bins for this column. With 2 members per bin.
Going through column 36 and choosing a representative sample. Choosing 1000 bins for this column. With 4 members per bin.

ans =

        8166


ans =

        1441

    "Running Regression"

Train a hyper-parameter optimized NN model for regression
The identifier was:
MATLAB:license:checkouterrorThere was an error! The message was:
License checkout failed.
License Manager Error -97
License Manager cannot start. 
Check that the ports specified in the license file are not already in use. 
Restarting your machine may clear the ports.

Troubleshoot this issue by visiting: 
https://www.mathworks.com/support/lme/R2020a/97

Diagnostic Information:
Feature: Statistics_Toolbox 
License path: /home/lhw150030/.matlab/R2020a_licenses:/opt/ohpc/pub/unpackaged/apps/matlab/R2020a/licenses/license.dat:/opt/ohpc/pub/unpackaged/apps/matlab/R2020a/licenses/network.lic 
Licensing error: -97,121.

    "Gainin Data set for Node 001e06305a6c with target output pressureAirmar @ 22-Nov-2020 18:42:55"

Going through column 1 and choosing a representative sample. Choosing 500 bins for this column. With 2 members per bin.
Going through column 2 and choosing a representative sample. Choosing 500 bins for this column. With 2 members per bin.
Going through column 3 and choosing a representative sample. Choosing 287 bins for this column. With 2 members per bin.
Going through column 4 and choosing a representative sample. Choosing 33 bins for this column. With 2 members per bin.
Going through column 5 and choosing a representative sample. Choosing 1 bins for this column. With 2 members per bin.
Going through column 6 and choosing a representative sample. Choosing 500 bins for this column. With 2 members per bin.
Going through column 7 and choosing a representative sample. Choosing 500 bins for this column. With 2 members per bin.
Going through column 8 and choosing a representative sample. Choosing 500 bins for this column. With 2 members per bin.
Going through column 9 and choosing a representative sample. Choosing 500 bins for this column. With 2 members per bin.
Going through column 10 and choosing a representative sample. Choosing 500 bins for this column. With 2 members per bin.
Going through column 11 and choosing a representative sample. Choosing 500 bins for this column. With 2 members per bin.
Going through column 12 and choosing a representative sample. Choosing 500 bins for this column. With 2 members per bin.
Going through column 13 and choosing a representative sample. Choosing 500 bins for this column. With 2 members per bin.
Going through column 14 and choosing a representative sample. Choosing 242 bins for this column. With 2 members per bin.
Going through column 15 and choosing a representative sample. Choosing 152 bins for this column. With 2 members per bin.
Going through column 16 and choosing a representative sample. Choosing 96 bins for this column. With 2 members per bin.
Going through column 17 and choosing a representative sample. Choosing 44 bins for this column. With 2 members per bin.
Going through column 18 and choosing a representative sample. Choosing 28 bins for this column. With 2 members per bin.
Going through column 19 and choosing a representative sample. Choosing 20 bins for this column. With 2 members per bin.
Going through column 20 and choosing a representative sample. Choosing 12 bins for this column. With 2 members per bin.
Going through column 21 and choosing a representative sample. Choosing 11 bins for this column. With 2 members per bin.
Going through column 22 and choosing a representative sample. Choosing 7 bins for this column. With 2 members per bin.
Going through column 23 and choosing a representative sample. Choosing 7 bins for this column. With 2 members per bin.
Going through column 24 and choosing a representative sample. Choosing 4 bins for this column. With 2 members per bin.
Going through column 25 and choosing a representative sample. Choosing 3 bins for this column. With 2 members per bin.
Going through column 26 and choosing a representative sample. Choosing 2 bins for this column. With 2 members per bin.
Going through column 27 and choosing a representative sample. Choosing 3 bins for this column. With 2 members per bin.
Going through column 28 and choosing a representative sample. Choosing 130 bins for this column. With 2 members per bin.
Going through column 29 and choosing a representative sample. Choosing 199 bins for this column. With 2 members per bin.
Going through column 30 and choosing a representative sample. Choosing 199 bins for this column. With 2 members per bin.
Going through column 31 and choosing a representative sample. Choosing 149 bins for this column. With 2 members per bin.
Going through column 32 and choosing a representative sample. Choosing 500 bins for this column. With 2 members per bin.
Going through column 33 and choosing a representative sample. Choosing 500 bins for this column. With 2 members per bin.
Going through column 34 and choosing a representative sample. Choosing 500 bins for this column. With 2 members per bin.
Going through column 35 and choosing a representative sample. Choosing 500 bins for this column. With 2 members per bin.
Going through column 36 and choosing a representative sample. Choosing 1000 bins for this column. With 4 members per bin.

ans =

        8116


ans =

        1432

    "Running Regression"

Train a hyper-parameter optimized NN model for regression
The identifier was:
MATLAB:license:checkouterrorThere was an error! The message was:
License checkout failed.
License Manager Error -97
License Manager cannot start. 
Check that the ports specified in the license file are not already in use. 
Restarting your machine may clear the ports.

Troubleshoot this issue by visiting: 
https://www.mathworks.com/support/lme/R2020a/97

Diagnostic Information:
Feature: Statistics_Toolbox 
License path: /home/lhw150030/.matlab/R2020a_licenses:/opt/ohpc/pub/unpackaged/apps/matlab/R2020a/licenses/license.dat:/opt/ohpc/pub/unpackaged/apps/matlab/R2020a/licenses/network.lic 
Licensing error: -97,121.

Parallel pool using the 'local' profile is shutting down.
