Running calibration scripts for UTD Node: 6
Running on host: compute-1-1-21

                            < M A T L A B (R) >
                  Copyright 1984-2020 The MathWorks, Inc.
              R2020a Update 1 (9.8.0.1359463) 64-bit (glnxa64)
                               April 9, 2020

 
To get started, type doc.
For product information, visit www.mathworks.com.
 


    "---------------------MINTS---------------------"

30-Dec-2020 11:24:36

mintsDefinitions = 

  struct with fields:

                dataFolder: '/home/lhw150030/mintsData'
               poolWorkers: 16
                  timeSpan: 30
                  airmarID: '001e0610c0e4'
             binsPerColumn: 500
              numberPerBin: 2
                    pValid: 0.1500
                   nodeIDs: {1x16 cell}
               inputStack1: {1x9 cell}
         mintsInputsStack1: {1x35 cell}
    mintsInputLabelsStack1: {1x35 cell}
               inputStack2: {1x11 cell}
         mintsInputsStack2: {1x35 cell}
    mintsInputLabelsStack2: {1x35 cell}
               inputStack3: {1x10 cell}
         mintsInputsStack3: {1x38 cell}
    mintsInputLabelsStack3: {1x38 cell}
              mintsTargets: {1x10 cell}
         mintsTargetLabels: {1x10 cell}
                     units: {1x10 cell}
               instruments: {1x10 cell}

Starting parallel pool (parpool) using the 'local' profile ...
Connected to the parallel pool (number of workers: 16).

ans = 

 ProcessPool with properties: 

            Connected: true
           NumWorkers: 16
              Cluster: local
        AttachedFiles: {}
    AutoAddClientPath: true
          IdleTimeout: 30 minutes (30 minutes remaining)
          SpmdEnabled: true


airmarFolder = 

    "/home/lhw150030/mintsData/referenceMats/airmar"

UTD_Rsl_All_2020_12_30_11_25_01


UTD_Rsl_All_Daily


Super Learner All Inputs




    "Data Folder Located @:/home/lhw150030/mintsData"

    "Raw Data Located @: /home/lhw150030/mintsData"

    "Raw DotMat Data Located @ :/home/lhw150030/mintsData/rawMats"

    "UTD Nodes DotMat Data Located @ :/home/lhw150030/mintsData/rawMats/UTDNodes"

    "Reference Data Located @: /home/lhw150030/mintsData/reference"

    "Reference DotMat Data Located @ :/home/lhw150030/mintsData/referenceMats"

    "Palas Raw Data Located @ :/home/lhw150030/mintsData/reference/palasStream"

    "Palas DotMat Data Located @ :/home/lhw150030/mintsData/referenceMats/palas"

    "Car GPS Files Located @ :/home/lhw150030/mintsData/referenceMats/carMintsGPS"

    "Loading Palas Files"

    "Loading GPS Files"

    "Loading Airmar Files"

    "Aligning GPS data with Palas Data"

    "WSTC Palas Data"

    "Palas With Airmar"

    "Analysis"

    "Save merged data for calibration: 001e06305a57"



    "Creating Training Data Sets for Node: 001e06305a57"



    "Gainin Data set for Node 001e06305a57 with target output pm1_palas @ 30-Dec-2020 11:25:14"

Going through column 1 and choosing a representative sample. Choosing 500 bins for this column. With 2 members per bin.
Going through column 2 and choosing a representative sample. Choosing 500 bins for this column. With 2 members per bin.
Going through column 3 and choosing a representative sample. Choosing 325 bins for this column. With 2 members per bin.
Going through column 4 and choosing a representative sample. Choosing 74 bins for this column. With 2 members per bin.
Going through column 5 and choosing a representative sample. Choosing 1 bins for this column. With 2 members per bin.
Going through column 6 and choosing a representative sample. Choosing 500 bins for this column. With 2 members per bin.
Going through column 7 and choosing a representative sample. Choosing 500 bins for this column. With 2 members per bin.
Going through column 8 and choosing a representative sample. Choosing 500 bins for this column. With 2 members per bin.
Going through column 9 and choosing a representative sample. Choosing 500 bins for this column. With 2 members per bin.
Going through column 10 and choosing a representative sample. Choosing 500 bins for this column. With 2 members per bin.
Going through column 11 and choosing a representative sample. Choosing 500 bins for this column. With 2 members per bin.
Going through column 12 and choosing a representative sample. Choosing 500 bins for this column. With 2 members per bin.
Going through column 13 and choosing a representative sample. Choosing 500 bins for this column. With 2 members per bin.
Going through column 14 and choosing a representative sample. Choosing 95 bins for this column. With 2 members per bin.
Going through column 15 and choosing a representative sample. Choosing 62 bins for this column. With 2 members per bin.
Going through column 16 and choosing a representative sample. Choosing 24 bins for this column. With 2 members per bin.
Going through column 17 and choosing a representative sample. Choosing 12 bins for this column. With 2 members per bin.
Going through column 18 and choosing a representative sample. Choosing 10 bins for this column. With 2 members per bin.
Going through column 19 and choosing a representative sample. Choosing 9 bins for this column. With 2 members per bin.
Going through column 20 and choosing a representative sample. Choosing 6 bins for this column. With 2 members per bin.
Going through column 21 and choosing a representative sample. Choosing 5 bins for this column. With 2 members per bin.
Going through column 22 and choosing a representative sample. Choosing 4 bins for this column. With 2 members per bin.
Going through column 23 and choosing a representative sample. Choosing 4 bins for this column. With 2 members per bin.
Going through column 24 and choosing a representative sample. Choosing 3 bins for this column. With 2 members per bin.
Going through column 25 and choosing a representative sample. Choosing 2 bins for this column. With 2 members per bin.
Going through column 26 and choosing a representative sample. Choosing 2 bins for this column. With 2 members per bin.
Going through column 27 and choosing a representative sample. Choosing 2 bins for this column. With 2 members per bin.
Going through column 28 and choosing a representative sample. Choosing 228 bins for this column. With 2 members per bin.
Going through column 29 and choosing a representative sample. Choosing 300 bins for this column. With 2 members per bin.
Going through column 30 and choosing a representative sample. Choosing 258 bins for this column. With 2 members per bin.
Going through column 31 and choosing a representative sample. Choosing 151 bins for this column. With 2 members per bin.
Going through column 32 and choosing a representative sample. Choosing 2 bins for this column. With 2 members per bin.
Going through column 33 and choosing a representative sample. Choosing 500 bins for this column. With 2 members per bin.
Going through column 34 and choosing a representative sample. Choosing 500 bins for this column. With 2 members per bin.
Going through column 35 and choosing a representative sample. Choosing 500 bins for this column. With 2 members per bin.
Going through column 36 and choosing a representative sample. Choosing 1000 bins for this column. With 4 members per bin.

ans =

        8911


ans =

        1572

    "Running Regression"

Train a hyper-parameter optimized NN model for regression
Copying objective function to workers...
Done copying objective function to workers.
|===============================================================================================================|
| Iter | Active  | Eval   | Objective   | Objective   | BestSoFar   | BestSoFar   | hiddenLayerS-|           lr |
|      | workers | result |             | runtime     | (observed)  | (estim.)    | ize          |              |
|===============================================================================================================|
|    1 |       1 | Accept |      53.053 |      2.8382 |      12.329 |      12.333 |           45 |      0.12727 |
|    2 |       1 | Accept |      16.546 |      2.8408 |      12.329 |      12.333 |           53 |    0.0015432 |
|    3 |       1 | Accept |      17.304 |      2.9484 |      12.329 |      12.333 |           81 |     0.015658 |
|    4 |       1 | Accept |      16.916 |       2.781 |      12.329 |      12.333 |           12 |     0.012584 |
|    5 |       1 | Accept |       39.83 |      2.7628 |      12.329 |      12.333 |           15 |      0.52977 |
|    6 |       1 | Accept |      96.984 |       2.823 |      12.329 |      12.333 |           77 |      0.80227 |
|    7 |       1 | Accept |      95.719 |      2.8331 |      12.329 |      12.333 |           86 |     0.014553 |
|    8 |       1 | Accept |      34.317 |      2.8256 |      12.329 |      12.333 |           80 |     0.019633 |
|    9 |       1 | Accept |      22.911 |       2.764 |      12.329 |      12.333 |           73 |      0.14986 |
|   10 |       1 | Accept |      12.482 |      2.8267 |      12.329 |      12.333 |           73 |    0.0011779 |
|   11 |       1 | Accept |      94.984 |      2.7897 |      12.329 |      12.333 |           91 |    0.0034541 |
|   12 |       1 | Accept |      23.426 |      2.7109 |      12.329 |      12.333 |           26 |      0.11366 |
|   13 |       1 | Best   |      12.329 |      2.8285 |      12.329 |      12.333 |           43 |     0.010833 |
|   14 |       1 | Accept |      16.054 |      2.7124 |      12.329 |      12.333 |           29 |      0.66386 |
|   15 |       1 | Accept |      17.164 |      2.7298 |      12.329 |      12.333 |           48 |    0.0022969 |
|   16 |       1 | Accept |      18.009 |      2.7214 |      12.329 |      12.333 |           48 |    0.0047308 |
|   17 |       1 | Accept |      60.877 |     0.54456 |      9.6378 |      33.935 |           22 |    0.0037597 |
|   18 |       1 | Accept |      54.643 |     0.61149 |      9.6378 |      33.935 |           58 |     0.090169 |
|   19 |       1 | Accept |       29.96 |     0.57984 |      9.6378 |      33.935 |           28 |    0.0013872 |
|   20 |       1 | Accept |      49.729 |      0.6639 |      9.6378 |      33.935 |           42 |    0.0010114 |
|===============================================================================================================|
| Iter | Active  | Eval   | Objective   | Objective   | BestSoFar   | BestSoFar   | hiddenLayerS-|           lr |
|      | workers | result |             | runtime     | (observed)  | (estim.)    | ize          |              |
|===============================================================================================================|
|   21 |       1 | Accept |      18.091 |     0.58918 |      9.6378 |      33.935 |           38 |     0.023526 |
|   22 |       1 | Best   |      9.6378 |     0.54302 |      9.6378 |      33.935 |           30 |    0.0034892 |
|   23 |       1 | Accept |      13.518 |     0.66497 |      9.6378 |      33.935 |           89 |      0.24548 |
|   24 |       1 | Accept |      30.588 |     0.63271 |      9.6378 |      33.935 |           41 |     0.068701 |
|   25 |       1 | Accept |      23.323 |     0.51372 |      9.6378 |      33.935 |           19 |      0.17244 |
|   26 |       1 | Accept |      12.442 |     0.66779 |      9.6378 |      33.935 |           69 |      0.40931 |
|   27 |       1 | Accept |      9.8878 |     0.55721 |      9.6378 |      33.935 |           13 |     0.081732 |
|   28 |       1 | Accept |      9.8607 |     0.58686 |      9.6378 |      33.935 |           39 |      0.50294 |
|   29 |       1 | Accept |       33.04 |     0.64066 |      9.6378 |      33.935 |           40 |    0.0032064 |
|   30 |       1 | Accept |       86.59 |     0.60822 |      9.6378 |      33.935 |           54 |     0.032789 |
|   31 |       1 | Accept |      34.364 |     0.64104 |      9.6378 |      33.935 |           82 |       0.7784 |
|   32 |       1 | Accept |      21.351 |      0.7224 |      9.6378 |      33.935 |           93 |     0.061949 |

__________________________________________________________
Optimization completed.
MaxObjectiveEvaluations of 30 reached.
Total function evaluations: 32
Total elapsed time: 13.9022 seconds.
Total objective function evaluation time: 54.5039

Best observed feasible point:
    hiddenLayerSize       lr    
    _______________    _________

          30           0.0034892

Observed objective function value = 9.6378
Estimated objective function value = 33.9349
Function evaluation time = 0.54302

Best estimated feasible point (according to models):
    hiddenLayerSize       lr   
    _______________    ________

          13           0.081732

Estimated objective function value = 33.9347
Estimated function evaluation time = 1.3037


T =

  1x2 table

    hiddenLayerSize       lr   
    _______________    ________

          13           0.081732

Elapsed time is 20.277204 seconds.
Train a hyper-parameter optimized GPR model for regression
First Optimize all the GPR parameters
Copying objective function to workers...
Done copying objective function to workers.
|============================================================================================================================================================|
| Iter | Active  | Eval   | Objective:  | Objective   | BestSoFar   | BestSoFar   |        Sigma | BasisFunction| KernelFuncti-|  KernelScale |  Standardize |
|      | workers | result | log(1+loss) | runtime     | (observed)  | (estim.)    |              |              | on           |              |              |
|============================================================================================================================================================|
|    1 |      16 | Best   |      3.6369 |      161.22 |      3.6369 |      3.6369 |       2.1313 |         none |     matern32 |    4.738e+12 |         true |
|    2 |      16 | Accept |      10.851 |      252.27 |      3.6369 |      3.9238 |       2.8192 | pureQuadrati |     matern32 |    1.329e+12 |         true |
|    3 |      16 | Accept |       6.603 |       290.9 |      3.6369 |      3.8438 |    0.0012074 |       linear | rationalquad |   1.2129e+11 |         true |
|    4 |      16 | Best   |      3.6369 |      374.53 |      3.6369 |      3.9473 |      0.23707 |         none | rationalquad |   6.8257e+12 |         true |
|    5 |      16 | Accept |      3.6369 |      162.81 |      3.6369 |      3.6371 |       9.9162 |         none |     matern32 |   6.0204e+11 |         true |
|    6 |      16 | Error  |         NaN |      460.79 |      3.6369 |      3.6371 |      0.22947 |       linear |     matern52 |   1.0634e+11 |        false |
|    7 |      16 | Accept |      4.2785 |      529.29 |      3.6369 |      3.6371 |      0.30861 |         none |     matern52 |   1.9023e+13 |        false |
|    8 |      16 | Accept |      3.6369 |      231.02 |      3.6369 |      3.6371 |       1.2199 |         none | rationalquad |   8.8569e+12 |         true |
|    9 |      16 | Accept |      8.2886 |      453.15 |      3.6369 |      3.6371 |   0.00020312 |         none |     matern32 |   1.2324e+12 |        false |
|   10 |      16 | Accept |      3.6369 |      384.71 |      3.6369 |       3.637 |     0.023673 |         none |     matern32 |    3.894e+12 |         true |
|   11 |      16 | Accept |      3.6376 |      243.81 |      3.6369 |       3.637 |    0.0044011 |     constant |     matern32 |   1.2442e+12 |         true |
|   12 |      16 | Accept |      3.6369 |      264.95 |      3.6369 |       3.637 |      0.23362 |         none |     matern52 |   2.3052e+12 |         true |
|   13 |      16 | Accept |      3.6369 |      156.38 |      3.6369 |       3.637 |       8.9658 |         none | squaredexpon |   8.4647e+12 |         true |
|   14 |      16 | Accept |      3.6376 |      334.56 |      3.6369 |       3.637 |       1.3796 |     constant | rationalquad |   2.5682e+10 |         true |
|   15 |      16 | Best   |      3.6369 |      246.16 |      3.6369 |       3.637 |     0.012551 |     constant |     matern52 |   1.1835e+13 |         true |
|   16 |      16 | Accept |      3.6378 |      234.85 |      3.6369 |       3.637 |       6.0833 |     constant | squaredexpon |   2.1213e+11 |         true |
|   17 |      16 | Error  |         NaN |       394.4 |      3.6369 |       3.637 |   0.00045959 |         none |  exponential |   1.1999e+13 |         true |
|   18 |      16 | Best   |      3.6199 |      157.31 |      3.6199 |       3.637 |       7.4107 |         none | squaredexpon |   2.3637e+12 |        false |
|   19 |      16 | Best   |      3.2794 |      508.54 |      3.2794 |      3.2795 |    0.0045301 |     constant |  exponential |   1.3045e+12 |         true |
|   20 |      16 | Accept |      3.6005 |      855.32 |      3.2794 |      3.2795 |       2.5431 |         none | rationalquad |   2.9101e+12 |        false |
|============================================================================================================================================================|
| Iter | Active  | Eval   | Objective:  | Objective   | BestSoFar   | BestSoFar   |        Sigma | BasisFunction| KernelFuncti-|  KernelScale |  Standardize |
|      | workers | result | log(1+loss) | runtime     | (observed)  | (estim.)    |              |              | on           |              |              |
|============================================================================================================================================================|
|   21 |      16 | Accept |      3.2939 |      258.54 |      3.2794 |      3.2795 |       14.916 |       linear | squaredexpon |   7.8204e+10 |        false |
|   22 |      16 | Accept |      4.6442 |      501.95 |      3.2794 |      3.2795 |     0.015975 |     constant |     matern52 |   1.5169e+13 |        false |
|   23 |      16 | Accept |      3.6051 |      507.31 |      3.2794 |      3.2795 |       1.9252 |     constant | squaredexpon |   1.8498e+11 |        false |
|   24 |      16 | Error  |         NaN |      177.66 |      3.2794 |      3.2795 |       0.4125 |     constant |  exponential |   2.8613e+11 |        false |
|   25 |      16 | Error  |         NaN |      726.64 |      3.2794 |      3.2795 |     0.013279 |     constant | rationalquad |    6.124e+10 |        false |
|   26 |      16 | Accept |      6.5335 |      242.98 |      3.2794 |      3.2795 |   0.00019517 |       linear | squaredexpon |   1.2077e+13 |         true |
|   27 |      16 | Accept |      4.1039 |        1212 |      3.2794 |      3.2795 |      0.24695 | pureQuadrati | squaredexpon |   1.7852e+11 |        false |
|   28 |      16 | Error  |         NaN |      1638.4 |      3.2794 |      3.2795 |     0.049405 |       linear | rationalquad |   4.8217e+10 |        false |
|   29 |      16 | Accept |      9.5664 |      1787.6 |      3.2794 |      3.2795 |       0.1238 | pureQuadrati | rationalquad |   2.2978e+12 |        false |
|   30 |      16 | Best   |      2.3602 |       32479 |      2.3602 |      2.3604 |       21.017 |         none |  ardmatern52 |            - |         true |

__________________________________________________________
Optimization completed.
MaxObjectiveEvaluations of 30 reached.
Total function evaluations: 30
Total elapsed time: 32486.5869 seconds.
Total objective function evaluation time: 46229.2133

Best observed feasible point:
    Sigma     BasisFunction    KernelFunction    KernelScale    Standardize
    ______    _____________    ______________    ___________    ___________

    21.017        none          ardmatern52          NaN           true    

Observed objective function value = 2.3602
Estimated objective function value = 2.3604
Function evaluation time = 32479.1357

Best estimated feasible point (according to models):
    Sigma     BasisFunction    KernelFunction    KernelScale    Standardize
    ______    _____________    ______________    ___________    ___________

    21.017        none          ardmatern52          NaN           true    

Estimated objective function value = 2.3604
Estimated function evaluation time = 411.707

Elapsed time is 33313.082482 seconds.
Take a copy of the best attributes
Now use these optimum settings to do an exact GPR fit
Elapsed time is 795.591500 seconds.
Train a hyper-parameter optimized Ensemble of Trees model for regression
Copying objective function to workers...
Done copying objective function to workers.
|===========================================================================================================================================================================|
| Iter | Active  | Eval   | Objective:  | Objective   | BestSoFar   | BestSoFar   |       Method | NumLearningC-|    LearnRate |  MinLeafSize | MaxNumSplits | NumVariables-|
|      | workers | result | log(1+loss) | runtime     | (observed)  | (estim.)    |              | ycles        |              |              |              | ToSample     |
|===========================================================================================================================================================================|
|    1 |      16 | Best   |      4.1567 |       5.687 |      4.1567 |      4.1567 |      LSBoost |           17 |     0.007748 |            1 |            2 |            7 |
|    2 |      15 | Accept |      3.3153 |      6.8477 |      2.4122 |       2.527 |          Bag |           18 |            - |         1192 |            1 |           30 |
|    3 |      15 | Best   |      2.4122 |      6.9495 |      2.4122 |       2.527 |          Bag |           13 |            - |           18 |           16 |            8 |
|    4 |      10 | Accept |      4.2945 |      9.9768 |      2.3656 |      2.3716 |      LSBoost |           19 |    0.0012649 |            1 |            2 |           31 |
|    5 |      10 | Accept |       3.489 |      21.697 |      2.3656 |      2.3716 |      LSBoost |          177 |     0.021043 |           16 |            2 |            3 |
|    6 |      10 | Accept |      3.8547 |       16.61 |      2.3656 |      2.3716 |      LSBoost |           97 |    0.0048594 |          766 |            6 |            4 |
|    7 |      10 | Accept |      3.1851 |      20.502 |      2.3656 |      2.3716 |          Bag |           66 |            - |          357 |            4 |           14 |
|    8 |      10 | Accept |      2.8611 |      18.867 |      2.3656 |      2.3716 |      LSBoost |           36 |     0.043148 |          421 |         2150 |           21 |
|    9 |      10 | Best   |      2.3656 |      12.095 |      2.3656 |      2.3716 |      LSBoost |           20 |       0.1059 |           36 |            7 |           35 |
|   10 |      16 | Best   |      2.0444 |      9.2212 |      2.0444 |      2.0444 |          Bag |           20 |            - |           18 |           51 |            8 |
|   11 |      11 | Accept |      3.7069 |      37.749 |      2.0444 |      2.3152 |      LSBoost |          430 |    0.0030467 |          242 |           61 |            1 |
|   12 |      11 | Accept |      2.7876 |      32.981 |      2.0444 |      2.3152 |          Bag |           79 |            - |            1 |            8 |           13 |
|   13 |      11 | Accept |      2.3544 |      6.2043 |      2.0444 |      2.3152 |      LSBoost |           18 |      0.99987 |         1286 |            5 |           31 |
|   14 |      11 | Accept |      3.4967 |      6.8419 |      2.0444 |      2.3152 |      LSBoost |           53 |     0.060861 |         3176 |          277 |            8 |
|   15 |      11 | Accept |      3.3667 |      3.6002 |      2.0444 |      2.3152 |          Bag |           14 |            - |          106 |           26 |            3 |
|   16 |      11 | Accept |      2.6403 |      8.7216 |      2.0444 |      2.3152 |          Bag |           21 |            - |          244 |          557 |           11 |
|   17 |      15 | Accept |      3.5238 |       41.71 |      2.0444 |      2.4815 |          Bag |          363 |            - |         3272 |           59 |            4 |
|   18 |      15 | Accept |      3.6373 |      13.657 |      2.0444 |      2.4815 |      LSBoost |          154 |     0.041117 |         3763 |         4018 |           17 |
|   19 |      13 | Accept |      4.1293 |      48.596 |      1.9686 |      2.0855 |      LSBoost |           36 |    0.0030384 |           46 |           96 |           34 |
|   20 |      13 | Best   |      1.9686 |      9.6485 |      1.9686 |      2.0855 |      LSBoost |           36 |      0.57846 |            1 |           36 |            5 |
|===========================================================================================================================================================================|
| Iter | Active  | Eval   | Objective:  | Objective   | BestSoFar   | BestSoFar   |       Method | NumLearningC-|    LearnRate |  MinLeafSize | MaxNumSplits | NumVariables-|
|      | workers | result | log(1+loss) | runtime     | (observed)  | (estim.)    |              | ycles        |              |              |              | ToSample     |
|===========================================================================================================================================================================|
|   21 |      13 | Accept |      3.3899 |       2.374 |      1.9686 |      2.0855 |          Bag |           10 |            - |         1885 |          220 |           20 |
|   22 |      12 | Accept |      3.6373 |      53.633 |      1.7857 |      2.0918 |          Bag |          496 |            - |         4231 |         4820 |            9 |
|   23 |      12 | Best   |      1.7857 |      12.015 |      1.7857 |      2.0918 |      LSBoost |           14 |      0.13029 |           15 |          837 |           13 |
|   24 |      11 | Accept |      3.6006 |      64.884 |      1.5512 |      1.6947 |      LSBoost |          312 |    0.0021375 |         2156 |          524 |           33 |
|   25 |      11 | Best   |      1.5512 |      14.624 |      1.5512 |      1.6947 |      LSBoost |           15 |      0.42336 |            7 |           27 |           34 |
|   26 |      14 | Accept |       2.116 |      40.456 |      1.5512 |      1.9434 |          Bag |           48 |            - |            2 |           33 |           25 |
|   27 |      14 | Accept |      3.6706 |      23.926 |      1.5512 |      1.9434 |      LSBoost |          289 |    0.0058273 |            7 |          492 |            1 |
|   28 |      14 | Accept |      2.7264 |      3.3386 |      1.5512 |      1.9434 |      LSBoost |           12 |      0.35065 |           11 |            3 |           18 |
|   29 |      13 | Accept |       3.312 |      3.8292 |      1.5512 |      1.9244 |          Bag |           19 |            - |         1421 |          356 |           14 |
|   30 |      13 | Accept |      3.1156 |      6.4811 |      1.5512 |      1.9244 |          Bag |           19 |            - |          804 |            2 |           28 |

__________________________________________________________
Optimization completed.
MaxObjectiveEvaluations of 30 reached.
Total function evaluations: 30
Total elapsed time: 90.79 seconds.
Total objective function evaluation time: 563.7257

Best observed feasible point:
    Method     NumLearningCycles    LearnRate    MinLeafSize    MaxNumSplits    NumVariablesToSample
    _______    _________________    _________    ___________    ____________    ____________________

    LSBoost           15             0.42336          7              27                  34         

Observed objective function value = 1.5512
Estimated objective function value = 1.9244
Function evaluation time = 14.6241

Best estimated feasible point (according to models):
    Method     NumLearningCycles    LearnRate    MinLeafSize    MaxNumSplits    NumVariablesToSample
    _______    _________________    _________    ___________    ____________    ____________________

    LSBoost           15             0.42336          7              27                  34         

Estimated objective function value = 1.9244
Estimated function evaluation time = 14.1447

Elapsed time is 96.530219 seconds.
Train the super learner model for regression
Copying objective function to workers...
Done copying objective function to workers.
|============================================================================================================================================================|
| Iter | Active  | Eval   | Objective:  | Objective   | BestSoFar   | BestSoFar   |        Sigma | BasisFunction| KernelFuncti-|  KernelScale |  Standardize |
|      | workers | result | log(1+loss) | runtime     | (observed)  | (estim.)    |              |              | on           |              |              |
|============================================================================================================================================================|
|    1 |      16 | Best   |      3.6091 |      276.21 |      3.6091 |      3.6091 |       4.8208 |     constant | squaredexpon |     8.97e+10 |        false |
|    2 |      16 | Error  |         NaN |      407.83 |         NaN |      3.6091 |       1.9897 |         none |  exponential |   2.1399e+12 |        false |
|    3 |      16 | Accept |      3.6368 |      537.82 |      3.6091 |      3.6118 |   0.00079613 |     constant | squaredexpon |   1.9227e+12 |         true |
|    4 |      16 | Accept |      3.6865 |       549.5 |      3.6091 |      3.6091 |       14.795 |       linear |     matern52 |   3.3826e+10 |         true |
|    5 |      16 | Accept |      3.9648 |      559.36 |      3.6091 |      3.6109 |       25.442 |       linear |     matern32 |   2.6916e+11 |         true |
|    6 |      16 | Accept |      3.6264 |      356.46 |      3.6091 |      3.6106 |       17.863 |         none |     matern52 |   9.3575e+12 |        false |
|    7 |      16 | Accept |      4.7308 |      752.55 |      3.6091 |      3.8752 |       3.4186 |       linear | rationalquad |   4.3755e+10 |         true |
|    8 |      16 | Accept |      3.6372 |      775.48 |      3.6091 |      3.8407 |       22.249 |     constant | rationalquad |     9.56e+12 |         true |
|    9 |      16 | Accept |      3.6352 |      489.57 |      3.6091 |      3.6099 |       18.399 |     constant | squaredexpon |   8.4198e+10 |        false |
|   10 |      16 | Accept |      3.6368 |      1222.2 |      3.6091 |      3.6098 |      0.21323 |         none | rationalquad |   6.5888e+10 |         true |
|   11 |      16 | Accept |      4.4024 |      1250.5 |      3.6091 |      3.6224 |   0.00011765 |         none | squaredexpon |   5.6671e+12 |        false |
|   12 |      16 | Accept |      3.6367 |      539.66 |      3.6091 |      3.6097 |   0.00049103 |     constant | squaredexpon |   1.9374e+12 |         true |
|   13 |      16 | Accept |      3.6367 |      822.53 |      3.6091 |      3.6097 |       42.583 |     constant | rationalquad |   8.7606e+10 |        false |
|   14 |      16 | Accept |      3.6368 |      891.34 |      3.6091 |      3.6097 |     0.013705 |         none | squaredexpon |   1.9534e+12 |         true |
|   15 |      16 | Accept |      3.6368 |      373.83 |      3.6091 |      3.6096 |       3.4765 |         none |     matern52 |   9.4643e+11 |         true |
|   16 |      16 | Best   |      2.3953 |      1194.9 |      2.3953 |      2.3954 |     0.053104 |       linear |     matern52 |   2.4723e+12 |        false |
|   17 |      16 | Accept |      6.2072 |      1887.4 |      2.3953 |      2.3954 |       1.4673 | pureQuadrati | rationalquad |   1.3024e+12 |        false |
|   18 |      16 | Accept |      3.6183 |      662.98 |      2.3953 |      2.3954 |       8.4999 |     constant | rationalquad |   4.5026e+11 |        false |
|   19 |      16 | Accept |      4.0779 |        1123 |      2.3953 |      2.3954 |   0.00010449 |     constant | squaredexpon |   1.2998e+13 |        false |
|   20 |      16 | Accept |      5.5868 |      1804.2 |      2.3953 |      2.3954 |   0.00012652 |         none | rationalquad |   2.4024e+12 |        false |

__________________________________________________________
Optimization completed.
MaxObjectiveEvaluations of 20 reached.
Total function evaluations: 20
Total elapsed time: 2241.1421 seconds.
Total objective function evaluation time: 16477.351

Best observed feasible point:
     Sigma      BasisFunction    KernelFunction    KernelScale    Standardize
    ________    _____________    ______________    ___________    ___________

    0.053104       linear           matern52       2.4723e+12        false   

Observed objective function value = 2.3953
Estimated objective function value = 2.3954
Function evaluation time = 1194.9079

Best estimated feasible point (according to models):
     Sigma      BasisFunction    KernelFunction    KernelScale    Standardize
    ________    _____________    ______________    ___________    ___________

    0.053104       linear           matern52       2.4723e+12        false   

Estimated objective function value = 2.3954
Estimated function evaluation time = 1194.8551

[Warning: Explicit basis matrix in the GPR model is not of full column rank -
some basis coefficients are not identifiable. This could be because the
predictor matrix X is rank deficient or has a constant predictor.] 
[> In classreg.learning.impl/GPImpl/checkExplicitBasisRank (line 3132)
  In classreg.learning.impl/GPImpl/make (line 236)
  In RegressionGP (line 277)
  In classreg.learning/FitTemplate/fit (line 263)
  In RegressionGP.fit (line 308)
  In fitrgp (line 469)
  In classreg.learning.paramoptim.fitToFullDataset (line 7)
  In classreg.learning.paramoptim.fitoptimizing (line 40)
  In fitrgp (line 467)
  In fitrsuperOptimized (line 90)
  In utdNodesOptSolo3 (line 214)] 
The identifier was:
stats:classreg:learning:impl:GPImpl:GPImpl:UnableToComputeLFactorExactThere was an error! The message was:
The Cholesky factor needed for making predictions cannot be computed. When calling fitrgp, try changing the initial values of 'KernelParameters' and 'Sigma'. Also consider setting 'Standardize' to true and increasing the value of 'SigmaLowerBound'.

    "Gainin Data set for Node 001e06305a57 with target output pm2_5_palas @ 30-Dec-2020 21:34:10"

Going through column 1 and choosing a representative sample. Choosing 500 bins for this column. With 2 members per bin.
Going through column 2 and choosing a representative sample. Choosing 500 bins for this column. With 2 members per bin.
Going through column 3 and choosing a representative sample. Choosing 325 bins for this column. With 2 members per bin.
Going through column 4 and choosing a representative sample. Choosing 74 bins for this column. With 2 members per bin.
Going through column 5 and choosing a representative sample. Choosing 1 bins for this column. With 2 members per bin.
Going through column 6 and choosing a representative sample. Choosing 500 bins for this column. With 2 members per bin.
Going through column 7 and choosing a representative sample. Choosing 500 bins for this column. With 2 members per bin.
Going through column 8 and choosing a representative sample. Choosing 500 bins for this column. With 2 members per bin.
Going through column 9 and choosing a representative sample. Choosing 500 bins for this column. With 2 members per bin.
Going through column 10 and choosing a representative sample. Choosing 500 bins for this column. With 2 members per bin.
Going through column 11 and choosing a representative sample. Choosing 500 bins for this column. With 2 members per bin.
Going through column 12 and choosing a representative sample. Choosing 500 bins for this column. With 2 members per bin.
Going through column 13 and choosing a representative sample. Choosing 500 bins for this column. With 2 members per bin.
Going through column 14 and choosing a representative sample. Choosing 95 bins for this column. With 2 members per bin.
Going through column 15 and choosing a representative sample. Choosing 62 bins for this column. With 2 members per bin.
Going through column 16 and choosing a representative sample. Choosing 24 bins for this column. With 2 members per bin.
Going through column 17 and choosing a representative sample. Choosing 12 bins for this column. With 2 members per bin.
Going through column 18 and choosing a representative sample. Choosing 10 bins for this column. With 2 members per bin.
Going through column 19 and choosing a representative sample. Choosing 9 bins for this column. With 2 members per bin.
Going through column 20 and choosing a representative sample. Choosing 6 bins for this column. With 2 members per bin.
Going through column 21 and choosing a representative sample. Choosing 5 bins for this column. With 2 members per bin.
Going through column 22 and choosing a representative sample. Choosing 4 bins for this column. With 2 members per bin.
Going through column 23 and choosing a representative sample. Choosing 4 bins for this column. With 2 members per bin.
Going through column 24 and choosing a representative sample. Choosing 3 bins for this column. With 2 members per bin.
Going through column 25 and choosing a representative sample. Choosing 2 bins for this column. With 2 members per bin.
Going through column 26 and choosing a representative sample. Choosing 2 bins for this column. With 2 members per bin.
Going through column 27 and choosing a representative sample. Choosing 2 bins for this column. With 2 members per bin.
Going through column 28 and choosing a representative sample. Choosing 228 bins for this column. With 2 members per bin.
Going through column 29 and choosing a representative sample. Choosing 300 bins for this column. With 2 members per bin.
Going through column 30 and choosing a representative sample. Choosing 258 bins for this column. With 2 members per bin.
Going through column 31 and choosing a representative sample. Choosing 151 bins for this column. With 2 members per bin.
Going through column 32 and choosing a representative sample. Choosing 2 bins for this column. With 2 members per bin.
Going through column 33 and choosing a representative sample. Choosing 500 bins for this column. With 2 members per bin.
Going through column 34 and choosing a representative sample. Choosing 500 bins for this column. With 2 members per bin.
Going through column 35 and choosing a representative sample. Choosing 500 bins for this column. With 2 members per bin.
Going through column 36 and choosing a representative sample. Choosing 1000 bins for this column. With 4 members per bin.

ans =

        8388


ans =

        1480

    "Running Regression"

Train a hyper-parameter optimized NN model for regression
Copying objective function to workers...
Done copying objective function to workers.
|===============================================================================================================|
| Iter | Active  | Eval   | Objective   | Objective   | BestSoFar   | BestSoFar   | hiddenLayerS-|           lr |
|      | workers | result |             | runtime     | (observed)  | (estim.)    | ize          |              |
|===============================================================================================================|
|    1 |       3 | Accept |      20.364 |      1.4754 |      13.957 |      46.235 |           42 |      0.20537 |
|    2 |       3 | Accept |      15.638 |      1.5536 |      13.957 |      46.235 |            6 |      0.13058 |
|    3 |       3 | Accept |      48.388 |      1.6649 |      13.957 |      46.235 |           74 |    0.0042915 |
|    4 |       3 | Accept |      78.398 |      1.6032 |      13.957 |      46.235 |           21 |     0.013301 |
|    5 |       3 | Accept |      41.334 |      1.6552 |      13.957 |      46.235 |           23 |      0.10698 |
|    6 |       3 | Best   |      13.957 |      1.6259 |      13.957 |      46.235 |           41 |      0.70133 |
|    7 |       3 | Accept |      38.467 |      1.7914 |      13.957 |      46.235 |           71 |    0.0020993 |
|    8 |       3 | Accept |      120.82 |      1.6187 |      13.957 |      46.235 |           58 |    0.0040545 |
|    9 |       3 | Accept |      85.162 |      1.6624 |      13.957 |      46.235 |           71 |     0.054303 |
|   10 |       3 | Accept |       28.96 |      1.9075 |      13.957 |      46.235 |           91 |      0.27313 |
|   11 |       3 | Accept |      20.324 |      1.6096 |      13.957 |      46.235 |           44 |     0.031032 |
|   12 |       3 | Accept |      45.201 |      1.8785 |      13.957 |      46.235 |           69 |     0.038817 |
|   13 |       3 | Accept |      71.152 |      1.3943 |      13.957 |      46.235 |            7 |    0.0034957 |
|   14 |       3 | Accept |      19.129 |       1.755 |      13.957 |      46.235 |           31 |     0.012559 |
|   15 |      15 | Accept |      80.923 |      1.9823 |      13.957 |      36.037 |           72 |    0.0029182 |
|   16 |      15 | Accept |      59.285 |      1.9657 |      13.957 |      36.037 |           49 |    0.0018144 |
|   17 |       2 | Best   |        12.9 |     0.46719 |        12.9 |      43.495 |            5 |      0.99894 |
|   18 |       2 | Accept |      71.109 |     0.79597 |        12.9 |      43.495 |           84 |    0.0025238 |
|   19 |       2 | Accept |         126 |     0.88629 |        12.9 |      43.495 |           97 |     0.025873 |
|   20 |       2 | Accept |      30.195 |     0.71679 |        12.9 |      43.495 |           50 |     0.091597 |
|===============================================================================================================|
| Iter | Active  | Eval   | Objective   | Objective   | BestSoFar   | BestSoFar   | hiddenLayerS-|           lr |
|      | workers | result |             | runtime     | (observed)  | (estim.)    | ize          |              |
|===============================================================================================================|
|   21 |       2 | Accept |      39.097 |     0.74549 |        12.9 |      43.495 |           61 |    0.0040314 |
|   22 |       2 | Accept |      28.401 |     0.83835 |        12.9 |      43.495 |           86 |     0.070394 |
|   23 |       2 | Accept |       17.62 |      0.5466 |        12.9 |      43.495 |           10 |      0.44099 |
|   24 |       2 | Accept |      86.882 |     0.58655 |        12.9 |      43.495 |           15 |      0.65933 |
|   25 |       2 | Accept |      47.236 |     0.66709 |        12.9 |      43.495 |           36 |    0.0021827 |
|   26 |       2 | Accept |      39.504 |     0.67124 |        12.9 |      43.495 |           45 |      0.33349 |
|   27 |       2 | Accept |      13.584 |     0.58549 |        12.9 |      43.495 |           27 |     0.005841 |
|   28 |       2 | Accept |      67.086 |     0.66644 |        12.9 |      43.495 |           48 |    0.0079698 |
|   29 |       2 | Accept |      31.049 |     0.78608 |        12.9 |      43.495 |           65 |    0.0015409 |
|   30 |       2 | Accept |      36.907 |     0.82794 |        12.9 |      43.495 |           91 |    0.0010772 |

__________________________________________________________
Optimization completed.
MaxObjectiveEvaluations of 30 reached.
Total function evaluations: 30
Total elapsed time: 13.2871 seconds.
Total objective function evaluation time: 36.9311

Best observed feasible point:
    hiddenLayerSize      lr   
    _______________    _______

           5           0.99894

Observed objective function value = 12.8996
Estimated objective function value = 44.2877
Function evaluation time = 0.46719

Best estimated feasible point (according to models):
    hiddenLayerSize      lr   
    _______________    _______

          91           0.27313

Estimated objective function value = 43.4953
Estimated function evaluation time = 1.111


T =

  1x2 table

    hiddenLayerSize      lr   
    _______________    _______

          91           0.27313

Elapsed time is 166.638385 seconds.
Train a hyper-parameter optimized GPR model for regression
First Optimize all the GPR parameters
Copying objective function to workers...
Done copying objective function to workers.
|============================================================================================================================================================|
| Iter | Active  | Eval   | Objective:  | Objective   | BestSoFar   | BestSoFar   |        Sigma | BasisFunction| KernelFuncti-|  KernelScale |  Standardize |
|      | workers | result | log(1+loss) | runtime     | (observed)  | (estim.)    |              |              | on           |              |              |
|============================================================================================================================================================|
|    1 |      16 | Error  |         NaN |      378.56 |         NaN |         NaN |      0.53226 |         none |  exponential |   3.6011e+10 |        false |
|    2 |      16 | Error  |         NaN |      380.59 |         NaN |         NaN |     0.018195 |         none |  exponential |   4.7299e+10 |        false |
|    3 |      16 | Best   |      8.2449 |      556.89 |      8.2449 |      8.2449 |       8.3331 |       linear |  exponential |   6.8268e+10 |         true |
|    4 |      16 | Accept |       8.648 |       561.3 |      8.2449 |      8.2609 |    0.0013528 |       linear |     matern52 |   5.6974e+12 |         true |
|    5 |      16 | Best   |      4.7351 |      629.33 |      4.7351 |      5.1301 |       5.4174 | pureQuadrati |  exponential |   4.6269e+12 |        false |
|    6 |      16 | Accept |       8.581 |      638.64 |      4.7351 |      4.8889 |    0.0050921 | pureQuadrati | rationalquad |   5.4892e+10 |         true |
|    7 |      16 | Best   |      4.0146 |      384.79 |      4.0146 |      4.4581 |       7.0876 | pureQuadrati |  exponential |   3.6591e+12 |        false |
|    8 |      16 | Accept |      4.0643 |      1033.1 |      4.0146 |       4.041 |       8.9926 | pureQuadrati | rationalquad |   1.1002e+13 |        false |
|    9 |      16 | Error  |         NaN |      1062.2 |      4.0146 |       4.041 |     0.048809 |         none |     matern52 |    7.389e+10 |        false |
|   10 |      16 | Accept |       7.806 |      536.32 |      4.0146 |      4.4247 |      0.21631 |       linear |  exponential |   2.8604e+11 |         true |
|   11 |      16 | Best   |       1.977 |      1228.9 |       1.977 |      2.0828 |    0.0058713 |     constant |  exponential |   7.4203e+10 |         true |
|   12 |      16 | Accept |      4.0553 |      338.19 |       1.977 |      2.0597 |       20.511 | pureQuadrati |  exponential |   2.4721e+12 |        false |
|   13 |      16 | Accept |      3.9125 |      448.46 |       1.977 |      2.0406 |       5.8754 | pureQuadrati |  exponential |   8.3968e+11 |        false |
|   14 |      16 | Error  |         NaN |      614.95 |         NaN |      5.9117 |       1.2791 | pureQuadrati |  exponential |   2.3738e+12 |        false |
|   15 |      16 | Accept |      4.0746 |      548.69 |         NaN |      6.0312 |       37.623 |     constant |  exponential |   1.5605e+13 |         true |
|   16 |      16 | Accept |      4.0771 |      572.35 |       1.977 |      2.2107 |       4.8668 |     constant |  exponential |   2.2675e+10 |         true |
|   17 |      16 | Accept |      4.0359 |      342.95 |       1.977 |      2.1748 |       9.0455 | pureQuadrati |  exponential |   4.0538e+12 |        false |
|   18 |      16 | Error  |         NaN |      1065.7 |       1.977 |      2.1748 |      0.88645 | pureQuadrati |  exponential |    1.399e+13 |        false |
|   19 |      16 | Accept |      4.0419 |      2150.3 |       1.977 |      2.1704 |       3.2674 |         none | rationalquad |   1.6463e+13 |        false |
|   20 |      16 | Error  |         NaN |        1885 |       1.977 |      2.1704 |    0.0096219 |     constant | rationalquad |   2.1135e+10 |        false |
|============================================================================================================================================================|
| Iter | Active  | Eval   | Objective:  | Objective   | BestSoFar   | BestSoFar   |        Sigma | BasisFunction| KernelFuncti-|  KernelScale |  Standardize |
|      | workers | result | log(1+loss) | runtime     | (observed)  | (estim.)    |              |              | on           |              |              |
|============================================================================================================================================================|
|   21 |      16 | Accept |      4.0746 |      495.49 |       1.977 |      2.1861 |      0.60731 |     constant |  exponential |   1.0209e+11 |         true |
|   22 |      16 | Accept |      4.0755 |      578.87 |       1.977 |      2.1954 |   0.00010081 |     constant |  exponential |   1.8607e+12 |         true |
|   23 |      16 | Accept |      4.0748 |      558.09 |       1.977 |      2.1493 |    0.0001006 |     constant |  exponential |   5.9836e+12 |         true |
|   24 |      16 | Accept |      4.0747 |      555.26 |       1.977 |      2.1287 |   0.00012198 |     constant |  exponential |   1.0652e+13 |         true |
|   25 |      16 | Best   |      1.9673 |      1321.5 |      1.9673 |       2.053 |      0.10338 |     constant |  exponential |   2.0705e+10 |         true |
|   26 |      16 | Accept |      4.0753 |      566.47 |      1.9673 |      2.0531 |   0.00038743 |     constant |  exponential |   9.9048e+12 |         true |
|   27 |      16 | Accept |      7.3447 |      1980.4 |      1.9673 |       2.049 |      0.54913 | pureQuadrati | rationalquad |   2.0743e+10 |        false |
|   28 |      16 | Accept |      4.0744 |      517.34 |      1.9673 |      2.0517 |    0.0058912 |     constant |  exponential |   2.8838e+12 |         true |
|   29 |      16 | Accept |      4.0763 |      554.85 |      1.9673 |      2.0495 |    0.0061739 |     constant |  exponential |   1.1836e+13 |         true |
|   30 |      16 | Accept |      2.0827 |        1276 |      1.9673 |      1.9129 |   0.00019779 |     constant |  exponential |    3.097e+11 |         true |

__________________________________________________________
Optimization completed.
MaxObjectiveEvaluations of 30 reached.
Total function evaluations: 30
Total elapsed time: 3446.6529 seconds.
Total objective function evaluation time: 23761.4899

Best observed feasible point:
     Sigma     BasisFunction    KernelFunction    KernelScale    Standardize
    _______    _____________    ______________    ___________    ___________

    0.10338      constant        exponential      2.0705e+10        true    

Observed objective function value = 1.9673
Estimated objective function value = 2.184
Function evaluation time = 1321.4645

Best estimated feasible point (according to models):
      Sigma      BasisFunction    KernelFunction    KernelScale    Standardize
    _________    _____________    ______________    ___________    ___________

    0.0058713      constant        exponential      7.4203e+10        true    

Estimated objective function value = 1.9129
Estimated function evaluation time = 1199.0489

Elapsed time is 3477.780159 seconds.
Take a copy of the best attributes
Now use these optimum settings to do an exact GPR fit
Elapsed time is 27.901583 seconds.
Train a hyper-parameter optimized Ensemble of Trees model for regression
Copying objective function to workers...
Done copying objective function to workers.
|===========================================================================================================================================================================|
| Iter | Active  | Eval   | Objective:  | Objective   | BestSoFar   | BestSoFar   |       Method | NumLearningC-|    LearnRate |  MinLeafSize | MaxNumSplits | NumVariables-|
|      | workers | result | log(1+loss) | runtime     | (observed)  | (estim.)    |              | ycles        |              |              |              | ToSample     |
|===========================================================================================================================================================================|
|    1 |      16 | Best   |      3.7709 |      3.0932 |      3.7709 |      3.7709 |          Bag |           12 |            - |           73 |            1 |           19 |
|    2 |      14 | Accept |      3.6157 |      4.8413 |      3.0426 |      3.0427 |          Bag |           21 |            - |         2383 |           20 |           35 |
|    3 |      14 | Accept |      3.4732 |      4.3011 |      3.0426 |      3.0427 |          Bag |           18 |            - |           30 |            3 |           10 |
|    4 |      14 | Best   |      3.0426 |      6.9923 |      3.0426 |      3.0427 |          Bag |           35 |            - |          651 |          599 |            6 |
|    5 |      11 | Accept |      3.6158 |      11.999 |      2.8771 |      2.8772 |          Bag |           68 |            - |         2582 |           62 |           31 |
|    6 |      11 | Best   |      2.8771 |      10.287 |      2.8771 |      2.8772 |      LSBoost |           52 |     0.097357 |         1614 |          365 |           16 |
|    7 |      11 | Accept |      3.5063 |      9.8353 |      2.8771 |      2.8772 |      LSBoost |           62 |     0.095646 |         1084 |         8301 |            5 |
|    8 |      11 | Accept |      4.7639 |      4.4612 |      2.8771 |      2.8772 |      LSBoost |           12 |    0.0016412 |            2 |            2 |           29 |
|    9 |      15 | Best   |      2.7302 |      17.134 |      2.7302 |      2.7303 |          Bag |           47 |            - |         1124 |            6 |           32 |
|   10 |      15 | Accept |      4.0746 |      7.9117 |      2.7302 |      2.7303 |          Bag |           87 |            - |         3199 |            2 |            1 |
|   11 |      13 | Best   |      2.1398 |      25.969 |      2.1398 |      2.3313 |      LSBoost |           80 |       0.2083 |          697 |         1154 |           16 |
|   12 |      13 | Accept |      4.7106 |      5.4307 |      2.1398 |      2.3313 |      LSBoost |           58 |    0.0013442 |         1166 |           43 |            2 |
|   13 |      13 | Accept |      2.2171 |       6.161 |      2.1398 |      2.3313 |      LSBoost |           15 |      0.43853 |          851 |         6784 |           32 |
|   14 |      14 | Accept |      2.2124 |      14.982 |      2.1398 |      2.1399 |          Bag |           21 |            - |          192 |         1836 |           31 |
|   15 |      14 | Accept |      4.0746 |      2.0661 |      2.1398 |      2.1399 |      LSBoost |           20 |      0.38129 |         4096 |            4 |           31 |
|   16 |      12 | Accept |      4.5997 |      54.842 |      2.1398 |        2.14 |      LSBoost |           91 |    0.0011644 |            7 |           94 |           16 |
|   17 |      12 | Accept |       2.932 |      58.341 |      2.1398 |        2.14 |      LSBoost |           35 |     0.029699 |            5 |         1734 |           26 |
|   18 |      12 | Accept |      3.8502 |      8.6447 |      2.1398 |        2.14 |      LSBoost |           82 |      0.31113 |          854 |           82 |            3 |
|   19 |      12 | Accept |      2.8504 |      37.848 |      2.1398 |      2.1399 |          Bag |          238 |            - |          966 |            8 |            8 |
|   20 |      10 | Accept |      2.7687 |      75.031 |      1.6851 |      1.6853 |          Bag |          351 |            - |         1060 |         1050 |           15 |
|===========================================================================================================================================================================|
| Iter | Active  | Eval   | Objective:  | Objective   | BestSoFar   | BestSoFar   |       Method | NumLearningC-|    LearnRate |  MinLeafSize | MaxNumSplits | NumVariables-|
|      | workers | result | log(1+loss) | runtime     | (observed)  | (estim.)    |              | ycles        |              |              |              | ToSample     |
|===========================================================================================================================================================================|
|   21 |      10 | Accept |      3.2642 |       75.51 |      1.6851 |      1.6853 |          Bag |          277 |            - |            5 |            3 |           18 |
|   22 |      10 | Best   |      1.6851 |      11.616 |      1.6851 |      1.6853 |      LSBoost |           12 |       0.4274 |          118 |         1832 |           30 |
|   23 |      16 | Accept |      2.2949 |      59.988 |      1.6851 |      1.6853 |      LSBoost |          402 |      0.47179 |          213 |            9 |            4 |
|   24 |      11 | Best   |      1.5954 |      108.94 |      1.5954 |      1.5956 |      LSBoost |          105 |     0.032434 |           41 |          765 |           26 |
|   25 |      11 | Accept |      3.8505 |      104.56 |      1.5954 |      1.5956 |      LSBoost |          178 |     0.003074 |          112 |         3052 |           20 |
|   26 |      11 | Accept |      2.7331 |      8.0975 |      1.5954 |      1.5956 |      LSBoost |           53 |     0.085549 |          293 |            3 |            7 |
|   27 |      11 | Accept |      4.7282 |      11.974 |      1.5954 |      1.5956 |      LSBoost |           21 |     0.001822 |          447 |           49 |           33 |
|   28 |      11 | Accept |      3.4831 |      13.025 |      1.5954 |      1.5956 |          Bag |           60 |            - |          679 |            4 |           11 |
|   29 |      11 | Accept |      2.3913 |      18.125 |      1.5954 |      1.5956 |      LSBoost |           54 |     0.095787 |         1176 |         3252 |           33 |
|   30 |      16 | Accept |      1.8063 |      29.897 |      1.5954 |      1.5958 |      LSBoost |           28 |      0.94501 |          199 |         1355 |           34 |

__________________________________________________________
Optimization completed.
MaxObjectiveEvaluations of 30 reached.
Total function evaluations: 30
Total elapsed time: 135.3252 seconds.
Total objective function evaluation time: 811.903

Best observed feasible point:
    Method     NumLearningCycles    LearnRate    MinLeafSize    MaxNumSplits    NumVariablesToSample
    _______    _________________    _________    ___________    ____________    ____________________

    LSBoost           105           0.032434         41             765                  26         

Observed objective function value = 1.5954
Estimated objective function value = 1.5958
Function evaluation time = 108.9363

Best estimated feasible point (according to models):
    Method     NumLearningCycles    LearnRate    MinLeafSize    MaxNumSplits    NumVariablesToSample
    _______    _________________    _________    ___________    ____________    ____________________

    LSBoost           105           0.032434         41             765                  26         

Estimated objective function value = 1.5958
Estimated function evaluation time = 108.9563

Elapsed time is 142.143371 seconds.
Train the super learner model for regression
Copying objective function to workers...
Done copying objective function to workers.
|============================================================================================================================================================|
| Iter | Active  | Eval   | Objective:  | Objective   | BestSoFar   | BestSoFar   |        Sigma | BasisFunction| KernelFuncti-|  KernelScale |  Standardize |
|      | workers | result | log(1+loss) | runtime     | (observed)  | (estim.)    |              |              | on           |              |              |
|============================================================================================================================================================|
|    1 |      16 | Best   |      4.0521 |      348.88 |      4.0521 |      4.0521 |       6.1089 |         none |     matern32 |   4.4817e+11 |        false |
|    2 |      16 | Accept |       4.075 |      519.96 |      4.0521 |       4.053 |        53.93 |     constant |  exponential |   5.4382e+11 |         true |
|    3 |      16 | Best   |      2.2096 |      602.65 |      2.2096 |       2.285 |   0.00023763 |       linear |     matern52 |   8.7496e+11 |         true |
|    4 |      16 | Accept |      4.0747 |      738.97 |      2.2096 |      2.2857 |       3.6951 |     constant | rationalquad |   2.9293e+10 |         true |
|    5 |      16 | Best   |       1.823 |      769.11 |       1.823 |      1.8232 |      0.97756 |       linear | rationalquad |   2.0016e+12 |         true |
|    6 |      16 | Error  |         NaN |      1043.4 |       1.823 |      1.8232 |      0.39397 | pureQuadrati |     matern52 |   3.5834e+11 |        false |
|    7 |      16 | Accept |      8.4173 |      1118.6 |       1.823 |      1.8282 |      0.10801 |         none |     matern32 |   8.6564e+12 |        false |
|    8 |      16 | Best   |      1.2272 |       598.2 |      1.2272 |      1.2276 |    0.0040883 |       linear |     matern52 |   2.3821e+12 |         true |
|    9 |      16 | Accept |      5.6893 |      1222.5 |      1.2272 |      1.2276 |    0.0031519 |         none |     matern52 |   9.2355e+12 |        false |
|   10 |      16 | Best   |     0.78001 |       578.2 |     0.78001 |     0.92053 |   0.00056028 |       linear |     matern52 |   2.0517e+11 |         true |
|   11 |      16 | Best   |     0.23507 |      644.88 |     0.23507 |      0.4641 |   0.00013496 |       linear | rationalquad |   2.0788e+10 |         true |
|   12 |      16 | Error  |         NaN |      1165.5 |     0.23507 |      0.4641 |      0.27054 |         none |     matern32 |   8.4591e+10 |        false |
|   13 |      16 | Accept |     0.54076 |      481.58 |     0.23507 |     0.33586 |       1.3346 |       linear |     matern52 |   8.9398e+12 |         true |
|   14 |      16 | Best   |     0.04486 |       719.1 |     0.04486 |      0.1368 |      0.69114 |       linear | rationalquad |   1.9809e+13 |         true |
|   15 |      16 | Accept |     0.70563 |      641.91 |     0.04486 |     0.98571 |   0.00013381 |       linear | rationalquad |   1.3282e+12 |         true |
|   16 |      16 | Accept |     0.18874 |      578.84 |     0.04486 |     0.95371 |    0.0050234 |       linear |     matern52 |   3.7163e+12 |         true |
|   17 |      16 | Accept |     0.73281 |      574.04 |     0.04486 |     0.67823 |    0.0012832 |       linear |     matern52 |   8.3777e+10 |         true |
|   18 |      16 | Accept |     0.68568 |      640.72 |     0.04486 |     0.68925 |    0.0008417 |       linear | rationalquad |   5.3035e+10 |         true |
|   19 |      16 | Accept |      1.9103 |      597.95 |     0.04486 |    0.086716 |      0.11456 |       linear |     matern52 |   2.0609e+13 |         true |
|   20 |      16 | Accept |     0.98058 |      543.75 |     0.04486 |     0.84939 |       63.092 |       linear |     matern52 |   2.0781e+10 |         true |

__________________________________________________________
Optimization completed.
MaxObjectiveEvaluations of 20 reached.
Total function evaluations: 20
Total elapsed time: 2335.4759 seconds.
Total objective function evaluation time: 14128.6986

Best observed feasible point:
     Sigma     BasisFunction     KernelFunction      KernelScale    Standardize
    _______    _____________    _________________    ___________    ___________

    0.69114       linear        rationalquadratic    1.9809e+13        true    

Observed objective function value = 0.04486
Estimated objective function value = 0.84939
Function evaluation time = 719.1009

Best estimated feasible point (according to models):
      Sigma       BasisFunction     KernelFunction      KernelScale    Standardize
    __________    _____________    _________________    ___________    ___________

    0.00013381       linear        rationalquadratic    1.3282e+12        true    

Estimated objective function value = 0.84939
Estimated function evaluation time = 643.9533

[Warning: Explicit basis matrix in the GPR model is not of full column rank -
some basis coefficients are not identifiable. This could be because the
predictor matrix X is rank deficient or has a constant predictor.] 
[> In classreg.learning.impl/GPImpl/checkExplicitBasisRank (line 3132)
  In classreg.learning.impl/GPImpl/make (line 236)
  In RegressionGP (line 277)
  In classreg.learning/FitTemplate/fit (line 263)
  In RegressionGP.fit (line 308)
  In fitrgp (line 469)
  In classreg.learning.paramoptim.fitToFullDataset (line 7)
  In classreg.learning.paramoptim.fitoptimizing (line 40)
  In fitrgp (line 467)
  In fitrsuperOptimized (line 90)
  In utdNodesOptSolo3 (line 214)] 
Elapsed time is 2354.024342 seconds.
Train the super learner error model for regression
Copying objective function to workers...
Done copying objective function to workers.
|============================================================================================================================================================|
| Iter | Active  | Eval   | Objective:  | Objective   | BestSoFar   | BestSoFar   |        Sigma | BasisFunction| KernelFuncti-|  KernelScale |  Standardize |
|      | workers | result | log(1+loss) | runtime     | (observed)  | (estim.)    |              |              | on           |              |              |
|============================================================================================================================================================|
|    1 |      16 | Best   |    0.046309 |      448.03 |    0.046309 |    0.046309 |     0.018603 |       linear | squaredexpon |   1.3742e+11 |        false |
|    2 |      16 | Accept |     0.79806 |       600.8 |    0.046309 |    0.076199 |      0.13543 | pureQuadrati | rationalquad |   5.0914e+12 |         true |
|    3 |      16 | Best   |    0.043684 |      821.71 |    0.043684 |    0.055625 |       2.0436 |         none | rationalquad |   5.9602e+10 |        false |
|    4 |      16 | Accept |    0.048542 |      568.71 |    0.043684 |    0.054089 |       1.2983 |       linear |     matern52 |   8.2529e+11 |        false |
|    5 |      16 | Error  |         NaN |      1028.1 |    0.043684 |    0.054089 |    0.0039821 |       linear |     matern32 |   2.0473e+11 |        false |
|    6 |      16 | Accept |    0.046074 |      1080.9 |    0.043684 |    0.049858 |    0.0029129 |       linear |     matern32 |   1.9537e+12 |         true |
|    7 |      16 | Accept |      4.0277 |      1097.3 |    0.043684 |    0.085844 |    0.0019119 |     constant |     matern52 |   7.8401e+11 |        false |
|    8 |      16 | Accept |     0.04376 |      1136.4 |    0.043684 |    0.050664 |    0.0014067 |       linear | squaredexpon |    3.509e+10 |         true |
|    9 |      16 | Accept |    0.051958 |      1145.9 |    0.043684 |    0.050285 |    0.0023442 |       linear |     matern52 |   2.1719e+11 |        false |
|   10 |      16 | Best   |    0.043661 |        1236 |    0.043661 |     0.05028 |      0.15092 | pureQuadrati |  exponential |   6.6826e+12 |        false |
