Running calibration scripts for UTD Node: 4
Running on host: compute-1-1-4

                            < M A T L A B (R) >
                  Copyright 1984-2020 The MathWorks, Inc.
              R2020a Update 1 (9.8.0.1359463) 64-bit (glnxa64)
                               April 9, 2020

 
To get started, type doc.
For product information, visit www.mathworks.com.
 


    "---------------------MINTS---------------------"

04-Jan-2021 11:42:07

mintsDefinitions = 

  struct with fields:

                dataFolder: '/home/lhw150030/mintsData'
               poolWorkers: 16
                  timeSpan: 30
                  airmarID: '001e0610c0e4'
             binsPerColumn: 200
              numberPerBin: 3
                    pValid: 0.1500
                   nodeIDs: {1x16 cell}
               inputStack1: {1x9 cell}
         mintsInputsStack1: {1x35 cell}
    mintsInputLabelsStack1: {1x35 cell}
               inputStack2: {1x11 cell}
         mintsInputsStack2: {1x35 cell}
    mintsInputLabelsStack2: {1x35 cell}
               inputStack3: {1x10 cell}
         mintsInputsStack3: {1x38 cell}
    mintsInputLabelsStack3: {1x38 cell}
              mintsTargets: {1x10 cell}
         mintsTargetLabels: {1x10 cell}
                     units: {1x10 cell}
               instruments: {1x10 cell}

Starting parallel pool (parpool) using the 'local' profile ...
Connected to the parallel pool (number of workers: 16).

ans = 

 ProcessPool with properties: 

            Connected: true
           NumWorkers: 16
              Cluster: local
        AttachedFiles: {}
    AutoAddClientPath: true
          IdleTimeout: 30 minutes (30 minutes remaining)
          SpmdEnabled: true


airmarFolder = 

    "/home/lhw150030/mintsData/referenceMats/airmar"

UTD_Rsl_All_2021_01_04_11_43_46


UTD_Rsl_All_Daily


Super Learner All Inputs




    "Data Folder Located @:/home/lhw150030/mintsData"

    "Raw Data Located @: /home/lhw150030/mintsData"

    "Raw DotMat Data Located @ :/home/lhw150030/mintsData/rawMats"

    "UTD Nodes DotMat Data Located @ :/home/lhw150030/mintsData/rawMats/UTDNodes"

    "Reference Data Located @: /home/lhw150030/mintsData/reference"

    "Reference DotMat Data Located @ :/home/lhw150030/mintsData/referenceMats"

    "Palas Raw Data Located @ :/home/lhw150030/mintsData/reference/palasStream"

    "Palas DotMat Data Located @ :/home/lhw150030/mintsData/referenceMats/palas"

    "Car GPS Files Located @ :/home/lhw150030/mintsData/referenceMats/carMintsGPS"

    "Loading Palas Files"

    "Loading GPS Files"

    "Loading Airmar Files"

    "Aligning GPS data with Palas Data"

    "WSTC Palas Data"

    "Palas With Airmar"

    "Analysis"

    "Save merged data for calibration: 001e06305a61"



    "Creating Training Data Sets for Node: 001e06305a61"



    "Gainin Data set for Node 001e06305a61 with target output pm1_palas @ 04-Jan-2021 11:45:06"

Going through column 1 and choosing a representative sample. Choosing 200 bins for this column. With 3 members per bin.
Going through column 2 and choosing a representative sample. Choosing 200 bins for this column. With 3 members per bin.
Going through column 3 and choosing a representative sample. Choosing 200 bins for this column. With 3 members per bin.
Going through column 4 and choosing a representative sample. Choosing 74 bins for this column. With 3 members per bin.
Going through column 5 and choosing a representative sample. Choosing 1 bins for this column. With 3 members per bin.
Going through column 6 and choosing a representative sample. Choosing 200 bins for this column. With 3 members per bin.
Going through column 7 and choosing a representative sample. Choosing 200 bins for this column. With 3 members per bin.
Going through column 8 and choosing a representative sample. Choosing 200 bins for this column. With 3 members per bin.
Going through column 9 and choosing a representative sample. Choosing 200 bins for this column. With 3 members per bin.
Going through column 10 and choosing a representative sample. Choosing 200 bins for this column. With 3 members per bin.
Going through column 11 and choosing a representative sample. Choosing 200 bins for this column. With 3 members per bin.
Going through column 12 and choosing a representative sample. Choosing 200 bins for this column. With 3 members per bin.
Going through column 13 and choosing a representative sample. Choosing 200 bins for this column. With 3 members per bin.
Going through column 14 and choosing a representative sample. Choosing 200 bins for this column. With 3 members per bin.
Going through column 15 and choosing a representative sample. Choosing 159 bins for this column. With 3 members per bin.
Going through column 16 and choosing a representative sample. Choosing 100 bins for this column. With 3 members per bin.
Going through column 17 and choosing a representative sample. Choosing 47 bins for this column. With 3 members per bin.
Going through column 18 and choosing a representative sample. Choosing 22 bins for this column. With 3 members per bin.
Going through column 19 and choosing a representative sample. Choosing 10 bins for this column. With 3 members per bin.
Going through column 20 and choosing a representative sample. Choosing 8 bins for this column. With 3 members per bin.
Going through column 21 and choosing a representative sample. Choosing 5 bins for this column. With 3 members per bin.
Going through column 22 and choosing a representative sample. Choosing 5 bins for this column. With 3 members per bin.
Going through column 23 and choosing a representative sample. Choosing 2 bins for this column. With 3 members per bin.
Going through column 24 and choosing a representative sample. Choosing 2 bins for this column. With 3 members per bin.
Going through column 25 and choosing a representative sample. Choosing 3 bins for this column. With 3 members per bin.
Going through column 26 and choosing a representative sample. Choosing 2 bins for this column. With 3 members per bin.
Going through column 27 and choosing a representative sample. Choosing 2 bins for this column. With 3 members per bin.
Going through column 28 and choosing a representative sample. Choosing 200 bins for this column. With 3 members per bin.
Going through column 29 and choosing a representative sample. Choosing 200 bins for this column. With 3 members per bin.
Going through column 30 and choosing a representative sample. Choosing 200 bins for this column. With 3 members per bin.
Going through column 31 and choosing a representative sample. Choosing 157 bins for this column. With 3 members per bin.
Going through column 32 and choosing a representative sample. Choosing 200 bins for this column. With 3 members per bin.
Going through column 33 and choosing a representative sample. Choosing 200 bins for this column. With 3 members per bin.
Going through column 34 and choosing a representative sample. Choosing 200 bins for this column. With 3 members per bin.
Going through column 35 and choosing a representative sample. Choosing 200 bins for this column. With 3 members per bin.
Going through column 36 and choosing a representative sample. Choosing 400 bins for this column. With 6 members per bin.

ans =

        5813


ans =

        1026

    "Running Regression"

Train a hyper-parameter optimized NN model for regression
Copying objective function to workers...
Done copying objective function to workers.
|===============================================================================================================|
| Iter | Active  | Eval   | Objective   | Objective   | BestSoFar   | BestSoFar   | hiddenLayerS-|           lr |
|      | workers | result |             | runtime     | (observed)  | (estim.)    | ize          |              |
|===============================================================================================================|
|    1 |       9 | Accept |      59.015 |      5.5156 |      16.394 |      18.952 |           44 |      0.41779 |
|    2 |       9 | Accept |      19.837 |       5.475 |      16.394 |      18.952 |           86 |    0.0078544 |
|    3 |       9 | Accept |      37.473 |       5.703 |      16.394 |      18.952 |           84 |    0.0018924 |
|    4 |       9 | Accept |      20.823 |      5.4313 |      16.394 |      18.952 |           60 |      0.15579 |
|    5 |       9 | Accept |      54.794 |      5.6262 |      16.394 |      18.952 |           38 |     0.003357 |
|    6 |       9 | Accept |      30.061 |      5.4277 |      16.394 |      18.952 |           33 |    0.0021416 |
|    7 |       9 | Accept |       23.47 |      5.6783 |      16.394 |      18.952 |            6 |     0.042142 |
|    8 |       9 | Best   |      16.394 |      5.3789 |      16.394 |      18.952 |           60 |     0.001206 |
|    9 |       9 | Best   |      13.717 |      8.2121 |      13.717 |      20.744 |           99 |      0.35266 |
|   10 |       9 | Accept |      42.909 |      7.3479 |      13.717 |      20.744 |           39 |     0.012274 |
|   11 |       9 | Accept |      29.388 |      8.8425 |      13.717 |      20.744 |            9 |     0.071265 |
|   12 |       9 | Accept |      74.942 |      9.1364 |      13.717 |      20.744 |           35 |     0.044757 |
|   13 |       9 | Accept |      25.881 |      8.7357 |      13.717 |      20.744 |           56 |      0.42741 |
|   14 |       9 | Accept |      54.579 |      8.9218 |      13.717 |      20.744 |           42 |      0.10721 |
|   15 |       9 | Accept |      37.201 |      9.4816 |      13.717 |      20.744 |           76 |      0.20715 |
|   16 |       9 | Accept |      41.094 |      6.0951 |      13.717 |      20.744 |           25 |    0.0035416 |
|   17 |       9 | Accept |      55.999 |     0.95014 |      11.825 |      29.304 |           59 |    0.0010755 |
|   18 |       9 | Accept |      14.526 |     0.55349 |      11.825 |      29.304 |           35 |    0.0028614 |
|   19 |       9 | Accept |      18.698 |     0.63112 |      11.825 |      29.304 |           42 |    0.0022775 |
|   20 |       9 | Accept |      113.67 |     0.71124 |      11.825 |      29.304 |           79 |      0.42376 |
|===============================================================================================================|
| Iter | Active  | Eval   | Objective   | Objective   | BestSoFar   | BestSoFar   | hiddenLayerS-|           lr |
|      | workers | result |             | runtime     | (observed)  | (estim.)    | ize          |              |
|===============================================================================================================|
|   21 |       9 | Accept |      76.286 |     0.84576 |      11.825 |      29.304 |           84 |      0.21039 |
|   22 |       9 | Best   |      11.825 |     0.61452 |      11.825 |      29.304 |           83 |     0.020852 |
|   23 |       9 | Accept |      51.573 |      1.1812 |      11.825 |      29.304 |           36 |      0.08868 |
|   24 |       9 | Accept |      24.446 |     0.64557 |      11.825 |      29.304 |           55 |     0.060456 |
|   25 |       3 | Accept |      14.397 |      1.2394 |      10.033 |      40.515 |           99 |      0.16004 |
|   26 |       3 | Accept |       61.88 |     0.64847 |      10.033 |      40.515 |           86 |      0.08564 |
|   27 |       3 | Accept |      36.922 |     0.67322 |      10.033 |      40.515 |           46 |    0.0017121 |
|   28 |       3 | Accept |      38.734 |     0.70019 |      10.033 |      40.515 |           12 |     0.033481 |
|   29 |       3 | Accept |      74.341 |       1.044 |      10.033 |      40.515 |           86 |     0.007882 |
|   30 |       3 | Accept |      30.597 |       0.601 |      10.033 |      40.515 |           33 |    0.0018696 |
|   31 |       3 | Accept |      13.028 |      1.4651 |      10.033 |      40.515 |           90 |     0.004303 |
|   32 |       3 | Accept |      40.195 |     0.63027 |      10.033 |      40.515 |           14 |    0.0078095 |
|   33 |       3 | Accept |       93.13 |     0.28717 |      10.033 |      40.515 |           68 |     0.012743 |
|   34 |       3 | Accept |      93.319 |      0.2942 |      10.033 |      40.515 |           56 |     0.012029 |
|   35 |       3 | Accept |        41.3 |      0.2688 |      10.033 |      40.515 |           54 |      0.39326 |
|   36 |       3 | Accept |      16.988 |     0.39056 |      10.033 |      40.515 |           95 |    0.0012111 |
|   37 |       3 | Best   |      10.033 |     0.27323 |      10.033 |      40.515 |           15 |      0.26836 |
|   38 |       3 | Accept |      26.112 |     0.46963 |      10.033 |      40.515 |           20 |     0.054124 |

__________________________________________________________
Optimization completed.
MaxObjectiveEvaluations of 30 reached.
Total function evaluations: 38
Total elapsed time: 36.3166 seconds.
Total objective function evaluation time: 126.1274

Best observed feasible point:
    hiddenLayerSize      lr   
    _______________    _______

          15           0.26836

Observed objective function value = 10.0329
Estimated objective function value = 40.5151
Function evaluation time = 0.27323

Best estimated feasible point (according to models):
    hiddenLayerSize      lr   
    _______________    _______

          99           0.16004

Estimated objective function value = 40.5151
Estimated function evaluation time = 1.6891


T =

  1x2 table

    hiddenLayerSize      lr   
    _______________    _______

          99           0.16004

Elapsed time is 2461.868426 seconds.
Train a hyper-parameter optimized GPR model for regression
First Optimize all the GPR parameters
Starting parallel pool (parpool) using the 'local' profile ...
Connected to the parallel pool (number of workers: 12).
IdleTimeout has been reached.
Parallel pool using the 'local' profile is shutting down.
Copying objective function to workers...
Done copying objective function to workers.
|============================================================================================================================================================|
| Iter | Active  | Eval   | Objective:  | Objective   | BestSoFar   | BestSoFar   |        Sigma | BasisFunction| KernelFuncti-|  KernelScale |  Standardize |
|      | workers | result | log(1+loss) | runtime     | (observed)  | (estim.)    |              |              | on           |              |              |
|============================================================================================================================================================|
|    1 |      12 | Error  |         NaN |      584.58 |         NaN |         NaN |     0.007344 |     constant |  exponential |   1.7629e+12 |        false |
|    2 |      12 | Accept |      9.1303 |      790.41 |         NaN |      9.1303 |        2.954 |       linear |  exponential |   5.7411e+11 |         true |
|    3 |      12 | Accept |      20.423 |      837.49 |      9.1303 |       10.39 |   0.00068659 | pureQuadrati |  exponential |   9.2901e+11 |         true |
|    4 |      12 | Best   |      7.6681 |      908.97 |      7.6681 |      7.6736 |       4.6052 |       linear |  exponential |   1.2704e+12 |         true |
|    5 |      12 | Best   |      1.5909 |      2068.4 |      1.5909 |      1.6072 |   0.00072017 |         none |  exponential |   5.2386e+10 |         true |
|    6 |      12 | Accept |      2.9291 |      899.03 |      1.5909 |      1.5915 |       25.211 |       linear |  exponential |   7.7216e+12 |         true |
|    7 |      12 | Accept |      6.3727 |      3258.3 |      1.5909 |      1.5914 |    0.0060782 |       linear | rationalquad |   6.7101e+11 |        false |
|    8 |      12 | Accept |      3.6919 |      484.67 |      1.5909 |      1.5915 |       42.394 |         none |  exponential |   1.1701e+12 |         true |
|    9 |      12 | Accept |      2.9804 |      1992.2 |      1.5909 |      1.5919 |    0.0067616 |         none |  exponential |   2.7293e+12 |         true |
|   10 |      12 | Accept |      5.5118 |      1271.1 |      1.5909 |      1.5919 |       28.073 |       linear | rationalquad |   1.5503e+11 |        false |
|   11 |      12 | Accept |      3.9244 |      877.84 |      1.5909 |      1.5918 |       20.604 |       linear |  exponential |   1.9804e+13 |        false |
|   12 |      12 | Accept |      9.1077 |      846.07 |      1.5909 |      1.5918 |       2.2046 |       linear |     matern32 |   1.9423e+13 |         true |
|   13 |      12 | Accept |      3.6918 |      2251.6 |      1.5909 |      1.5917 |    0.0089474 |         none |     matern32 |   2.3667e+10 |         true |
|   14 |      12 | Error  |         NaN |      799.55 |      1.5909 |      1.5917 |   0.00010767 |         none |  exponential |   1.1224e+12 |        false |
|   15 |      12 | Accept |      3.6918 |       871.7 |      1.5909 |      1.5917 |       1.6348 |         none |     matern32 |   2.0491e+13 |         true |
|   16 |      12 | Accept |      3.6917 |      903.71 |      1.5909 |      1.5917 |     0.025587 |     constant |     matern32 |   6.6397e+11 |         true |
|   17 |      12 | Accept |      3.6926 |      7431.9 |      1.5909 |      1.5916 |     0.023888 |     constant | rationalquad |   1.5588e+12 |         true |
|   18 |      12 | Accept |      6.2292 |      2756.5 |      1.5909 |      1.5916 |     0.015579 |       linear |  exponential |   2.0756e+10 |        false |
|   19 |      12 | Accept |      1.5914 |      2002.9 |      1.5909 |      1.5916 |   0.00013001 |     constant |  exponential |   7.9144e+10 |         true |
|   20 |      12 | Accept |      4.7272 |      870.52 |      1.5909 |      1.5913 |    0.0003471 |       linear |  exponential |   2.0204e+13 |         true |
|============================================================================================================================================================|
| Iter | Active  | Eval   | Objective:  | Objective   | BestSoFar   | BestSoFar   |        Sigma | BasisFunction| KernelFuncti-|  KernelScale |  Standardize |
|      | workers | result | log(1+loss) | runtime     | (observed)  | (estim.)    |              |              | on           |              |              |
|============================================================================================================================================================|
|   21 |      12 | Accept |      3.6918 |      871.96 |      1.5909 |      1.5913 |   0.00031314 |     constant |  exponential |   5.9143e+12 |         true |
|   22 |      12 | Accept |      3.6928 |      856.23 |      1.5909 |      1.5913 |       48.284 |     constant |  exponential |   2.3479e+10 |         true |
|   23 |      12 | Accept |      3.6918 |      2338.7 |      1.5909 |      1.5913 |     0.067743 |         none |     matern52 |   5.4067e+11 |         true |
|   24 |      12 | Accept |      3.4549 |      861.31 |      1.5909 |      1.5914 |       59.533 |       linear |  exponential |   2.0134e+13 |         true |
|   25 |      12 | Accept |      3.6919 |      487.51 |      1.5909 |       1.592 |       40.854 |         none |  exponential |   2.0777e+10 |         true |
|   26 |      12 | Accept |      3.6919 |      536.66 |      1.5909 |       1.592 |       41.994 |         none |     matern52 |   2.0174e+13 |         true |
|   27 |      12 | Accept |      3.6918 |      2005.1 |      1.5909 |      2.2631 |   0.00055273 |         none |     matern32 |   7.4126e+11 |         true |
|   28 |      12 | Accept |      1.6422 |      2111.2 |      1.5909 |       1.848 |   0.00011673 |     constant |  exponential |   3.9235e+11 |         true |
|   29 |      12 | Accept |      1.6028 |      2342.2 |      1.5909 |      1.6841 |   0.00010221 |         none |  exponential |   1.4865e+11 |         true |
|   30 |      12 | Accept |      3.6916 |       917.8 |      1.5909 |      1.6793 |      0.21618 |     constant |     matern52 |   1.3954e+12 |         true |

__________________________________________________________
Optimization completed.
MaxObjectiveEvaluations of 30 reached.
Total function evaluations: 30
Total elapsed time: 13086.0531 seconds.
Total objective function evaluation time: 46036.2282

Best observed feasible point:
      Sigma       BasisFunction    KernelFunction    KernelScale    Standardize
    __________    _____________    ______________    ___________    ___________

    0.00072017        none          exponential      5.2386e+10        true    

Observed objective function value = 1.5909
Estimated objective function value = 1.8934
Function evaluation time = 2068.4453

Best estimated feasible point (according to models):
      Sigma       BasisFunction    KernelFunction    KernelScale    Standardize
    __________    _____________    ______________    ___________    ___________

    0.00010221        none          exponential      1.4865e+11        true    

Estimated objective function value = 1.6793
Estimated function evaluation time = 1266.955

Elapsed time is 13306.485660 seconds.
Take a copy of the best attributes
Now use these optimum settings to do an exact GPR fit
Elapsed time is 65.926918 seconds.
Train a hyper-parameter optimized Ensemble of Trees model for regression
Copying objective function to workers...
Done copying objective function to workers.
|===========================================================================================================================================================================|
| Iter | Active  | Eval   | Objective:  | Objective   | BestSoFar   | BestSoFar   |       Method | NumLearningC-|    LearnRate |  MinLeafSize | MaxNumSplits | NumVariables-|
|      | workers | result | log(1+loss) | runtime     | (observed)  | (estim.)    |              | ycles        |              |              |              | ToSample     |
|===========================================================================================================================================================================|
|    1 |      12 | Best   |      4.3094 |      3.0624 |      4.3094 |      4.3094 |      LSBoost |           15 |    0.0014222 |            6 |            2 |           30 |
|    2 |      11 | Best   |      1.4093 |      5.8533 |      1.4093 |      1.4096 |          Bag |           12 |            - |            2 |          187 |           33 |
|    3 |      11 | Accept |       4.222 |      5.9616 |      1.4093 |      1.4096 |      LSBoost |           34 |    0.0021439 |          304 |           19 |           29 |
|    4 |      11 | Accept |      2.9756 |      4.6475 |      1.4093 |      1.4094 |      LSBoost |           40 |      0.03558 |          110 |            3 |           20 |
|    5 |      10 | Accept |      3.2135 |      12.521 |      1.4093 |      1.4095 |          Bag |           14 |            - |         1035 |         4592 |           15 |
|    6 |      10 | Accept |      1.7953 |      11.575 |      1.4093 |      1.4095 |      LSBoost |           26 |        0.848 |            1 |           71 |           30 |
|    7 |      10 | Accept |      3.3191 |      19.785 |      1.4093 |      1.4095 |          Bag |           18 |            - |           59 |            1 |           24 |
|    8 |      10 | Accept |      3.0386 |      20.893 |      1.4093 |      1.4095 |          Bag |          238 |            - |          246 |            3 |           12 |
|    9 |      11 | Accept |      1.9696 |      31.377 |      1.4093 |      1.6743 |          Bag |           73 |            - |            2 |           21 |           34 |
|   10 |       8 | Accept |      3.2877 |      33.468 |      1.4093 |      1.4098 |          Bag |           43 |            - |         1967 |          969 |           15 |
|   11 |       8 | Accept |      3.6922 |      18.193 |      1.4093 |      1.4098 |      LSBoost |          401 |     0.093051 |            1 |         4277 |            1 |
|   12 |       8 | Accept |      2.1831 |      9.2668 |      1.4093 |      1.4098 |      LSBoost |           63 |      0.96566 |         1010 |           19 |           35 |
|   13 |       8 | Accept |      2.1444 |      3.6761 |      1.4093 |      1.4098 |      LSBoost |           15 |      0.97952 |           18 |          255 |           10 |
|   14 |      12 | Accept |      3.3419 |      1.1203 |      1.4093 |      1.4097 |          Bag |           13 |            - |           92 |            1 |            6 |
|   15 |       9 | Accept |      3.6919 |      10.152 |      1.4093 |      1.4098 |          Bag |          262 |            - |         1591 |         5583 |            1 |
|   16 |       9 | Accept |      2.5674 |      5.2204 |      1.4093 |      1.4098 |      LSBoost |           42 |      0.94221 |            3 |            1 |           21 |
|   17 |       9 | Accept |      3.3132 |      5.1517 |      1.4093 |      1.4098 |      LSBoost |           98 |      0.11598 |           57 |          188 |            2 |
|   18 |       9 | Accept |      1.9187 |      3.7359 |      1.4093 |      1.4098 |          Bag |           27 |            - |            4 |           87 |            6 |
|   19 |       9 | Accept |      4.2226 |      28.362 |      1.4093 |      1.4098 |      LSBoost |          130 |    0.0010086 |          101 |         1050 |            1 |
|   20 |       8 | Accept |      1.5218 |      17.864 |      1.4093 |      1.4095 |          Bag |           17 |            - |           21 |         5065 |           31 |
|===========================================================================================================================================================================|
| Iter | Active  | Eval   | Objective:  | Objective   | BestSoFar   | BestSoFar   |       Method | NumLearningC-|    LearnRate |  MinLeafSize | MaxNumSplits | NumVariables-|
|      | workers | result | log(1+loss) | runtime     | (observed)  | (estim.)    |              | ycles        |              |              |              | ToSample     |
|===========================================================================================================================================================================|
|   21 |       8 | Accept |       1.865 |      11.699 |      1.4093 |      1.4095 |          Bag |           14 |            - |            1 |          110 |           10 |
|   22 |      12 | Best   |      1.2899 |       10.71 |      1.2899 |      1.2896 |          Bag |           21 |            - |            8 |          662 |           35 |
|   23 |      12 | Accept |      1.3146 |      18.414 |      1.2899 |      1.2895 |          Bag |           13 |            - |            1 |          387 |           35 |
|   24 |      12 | Accept |      1.5984 |      80.797 |      1.2899 |      1.2894 |          Bag |           97 |            - |            2 |          169 |           13 |
|   25 |      12 | Accept |      1.3693 |       43.24 |      1.2899 |      1.2893 |          Bag |          129 |            - |            1 |          547 |           16 |
|   26 |      12 | Accept |      3.6925 |      10.473 |      1.2899 |      1.2893 |      LSBoost |           18 |      0.18432 |         2432 |            1 |           31 |
|   27 |      12 | Accept |      1.4423 |      41.674 |      1.2899 |      1.2892 |      LSBoost |           58 |      0.33439 |            1 |          116 |            7 |
|   28 |      12 | Accept |      1.9522 |      47.631 |      1.2899 |      1.2892 |          Bag |          231 |            - |           59 |          384 |           18 |
|   29 |      12 | Accept |      3.6193 |      8.0188 |      1.2899 |      1.2892 |      LSBoost |          141 |     0.010883 |            1 |            2 |            2 |
|   30 |      11 | Accept |      1.5164 |      120.64 |      1.2899 |      1.2892 |      LSBoost |          170 |      0.38983 |          187 |          489 |           21 |
|   31 |      11 | Accept |      1.5906 |      9.7352 |      1.2899 |      1.2892 |      LSBoost |           15 |      0.46397 |            1 |         2103 |           11 |

__________________________________________________________
Optimization completed.
MaxObjectiveEvaluations of 30 reached.
Total function evaluations: 31
Total elapsed time: 128.4532 seconds.
Total objective function evaluation time: 654.9135

Best observed feasible point:
    Method    NumLearningCycles    LearnRate    MinLeafSize    MaxNumSplits    NumVariablesToSample
    ______    _________________    _________    ___________    ____________    ____________________

     Bag             21               NaN            8             662                  35         

Observed objective function value = 1.2899
Estimated objective function value = 1.2892
Function evaluation time = 10.7096

Best estimated feasible point (according to models):
    Method    NumLearningCycles    LearnRate    MinLeafSize    MaxNumSplits    NumVariablesToSample
    ______    _________________    _________    ___________    ____________    ____________________

     Bag             21               NaN            8             662                  35         

Estimated objective function value = 1.2892
Estimated function evaluation time = 10.7112

Elapsed time is 134.504003 seconds.
Train the super learner model for regression
Copying objective function to workers...
Done copying objective function to workers.
|============================================================================================================================================================|
| Iter | Active  | Eval   | Objective:  | Objective   | BestSoFar   | BestSoFar   |        Sigma | BasisFunction| KernelFuncti-|  KernelScale |  Standardize |
|      | workers | result | log(1+loss) | runtime     | (observed)  | (estim.)    |              |              | on           |              |              |
|============================================================================================================================================================|
|    1 |      12 | Best   |      3.6919 |      467.79 |      3.6919 |      3.6919 |       38.661 |         none |     matern32 |   2.1741e+12 |         true |
|    2 |      12 | Best   |    0.043639 |      840.69 |    0.043639 |     0.66032 |      0.21377 |       linear |  exponential |   3.9573e+10 |         true |
|    3 |      12 | Accept |    0.096273 |      870.75 |    0.043639 |     0.29828 |      0.23877 |       linear | rationalquad |   1.6476e+13 |         true |
|    4 |      12 | Error  |         NaN |      665.74 |    0.043639 |     0.29828 |    0.0054397 | pureQuadrati |  exponential |   6.4592e+11 |        false |
|    5 |      12 | Best   |    0.040261 |      825.87 |    0.040261 |     0.04202 |       0.1964 |       linear |  exponential |    3.328e+10 |         true |
|    6 |      12 | Accept |     0.10427 |      853.96 |    0.040261 |    0.042905 |      0.12693 |       linear |  exponential |   5.7924e+10 |         true |
|    7 |      12 | Accept |    0.065976 |      1017.2 |    0.040261 |    0.036496 |     0.047114 |       linear | rationalquad |   1.2086e+13 |         true |
|    8 |      12 | Accept |      8.3452 |      841.49 |    0.040261 |    0.049171 |      0.26187 | pureQuadrati | rationalquad |   1.9909e+13 |         true |
|    9 |      12 | Accept |     0.32205 |      992.07 |    0.040261 |    0.055421 |     0.067754 |       linear | rationalquad |   2.0703e+10 |         true |
|   10 |      12 | Accept |      3.6918 |      2147.9 |    0.040261 |    0.054452 |   0.00019197 |         none | rationalquad |   2.1016e+10 |         true |
|   11 |      12 | Accept |    0.063935 |      855.59 |    0.040261 |      0.0534 |   0.00047326 |       linear | squaredexpon |   2.0288e+13 |         true |
|   12 |      12 | Accept |    0.060111 |      5868.6 |    0.040261 |    0.052315 |      0.35639 |       linear |     matern52 |   4.3511e+12 |         true |
|   13 |      12 | Accept |    0.041208 |      3656.9 |    0.040261 |    0.051241 |      0.16257 |       linear | rationalquad |   2.0549e+13 |        false |
|   14 |      12 | Accept |    0.050532 |        1231 |    0.040261 |    0.050189 |       1.3365 |       linear |  exponential |    2.095e+10 |        false |
|   15 |      12 | Accept |    0.043099 |      1817.2 |    0.040261 |    0.049196 |     0.095308 |       linear |     matern52 |   1.3116e+13 |        false |
|   16 |      12 | Accept |      1.7917 |      876.28 |    0.040261 |     0.04803 |       1.2354 |       linear |     matern32 |   3.5383e+11 |        false |
|   17 |      12 | Accept |      4.9034 |      1959.8 |    0.040261 |    0.049289 |      0.10906 |         none |     matern52 |   1.8513e+13 |        false |
|   18 |      12 | Accept |     0.91271 |      5957.4 |    0.040261 |    0.048274 |       15.592 |       linear |     matern32 |   2.3635e+10 |         true |
|   19 |      12 | Accept |      10.882 |      836.46 |    0.040261 |    0.056689 |       1.7271 |         none |  exponential |   2.1977e+10 |        false |
|   20 |      12 | Accept |      6.7118 |      909.81 |    0.040261 |    0.061182 |      0.13607 | pureQuadrati |  exponential |   2.2083e+10 |         true |

__________________________________________________________
Optimization completed.
MaxObjectiveEvaluations of 20 reached.
Total function evaluations: 20
Total elapsed time: 13372.8879 seconds.
Total objective function evaluation time: 33492.5087

Best observed feasible point:
    Sigma     BasisFunction    KernelFunction    KernelScale    Standardize
    ______    _____________    ______________    ___________    ___________

    0.1964       linear         exponential       3.328e+10        true    

Observed objective function value = 0.040261
Estimated objective function value = 0.057149
Function evaluation time = 825.8705

Best estimated feasible point (according to models):
     Sigma     BasisFunction    KernelFunction    KernelScale    Standardize
    _______    _____________    ______________    ___________    ___________

    0.21377       linear         exponential      3.9573e+10        true    

Estimated objective function value = 0.061182
Estimated function evaluation time = 833.616

[Warning: Explicit basis matrix in the GPR model is not of full column rank -
some basis coefficients are not identifiable. This could be because the
predictor matrix X is rank deficient or has a constant predictor.] 
[> In classreg.learning.impl/GPImpl/checkExplicitBasisRank (line 3132)
  In classreg.learning.impl/GPImpl/make (line 236)
  In RegressionGP (line 277)
  In classreg.learning/FitTemplate/fit (line 263)
  In RegressionGP.fit (line 308)
  In fitrgp (line 469)
  In classreg.learning.paramoptim.fitToFullDataset (line 7)
  In classreg.learning.paramoptim.fitoptimizing (line 40)
  In fitrgp (line 467)
  In fitrsuperOptimized (line 90)
  In utdNodesOptSolo3 (line 214)] 
Elapsed time is 13415.486770 seconds.
Train the super learner error model for regression
Copying objective function to workers...
Done copying objective function to workers.
|============================================================================================================================================================|
| Iter | Active  | Eval   | Objective:  | Objective   | BestSoFar   | BestSoFar   |        Sigma | BasisFunction| KernelFuncti-|  KernelScale |  Standardize |
|      | workers | result | log(1+loss) | runtime     | (observed)  | (estim.)    |              |              | on           |              |              |
|============================================================================================================================================================|
|    1 |      12 | Error  |         NaN |      248.43 |         NaN |         NaN |     0.001744 |       linear |  exponential |   3.8304e+10 |        false |
|    2 |      12 | Accept |    0.030279 |      618.54 |         NaN |    0.030279 |     0.004391 |         none | squaredexpon |   1.0548e+12 |         true |
|    3 |      12 | Accept |    0.030281 |      923.93 |         NaN |     0.03028 |     0.013466 |         none |     matern52 |   1.0825e+13 |         true |
|    4 |      12 | Accept |     0.10389 |      862.44 |    0.030279 |    0.032865 |      0.70969 |       linear |     matern52 |   5.4742e+10 |        false |
|    5 |      12 | Accept |    0.037817 |      1801.5 |         NaN |    0.050566 |   0.00052068 |       linear |     matern32 |   1.8151e+12 |         true |
|    6 |      12 | Best   |    0.030273 |      834.46 |    0.030273 |    0.030278 |      0.12267 |         none |     matern52 |   1.6475e+13 |         true |
|    7 |      12 | Accept |    0.030279 |      1362.4 |    0.030273 |    0.030277 |    0.0017862 |         none | rationalquad |   8.7983e+12 |         true |
|    8 |      12 | Accept |    0.030279 |      729.89 |    0.030273 |    0.030277 |    0.0014974 |         none |     matern32 |   1.5989e+13 |         true |
|    9 |      12 | Accept |    0.030292 |      871.24 |    0.030273 |    0.030277 |     0.074884 |     constant |     matern52 |   9.2248e+10 |         true |
|   10 |      12 | Accept |    0.030277 |      5644.6 |    0.030273 |    0.030277 |    0.0033474 |         none | squaredexpon |   4.3659e+12 |         true |
|   11 |      12 | Accept |    0.030296 |       932.8 |    0.030273 |    0.030277 |      0.11556 |     constant | rationalquad |   5.6804e+11 |         true |
|   12 |      12 | Accept |    0.030275 |      1713.7 |    0.030273 |    0.030277 |    0.0052393 |     constant | squaredexpon |   3.5646e+10 |         true |
|   13 |      12 | Accept |    0.030379 |      1522.3 |    0.030273 |    0.030277 |     0.086415 |     constant | rationalquad |   4.5695e+10 |        false |
|   14 |      12 | Accept |    0.034575 |      1834.2 |    0.030273 |    0.030277 |   0.00076865 |     constant | squaredexpon |   2.0923e+11 |        false |
|   15 |      12 | Accept |    0.030296 |      696.42 |    0.030273 |    0.030277 |     0.076775 |     constant |     matern52 |   3.6558e+11 |        false |
|   16 |      12 | Accept |      12.443 |       13622 |    0.030273 |    0.030322 |   0.00031277 | pureQuadrati |     matern52 |    5.522e+12 |         true |
|   17 |      12 | Accept |     0.06647 |       14566 |    0.030273 |    0.030319 |      0.13106 |       linear |  exponential |   1.3145e+11 |        false |
|   18 |      12 | Accept |     0.57364 |      2799.7 |    0.030273 |    0.030318 |    0.0022877 |         none | rationalquad |   4.8279e+11 |        false |
|   19 |      12 | Accept |    0.047759 |      1865.1 |    0.030273 |    0.030315 |    0.0019603 |         none | squaredexpon |   8.5374e+12 |        false |
|   20 |      12 | Accept |    0.033923 |      684.67 |    0.030273 |    0.030313 |       1.5122 |       linear |  exponential |    1.523e+11 |         true |

__________________________________________________________
Optimization completed.
MaxObjectiveEvaluations of 20 reached.
Total function evaluations: 20
Total elapsed time: 17610.5352 seconds.
Total objective function evaluation time: 54134.2708

Best observed feasible point:
     Sigma     BasisFunction    KernelFunction    KernelScale    Standardize
    _______    _____________    ______________    ___________    ___________

    0.12267        none            matern52       1.6475e+13        true    

Observed objective function value = 0.030273
Estimated objective function value = 0.030313
Function evaluation time = 834.4591

Best estimated feasible point (according to models):
     Sigma     BasisFunction    KernelFunction    KernelScale    Standardize
    _______    _____________    ______________    ___________    ___________

    0.12267        none            matern52       1.6475e+13        true    

Estimated objective function value = 0.030313
Estimated function evaluation time = 1604.6989

Elapsed time is 17657.566445 seconds.
Elapsed time is 17657.573473 seconds.
Use the hyper-parameter optimized NN model for regression
Elapsed time is 0.151513 seconds.
Use the hyper-parameter optimized GPR model for regression
Elapsed time is 0.672924 seconds.
Use the hyper-parameter optimized Ensemble of Trees model for regression
Elapsed time is 0.056038 seconds.
Use the super learner model for regression
Elapsed time is 0.779762 seconds.
Use the error estimate to update the Super Learner Estimate
Elapsed time is 1.593229 seconds.
Use the hyper-parameter optimized NN model for regression
Elapsed time is 0.044720 seconds.
Use the hyper-parameter optimized GPR model for regression
Elapsed time is 0.450850 seconds.
Use the hyper-parameter optimized Ensemble of Trees model for regression
Elapsed time is 0.024674 seconds.
Use the super learner model for regression
Elapsed time is 0.489416 seconds.
Use the error estimate to update the Super Learner Estimate
Elapsed time is 0.474256 seconds.



combinedFigDaily = 

    "/home/lhw150030/mintsData/visualAnalysis/UTDNodes/001e06305a61/UTD_Rsl_All_Daily_001e06305a61_pm1_palas.png"


combinedFig = 

    "/home/lhw150030/mintsData/visualAnalysis/UTDNodes/001e06305a61/UTD_Rsl_All_2021_01_04_11_43_46/UTD_Rsl_All_2021_01_04_11_43_46_001e06305a61_pm1_palas.png"

    "Creating Folder @: '/home/lhw150030/mintsData/visualAnalysis/UTDNodes/001e06305a61/UTD_Rsl_All_2021_01_04_11_43_46'"


plot3 = 

  Line with properties:

              Color: [0.9290 0.6940 0.1250]
          LineStyle: '-'
          LineWidth: 0.5000
             Marker: 'none'
         MarkerSize: 6
    MarkerFaceColor: 'none'
              XData: [1x5813 double]
              YData: [1x5813 double]
              ZData: [1x0 double]

  Use GET to show all properties


plot4 = 

  Line (fitted curve) with properties:

              Color: [1 0 0]
          LineStyle: '-'
          LineWidth: 0.5000
             Marker: 'none'
         MarkerSize: 6
    MarkerFaceColor: 'none'
              XData: [1x1001 double]
              YData: [1x1001 double]
              ZData: [1x0 double]

  Use GET to show all properties


plot6 = 

  Line (fitted curve) with properties:

              Color: [1 0 0]
          LineStyle: '-'
          LineWidth: 0.5000
             Marker: 'none'
         MarkerSize: 6
    MarkerFaceColor: 'none'
              XData: [1x1001 double]
              YData: [1x1001 double]
              ZData: [1x0 double]

  Use GET to show all properties


plot3 = 

  Line with properties:

              Color: [0.9290 0.6940 0.1250]
          LineStyle: '-'
          LineWidth: 0.5000
             Marker: 'none'
         MarkerSize: 6
    MarkerFaceColor: 'none'
              XData: [1x5813 double]
              YData: [1x5813 double]
              ZData: [1x0 double]

  Use GET to show all properties


plot4 = 

  Line (fitted curve) with properties:

              Color: [1 0 0]
          LineStyle: '-'
          LineWidth: 0.5000
             Marker: 'none'
         MarkerSize: 6
    MarkerFaceColor: 'none'
              XData: [1x1001 double]
              YData: [1x1001 double]
              ZData: [1x0 double]

  Use GET to show all properties


plot6 = 

  Line (fitted curve) with properties:

              Color: [1 0 0]
          LineStyle: '-'
          LineWidth: 0.5000
             Marker: 'none'
         MarkerSize: 6
    MarkerFaceColor: 'none'
              XData: [1x1001 double]
              YData: [1x1001 double]
              ZData: [1x0 double]

  Use GET to show all properties

    "Saving Model Files for Node: 001e06305a61 & target :PM_{1}"


modelsSaveNameDaily = 

    "/home/lhw150030/mintsData/modelsMats/UTDNodes/001e06305a61/daily_Mdl_001e06305a61_pm1_palas.mat"


modelsSaveName = 

    "/home/lhw150030/mintsData/modelsMats/UTDNodes/001e06305a61/UTD_Rsl_All_2021_01_04_11_43_46/UTD_Rsl_All_2021_01_04_11_43_46_001e06305a61_pm1_palas.mat"


resultsSaveName = 

    "/home/lhw150030/mintsData/modelsMats/UTDNodes/001e06305a61/daily_Mdl_001e06305a61_pm1_palas.csv"

    "Creating Folder @: '/home/lhw150030/mintsData/modelsMats/UTDNodes/001e06305a61/UTD_Rsl_All_2021_01_04_11_43_46'"






trainingSaveNameDaily = 

    "/home/lhw150030/mintsData/trainingMats/UTDNodes/001e06305a61/UTD_Rsl_All_Daily_001e06305a61_pm1_palas.mat"


trainingSaveName = 

    "/home/lhw150030/mintsData/trainingMats/UTDNodes/001e06305a61/UTD_Rsl_All_2021_01_04_11_43_46/UTD_Rsl_All_2021_01_04_11_43_46_001e06305a61_pm1_palas.mat"

    "Creating Folder @: '/home/lhw150030/mintsData/trainingMats/UTDNodes/001e06305a61/UTD_Rsl_All_2021_01_04_11_43_46'"



    "Gainin Data set for Node 001e06305a61 with target output pm2_5_palas @ 05-Jan-2021 00:52:03"

Going through column 1 and choosing a representative sample. Choosing 200 bins for this column. With 3 members per bin.
Going through column 2 and choosing a representative sample. Choosing 200 bins for this column. With 3 members per bin.
Going through column 3 and choosing a representative sample. Choosing 200 bins for this column. With 3 members per bin.
Going through column 4 and choosing a representative sample. Choosing 74 bins for this column. With 3 members per bin.
Going through column 5 and choosing a representative sample. Choosing 1 bins for this column. With 3 members per bin.
Going through column 6 and choosing a representative sample. Choosing 200 bins for this column. With 3 members per bin.
Going through column 7 and choosing a representative sample. Choosing 200 bins for this column. With 3 members per bin.
Going through column 8 and choosing a representative sample. Choosing 200 bins for this column. With 3 members per bin.
Going through column 9 and choosing a representative sample. Choosing 200 bins for this column. With 3 members per bin.
Going through column 10 and choosing a representative sample. Choosing 200 bins for this column. With 3 members per bin.
Going through column 11 and choosing a representative sample. Choosing 200 bins for this column. With 3 members per bin.
Going through column 12 and choosing a representative sample. Choosing 200 bins for this column. With 3 members per bin.
Going through column 13 and choosing a representative sample. Choosing 200 bins for this column. With 3 members per bin.
Going through column 14 and choosing a representative sample. Choosing 200 bins for this column. With 3 members per bin.
Going through column 15 and choosing a representative sample. Choosing 159 bins for this column. With 3 members per bin.
Going through column 16 and choosing a representative sample. Choosing 100 bins for this column. With 3 members per bin.
Going through column 17 and choosing a representative sample. Choosing 47 bins for this column. With 3 members per bin.
Going through column 18 and choosing a representative sample. Choosing 22 bins for this column. With 3 members per bin.
Going through column 19 and choosing a representative sample. Choosing 10 bins for this column. With 3 members per bin.
Going through column 20 and choosing a representative sample. Choosing 8 bins for this column. With 3 members per bin.
Going through column 21 and choosing a representative sample. Choosing 5 bins for this column. With 3 members per bin.
Going through column 22 and choosing a representative sample. Choosing 5 bins for this column. With 3 members per bin.
Going through column 23 and choosing a representative sample. Choosing 2 bins for this column. With 3 members per bin.
Going through column 24 and choosing a representative sample. Choosing 2 bins for this column. With 3 members per bin.
Going through column 25 and choosing a representative sample. Choosing 3 bins for this column. With 3 members per bin.
Going through column 26 and choosing a representative sample. Choosing 2 bins for this column. With 3 members per bin.
Going through column 27 and choosing a representative sample. Choosing 2 bins for this column. With 3 members per bin.
Going through column 28 and choosing a representative sample. Choosing 200 bins for this column. With 3 members per bin.
Going through column 29 and choosing a representative sample. Choosing 200 bins for this column. With 3 members per bin.
Going through column 30 and choosing a representative sample. Choosing 200 bins for this column. With 3 members per bin.
Going through column 31 and choosing a representative sample. Choosing 157 bins for this column. With 3 members per bin.
Going through column 32 and choosing a representative sample. Choosing 200 bins for this column. With 3 members per bin.
Going through column 33 and choosing a representative sample. Choosing 200 bins for this column. With 3 members per bin.
Going through column 34 and choosing a representative sample. Choosing 200 bins for this column. With 3 members per bin.
Going through column 35 and choosing a representative sample. Choosing 200 bins for this column. With 3 members per bin.
Going through column 36 and choosing a representative sample. Choosing 400 bins for this column. With 6 members per bin.

ans =

        5499


ans =

   971

    "Running Regression"

Train a hyper-parameter optimized NN model for regression
Copying objective function to workers...
Done copying objective function to workers.
|===============================================================================================================|
| Iter | Active  | Eval   | Objective   | Objective   | BestSoFar   | BestSoFar   | hiddenLayerS-|           lr |
|      | workers | result |             | runtime     | (observed)  | (estim.)    | ize          |              |
|===============================================================================================================|
|    1 |      10 | Best   |      16.263 |       2.574 |      16.263 |      20.644 |            8 |      0.33613 |
|    2 |      10 | Accept |      139.44 |      2.6267 |      16.263 |      20.644 |           67 |    0.0013077 |
|    3 |      10 | Accept |      76.277 |      2.5792 |      16.263 |      20.644 |           74 |      0.58962 |
|    4 |       8 | Best   |      14.807 |      2.9683 |      14.807 |      16.149 |            9 |     0.030348 |
|    5 |       8 | Accept |      66.698 |      2.8922 |      14.807 |      16.149 |           52 |     0.056148 |
|    6 |       8 | Accept |      16.192 |      2.8425 |      14.807 |      16.149 |           52 |       0.3451 |
|    7 |      12 | Best   |       9.813 |     0.46997 |       9.813 |      10.038 |            5 |       0.4254 |
|    8 |       7 | Accept |      16.938 |      9.2218 |       9.813 |      11.781 |           48 |    0.0060554 |
|    9 |       7 | Accept |      17.139 |      0.5516 |       9.813 |      11.781 |           33 |      0.98985 |
|   10 |       7 | Accept |      256.56 |     0.67573 |       9.813 |      11.781 |           93 |     0.011362 |
|   11 |       7 | Accept |      51.902 |     0.79098 |       9.813 |      11.781 |           62 |    0.0037162 |
|   12 |       7 | Accept |      11.789 |     0.51635 |       9.813 |      11.781 |           24 |      0.06506 |
|   13 |       7 | Accept |      24.097 |     0.52064 |       9.813 |      11.781 |           36 |    0.0021131 |
|   14 |       9 | Accept |      62.391 |      10.998 |       9.813 |      23.567 |           80 |    0.0035433 |
|   15 |       9 | Accept |      17.653 |     0.24059 |       9.813 |      23.567 |           47 |      0.99774 |
|   16 |       9 | Accept |      24.572 |      12.046 |       9.813 |      23.567 |            6 |      0.27646 |
|   17 |       9 | Accept |      20.325 |      12.031 |       9.813 |      23.567 |           97 |     0.035168 |
|   18 |       2 | Accept |      35.834 |      12.601 |       9.813 |      26.888 |           20 |    0.0099734 |
|   19 |       2 | Accept |      47.099 |      12.137 |       9.813 |      26.888 |           32 |    0.0035977 |
|   20 |       2 | Accept |      13.772 |     0.39342 |       9.813 |      26.888 |            5 |    0.0010021 |
|===============================================================================================================|
| Iter | Active  | Eval   | Objective   | Objective   | BestSoFar   | BestSoFar   | hiddenLayerS-|           lr |
|      | workers | result |             | runtime     | (observed)  | (estim.)    | ize          |              |
|===============================================================================================================|
|   21 |       2 | Accept |      73.343 |     0.73862 |       9.813 |      26.888 |           77 |      0.29791 |
|   22 |       2 | Accept |      45.396 |     0.68026 |       9.813 |      26.888 |           79 |     0.019351 |
|   23 |       2 | Accept |       24.31 |     0.58384 |       9.813 |      26.888 |           97 |      0.17356 |
|   24 |       2 | Accept |      35.427 |     0.55886 |       9.813 |      26.888 |           73 |       0.3632 |
|   25 |       2 | Accept |      14.535 |     0.56752 |       9.813 |      26.888 |           38 |      0.60236 |
|   26 |      11 | Accept |      190.98 |     0.74667 |       9.813 |      9.8164 |          100 |      0.99687 |
|   27 |      11 | Accept |      12.791 |     0.14868 |       9.813 |      9.8164 |           19 |      0.10312 |
|   28 |       2 | Accept |      12.965 |      1.8908 |       9.813 |      9.8178 |           18 |       0.9951 |
|   29 |       2 | Accept |      107.68 |      1.7794 |       9.813 |      9.8178 |           21 |    0.0053183 |
|   30 |       2 | Accept |      45.896 |       1.705 |       9.813 |      9.8178 |           87 |       0.1492 |
|   31 |       2 | Accept |      47.941 |     0.36928 |       9.813 |      9.8178 |           12 |    0.0022347 |
|   32 |       2 | Accept |      83.117 |     0.34664 |       9.813 |      9.8178 |           38 |     0.055472 |
|   33 |       2 | Accept |      32.722 |     0.27006 |       9.813 |      9.8178 |           81 |      0.66601 |
|   34 |       2 | Accept |      23.818 |     0.23585 |       9.813 |      9.8178 |           51 |    0.0010041 |
|   35 |       2 | Accept |      70.281 |      1.7073 |       9.813 |      9.8178 |           38 |     0.019095 |
|   36 |       2 | Accept |      70.082 |     0.69592 |       9.813 |      9.8178 |           91 |      0.12694 |
|   37 |       2 | Accept |      192.65 |      1.8326 |       9.813 |      9.8178 |           90 |     0.019879 |

__________________________________________________________
Optimization completed.
MaxObjectiveEvaluations of 30 reached.
Total function evaluations: 37
Total elapsed time: 18.6418 seconds.
Total objective function evaluation time: 104.5344

Best observed feasible point:
    hiddenLayerSize      lr  
    _______________    ______

           5           0.4254

Observed objective function value = 9.813
Estimated objective function value = 9.8178
Function evaluation time = 0.46997

Best estimated feasible point (according to models):
    hiddenLayerSize      lr  
    _______________    ______

           5           0.4254

Estimated objective function value = 9.8178
Estimated function evaluation time = 1.2472


T =

  1x2 table

    hiddenLayerSize      lr  
    _______________    ______

           5           0.4254

Elapsed time is 31.573080 seconds.
Train a hyper-parameter optimized GPR model for regression
First Optimize all the GPR parameters
Copying objective function to workers...
Done copying objective function to workers.
|============================================================================================================================================================|
| Iter | Active  | Eval   | Objective:  | Objective   | BestSoFar   | BestSoFar   |        Sigma | BasisFunction| KernelFuncti-|  KernelScale |  Standardize |
|      | workers | result | log(1+loss) | runtime     | (observed)  | (estim.)    |              |              | on           |              |              |
|============================================================================================================================================================|
|    1 |      12 | Best   |       4.122 |      530.74 |       4.122 |       4.122 |       1.9858 |         none |     matern32 |   1.8165e+13 |         true |
|    2 |      12 | Accept |      23.817 |      1278.1 |       4.122 |      4.9051 |       41.128 | pureQuadrati | rationalquad |   1.9491e+11 |         true |
|    3 |      12 | Accept |      7.9382 |      1347.2 |       4.122 |      4.5997 |       7.5764 |       linear |  exponential |   3.5993e+12 |        false |
|    4 |      12 | Error  |         NaN |      1642.9 |         NaN |      4.5997 |       0.2416 |     constant | squaredexpon |   4.9359e+10 |        false |
|    5 |      12 | Accept |      4.1222 |      458.78 |       4.122 |      4.1226 |       62.437 |         none |     matern32 |   3.8151e+12 |         true |
|    6 |      12 | Accept |       4.122 |      575.26 |       4.122 |      4.1224 |       1.6061 |         none |  exponential |    1.237e+13 |         true |
|    7 |      12 | Accept |       4.122 |      1795.7 |       4.122 |      4.1222 |     0.032007 |         none |     matern32 |    4.216e+12 |         true |
|    8 |      12 | Accept |      7.8635 |      736.58 |       4.122 |      4.1222 |        1.496 |       linear |  exponential |    6.571e+12 |         true |
|    9 |      12 | Error  |         NaN |      2109.1 |       4.122 |      4.1222 |      0.62936 |         none |  exponential |   7.9367e+12 |        false |
|   10 |      12 | Accept |      8.0887 |      960.07 |       4.122 |      4.1222 |    0.0008973 |       linear |     matern32 |   7.4174e+12 |         true |
|   11 |      12 | Accept |      4.1234 |      951.88 |       4.122 |      4.1222 |    0.0047312 |     constant |     matern32 |   7.6634e+12 |         true |
|   12 |      12 | Best   |      4.1218 |      872.11 |      4.1218 |      4.1222 |       45.308 |     constant |  exponential |   1.4906e+13 |         true |
|   13 |      12 | Accept |      19.294 |      5925.6 |      4.1218 |      4.1222 |       21.634 | pureQuadrati | squaredexpon |   2.5791e+11 |         true |
|   14 |      12 | Accept |       4.122 |      2008.4 |      4.1218 |      4.1222 |   0.00090957 |         none |     matern52 |   9.6934e+12 |         true |
|   15 |      12 | Accept |      5.7252 |      2215.7 |      4.1218 |      4.1222 |     0.051149 |     constant |     matern32 |   8.4934e+12 |        false |
|   16 |      12 | Accept |      4.1222 |      1007.2 |      4.1218 |      4.1222 |   0.00029761 |     constant |     matern52 |   8.0994e+12 |         true |
|   17 |      12 | Accept |      7.3172 |      2048.8 |      4.1218 |      4.1222 |    0.0047978 |         none |     matern32 |   8.2356e+12 |        false |
|   18 |      12 | Accept |      5.5966 |        2052 |      4.1218 |      4.1222 |    0.0023603 |     constant |     matern52 |   8.6278e+12 |        false |
|   19 |      12 | Accept |       6.528 |      2131.9 |      4.1218 |      4.1222 |    0.0077873 |         none |     matern52 |   8.5581e+12 |        false |
|   20 |      12 | Error  |         NaN |      1725.3 |      4.1218 |      4.1222 |     0.012679 |     constant |  exponential |   1.4084e+13 |        false |
|============================================================================================================================================================|
| Iter | Active  | Eval   | Objective:  | Objective   | BestSoFar   | BestSoFar   |        Sigma | BasisFunction| KernelFuncti-|  KernelScale |  Standardize |
|      | workers | result | log(1+loss) | runtime     | (observed)  | (estim.)    |              |              | on           |              |              |
|============================================================================================================================================================|
|   21 |      12 | Accept |      4.1219 |      994.28 |      4.1218 |      4.1222 |      0.23987 |     constant | rationalquad |   6.9019e+12 |         true |
|   22 |      12 | Accept |      10.957 |       14828 |      4.1218 |      4.1222 |   0.00011932 | pureQuadrati | squaredexpon |   1.6287e+13 |        false |
|   23 |      12 | Accept |       4.122 |      2606.9 |      4.1218 |      4.1222 |     0.015551 |         none | rationalquad |   6.8317e+12 |         true |
|   24 |      12 | Accept |       6.061 |      3251.6 |      4.1218 |      4.1222 |    0.0077423 |     constant | rationalquad |   6.5592e+12 |        false |
|   25 |      12 | Accept |       4.122 |      972.19 |      4.1218 |      4.1221 |     0.014957 |         none | squaredexpon |   3.9308e+12 |         true |
|   26 |      12 | Accept |      5.1193 |        3241 |      4.1218 |      4.1221 |      0.04683 |         none | rationalquad |   7.6643e+12 |        false |
|   27 |      12 | Accept |      4.1218 |      1006.9 |      4.1218 |      4.1221 |    0.0098533 |     constant | squaredexpon |   5.5811e+12 |         true |
|   28 |      12 | Accept |      7.1963 |      1059.2 |      4.1218 |      4.1221 |     0.058002 |       linear |     matern52 |   1.7063e+13 |         true |
|   29 |      12 | Accept |       4.741 |        2035 |      4.1218 |      4.1221 |   0.00043091 |         none | squaredexpon |   5.0578e+12 |        false |
|   30 |      12 | Accept |      9.7659 |      2383.7 |      4.1218 |      4.1221 |   0.00042803 |       linear |     matern52 |   6.1169e+12 |        false |

__________________________________________________________
Optimization completed.
MaxObjectiveEvaluations of 30 reached.
Total function evaluations: 30
Total elapsed time: 22570.0579 seconds.
Total objective function evaluation time: 64752.6934

Best observed feasible point:
    Sigma     BasisFunction    KernelFunction    KernelScale    Standardize
    ______    _____________    ______________    ___________    ___________

    45.308      constant        exponential      1.4906e+13        true    

Observed objective function value = 4.1218
Estimated objective function value = 4.1221
Function evaluation time = 872.1081

Best estimated feasible point (according to models):
    Sigma     BasisFunction    KernelFunction    KernelScale    Standardize
    ______    _____________    ______________    ___________    ___________

    1.9858        none            matern32       1.8165e+13        true    

Estimated objective function value = 4.1221
Estimated function evaluation time = 1543.6684

Elapsed time is 22637.377941 seconds.
Take a copy of the best attributes
Now use these optimum settings to do an exact GPR fit
Elapsed time is 29.547838 seconds.
Train a hyper-parameter optimized Ensemble of Trees model for regression
Copying objective function to workers...
Done copying objective function to workers.
|===========================================================================================================================================================================|
| Iter | Active  | Eval   | Objective:  | Objective   | BestSoFar   | BestSoFar   |       Method | NumLearningC-|    LearnRate |  MinLeafSize | MaxNumSplits | NumVariables-|
|      | workers | result | log(1+loss) | runtime     | (observed)  | (estim.)    |              | ycles        |              |              |              | ToSample     |
|===========================================================================================================================================================================|
|    1 |      12 | Best   |      1.9018 |      5.9806 |      1.9018 |      1.9018 |          Bag |           31 |            - |            6 |          123 |           13 |
|    2 |      10 | Accept |      2.4948 |      8.3444 |      1.9018 |      1.9834 |          Bag |           38 |            - |          195 |         3748 |           32 |
|    3 |      10 | Accept |      2.0745 |      8.7605 |      1.9018 |      1.9834 |      LSBoost |           50 |      0.66866 |          519 |            8 |           34 |
|    4 |      10 | Accept |      4.7136 |       8.925 |      1.9018 |      1.9834 |      LSBoost |           29 |    0.0011745 |            4 |          156 |           22 |
|    5 |       9 | Accept |       3.706 |      9.9631 |      1.9018 |       1.902 |      LSBoost |          149 |    0.0070781 |            2 |            1 |           13 |
|    6 |       9 | Accept |      4.1222 |      2.8843 |      1.9018 |       1.902 |          Bag |           61 |            - |         2346 |          405 |           14 |
|    7 |       9 | Accept |      3.5362 |      1.3675 |      1.9018 |       1.902 |          Bag |           20 |            - |            1 |            1 |            9 |
|    8 |       9 | Best   |      1.6517 |      22.011 |      1.6517 |      1.6518 |      LSBoost |           56 |     0.061661 |           19 |          445 |           26 |
|    9 |       9 | Accept |      2.0298 |      20.057 |      1.6517 |      1.6518 |          Bag |           12 |            - |           63 |          635 |           35 |
|   10 |       8 | Accept |      3.5969 |       23.16 |      1.6517 |      1.6518 |      LSBoost |           25 |     0.026766 |           28 |         3133 |            8 |
|   11 |       8 | Accept |      4.1221 |      25.255 |      1.6517 |      1.6518 |      LSBoost |           81 |     0.074679 |         1919 |          225 |            2 |
|   12 |      12 | Accept |      4.4966 |      8.8551 |      1.6517 |      1.6519 |      LSBoost |          129 |    0.0013775 |          305 |         1762 |           11 |
|   13 |      12 | Accept |      1.9519 |      15.249 |      1.6517 |      1.6519 |          Bag |           55 |            - |           10 |           52 |           35 |
|   14 |      12 | Accept |      2.7066 |      3.6803 |      1.6517 |      1.6519 |      LSBoost |           11 |      0.11019 |            9 |           70 |           32 |
|   15 |      12 | Accept |      3.7193 |      18.863 |      1.6517 |       1.652 |      LSBoost |          441 |     0.032462 |         1890 |            2 |            4 |
|   16 |      12 | Accept |      2.8086 |      33.329 |      1.6517 |      1.6519 |          Bag |           43 |            - |          437 |         1072 |           13 |
|   17 |      12 | Accept |       1.738 |      13.323 |      1.6517 |      1.6519 |          Bag |           40 |            - |           10 |          220 |           23 |
|   18 |      12 | Accept |      1.7475 |      59.115 |      1.6517 |      1.6519 |          Bag |          225 |            - |           10 |         4459 |           15 |
|   19 |      12 | Accept |      3.2782 |      15.216 |      1.6517 |      1.6519 |      LSBoost |          285 |     0.054948 |           12 |            2 |            5 |
|   20 |      12 | Accept |      3.2881 |      84.818 |      1.6517 |      1.6573 |          Bag |          104 |            - |          794 |            8 |           28 |
|===========================================================================================================================================================================|
| Iter | Active  | Eval   | Objective:  | Objective   | BestSoFar   | BestSoFar   |       Method | NumLearningC-|    LearnRate |  MinLeafSize | MaxNumSplits | NumVariables-|
|      | workers | result | log(1+loss) | runtime     | (observed)  | (estim.)    |              | ycles        |              |              |              | ToSample     |
|===========================================================================================================================================================================|
|   21 |      11 | Accept |      2.9238 |      41.326 |      1.6517 |      1.6817 |      LSBoost |           20 |      0.05321 |            8 |         1265 |           22 |
|   22 |      11 | Accept |       4.122 |     0.76154 |      1.6517 |      1.6817 |          Bag |           10 |            - |           22 |           15 |            1 |
|   23 |      10 | Best   |      1.6161 |      78.185 |      1.6161 |      1.6869 |      LSBoost |           88 |       0.1298 |           12 |         5314 |           35 |
|   24 |      10 | Accept |      3.7803 |     0.92387 |      1.6161 |      1.6869 |      LSBoost |           22 |      0.06218 |           89 |          759 |            2 |
|   25 |      12 | Accept |       2.674 |      7.3003 |      1.6161 |      1.7117 |      LSBoost |          117 |     0.087688 |           99 |            1 |           26 |
|   26 |      12 | Best   |      1.6031 |      87.809 |      1.6031 |      1.6971 |      LSBoost |          357 |     0.064915 |            4 |          116 |           13 |
|   27 |      12 | Accept |      1.7036 |      120.46 |      1.6031 |        1.71 |          Bag |          287 |            - |            4 |          203 |           35 |
|   28 |      12 | Accept |       1.696 |      16.061 |      1.6031 |      1.7193 |          Bag |           36 |            - |            2 |         5418 |           24 |
|   29 |      12 | Accept |      3.4833 |      149.22 |      1.6031 |      1.7017 |      LSBoost |          387 |      0.12102 |           53 |            3 |            4 |
|   30 |      12 | Accept |      3.0755 |      179.18 |      1.6031 |      1.6844 |          Bag |          204 |            - |            1 |            3 |           29 |

__________________________________________________________
Optimization completed.
MaxObjectiveEvaluations of 30 reached.
Total function evaluations: 30
Total elapsed time: 185.6715 seconds.
Total objective function evaluation time: 1070.3815

Best observed feasible point:
    Method     NumLearningCycles    LearnRate    MinLeafSize    MaxNumSplits    NumVariablesToSample
    _______    _________________    _________    ___________    ____________    ____________________

    LSBoost           357           0.064915          4             116                  13         

Observed objective function value = 1.6031
Estimated objective function value = 1.6886
Function evaluation time = 87.8091

Best estimated feasible point (according to models):
    Method    NumLearningCycles    LearnRate    MinLeafSize    MaxNumSplits    NumVariablesToSample
    ______    _________________    _________    ___________    ____________    ____________________

     Bag             40               NaN           10             220                  23         

Estimated objective function value = 1.6844
Estimated function evaluation time = 11.3755

Elapsed time is 188.961648 seconds.
Train the super learner model for regression
Copying objective function to workers...
Done copying objective function to workers.
|============================================================================================================================================================|
| Iter | Active  | Eval   | Objective:  | Objective   | BestSoFar   | BestSoFar   |        Sigma | BasisFunction| KernelFuncti-|  KernelScale |  Standardize |
|      | workers | result | log(1+loss) | runtime     | (observed)  | (estim.)    |              |              | on           |              |              |
|============================================================================================================================================================|
|    1 |      12 | Best   |      4.0218 |      2930.1 |      4.0218 |      4.0218 |       5.5938 |         none | rationalquad |   9.4007e+10 |        false |
|    2 |      12 | Accept |      4.1219 |      5456.2 |      4.0218 |      4.0328 |       10.209 |     constant |     matern52 |   9.1758e+12 |        false |
|    3 |      12 | Accept |      15.657 |      6845.2 |      4.0218 |      4.1925 |   0.00016755 | pureQuadrati | rationalquad |   3.3084e+10 |         true |
|    4 |      12 | Error  |         NaN |      9882.5 |      4.0218 |      4.1925 |    0.0032237 |       linear |  exponential |   1.6632e+13 |        false |
|    5 |      12 | Accept |       4.114 |      7675.4 |      4.0218 |      4.0596 |       20.373 |         none | rationalquad |    1.309e+11 |        false |
|    6 |      12 | Error  |         NaN |       12441 |      4.0218 |      4.0596 |     0.049904 |     constant |     matern52 |   3.0069e+11 |        false |
|    7 |      12 | Accept |      5.0358 |       18085 |      4.0218 |      4.0392 |      0.25461 |         none | rationalquad |   1.8134e+13 |        false |
|    8 |      12 | Accept |      4.1217 |       10734 |      4.0218 |      4.0386 |         0.44 |         none | rationalquad |   2.0711e+11 |         true |
|    9 |      12 | Accept |      5.1698 |       13387 |      4.0218 |      4.0382 |    0.0006021 |         none |     matern52 |   1.8161e+13 |        false |
|   10 |      12 | Error  |         NaN |       25205 |      4.0218 |      4.0382 |    0.0001383 |     constant | rationalquad |    2.081e+10 |        false |
|   11 |      12 | Accept |      4.1217 |      4304.7 |      4.0218 |      4.0379 |     0.012372 |         none |     matern52 |   2.9867e+12 |         true |
|   12 |      12 | Accept |      4.1219 |      5388.8 |      4.0218 |      4.0375 |      0.43638 |     constant |     matern52 |   2.0525e+13 |         true |
|   13 |      12 | Best   |      1.3753 |      7931.1 |      1.3753 |      1.3757 |       58.574 |       linear | rationalquad |   2.7763e+11 |        false |
|   14 |      12 | Accept |        1.93 |       46047 |      1.3753 |      1.3757 |       3.0553 |       linear |  ardmatern32 |            - |        false |
|   15 |      12 | Accept |      6.2883 |       13832 |      1.3753 |      1.3757 |      0.14969 |         none | squaredexpon |   1.9637e+11 |        false |
|   16 |      12 | Accept |      3.7399 |      2490.9 |      1.3753 |      1.3757 |       1.5261 |       linear | squaredexpon |   2.9121e+11 |        false |
|   17 |      12 | Accept |      4.1222 |      7949.4 |      1.3753 |      1.3757 |       2.9136 |     constant | rationalquad |   1.6336e+13 |         true |
|   18 |      12 | Accept |      2.4752 |        8101 |      1.3753 |      1.3769 |       66.463 |       linear | rationalquad |   2.0538e+13 |        false |
|   19 |      12 | Accept |      4.1356 |       15810 |      1.3753 |      1.3768 |      0.24589 |       linear |     matern52 |   2.0257e+12 |        false |
|   20 |      12 | Best   |      1.1557 |       23121 |      1.1557 |       1.153 |      0.39987 |       linear | rationalquad |   2.0732e+10 |        false |

__________________________________________________________
Optimization completed.
MaxObjectiveEvaluations of 20 reached.
Total function evaluations: 20
Total elapsed time: 84988.2288 seconds.
Total objective function evaluation time: 247617.1368

Best observed feasible point:
     Sigma     BasisFunction     KernelFunction      KernelScale    Standardize
    _______    _____________    _________________    ___________    ___________

    0.39987       linear        rationalquadratic    2.0732e+10        false   

Observed objective function value = 1.1557
Estimated objective function value = 1.153
Function evaluation time = 23121.4401

Best estimated feasible point (according to models):
     Sigma     BasisFunction     KernelFunction      KernelScale    Standardize
    _______    _____________    _________________    ___________    ___________

    0.39987       linear        rationalquadratic    2.0732e+10        false   

Estimated objective function value = 1.153
Estimated function evaluation time = 8944.0101

[Warning: Explicit basis matrix in the GPR model is not of full column rank -
some basis coefficients are not identifiable. This could be because the
predictor matrix X is rank deficient or has a constant predictor.] 
[> In classreg.learning.impl/GPImpl/checkExplicitBasisRank (line 3132)
  In classreg.learning.impl/GPImpl/make (line 236)
  In RegressionGP (line 277)
  In classreg.learning/FitTemplate/fit (line 263)
  In RegressionGP.fit (line 308)
  In fitrgp (line 469)
  In classreg.learning.paramoptim.fitToFullDataset (line 7)
  In classreg.learning.paramoptim.fitoptimizing (line 40)
  In fitrgp (line 467)
  In fitrsuperOptimized (line 90)
  In utdNodesOptSolo3 (line 214)] 
Elapsed time is 85396.616333 seconds.
Train the super learner error model for regression
Copying objective function to workers...
Done copying objective function to workers.
|============================================================================================================================================================|
| Iter | Active  | Eval   | Objective:  | Objective   | BestSoFar   | BestSoFar   |        Sigma | BasisFunction| KernelFuncti-|  KernelScale |  Standardize |
|      | workers | result | log(1+loss) | runtime     | (observed)  | (estim.)    |              |              | on           |              |              |
|============================================================================================================================================================|
|    1 |      12 | Best   |      1.1361 |       978.6 |      1.1361 |      1.1361 |     0.084568 |         none |  exponential |   7.3215e+11 |        false |
|    2 |      12 | Error  |         NaN |      1116.6 |         NaN |      1.1361 |   0.00052879 | pureQuadrati |  exponential |   4.9939e+10 |        false |
|    3 |      12 | Accept |       1.305 |      1328.4 |         NaN |      1.1428 |      0.20329 |       linear | squaredexpon |   1.1307e+13 |        false |
|    4 |      12 | Accept |      1.1928 |      1205.4 |      1.1361 |      1.2113 |      0.17899 |       linear | squaredexpon |   1.1901e+13 |        false |
|    5 |      12 | Best   |      1.0784 |       879.2 |      1.0784 |      1.1353 |       3.0345 |         none |  exponential |    4.897e+11 |        false |
|    6 |      12 | Accept |      1.0786 |        5796 |      1.0784 |      1.1235 |       11.101 | pureQuadrati |     matern32 |   6.5039e+12 |        false |
|    7 |      12 | Error  |         NaN |      1426.6 |      1.0784 |      1.1235 |   0.00037439 |         none |  exponential |   2.0958e+10 |        false |
|    8 |      12 | Best   |      1.0783 |      911.88 |      1.0783 |      1.0943 |       7.8592 | pureQuadrati |     matern32 |   1.5872e+13 |        false |
|    9 |      12 | Accept |      13.431 |      2217.5 |      1.0783 |      1.0746 |   0.00012553 | pureQuadrati |     matern32 |   8.7467e+12 |        false |
|   10 |      12 | Accept |      1.9151 |      2118.2 |      1.0783 |      1.0749 |   0.00022974 |       linear | squaredexpon |   1.3646e+13 |        false |
|   11 |      12 | Accept |      1.0785 |       12368 |      1.0783 |      1.0754 |    0.0013979 |     constant |     matern52 |   1.4081e+12 |         true |
|   12 |      12 | Error  |         NaN |      1240.6 |      1.0783 |      1.0754 |   0.00010011 |         none |  exponential |   1.4951e+12 |        false |
|   13 |      12 | Error  |         NaN |       13135 |      1.0783 |      1.0754 |   0.00028732 |       linear |     matern52 |    1.936e+11 |        false |
|   14 |      12 | Accept |      1.0787 |      1815.5 |      1.0783 |      1.0758 |    0.0015713 |     constant |     matern32 |    1.552e+11 |         true |
|   15 |      12 | Accept |      1.0789 |      756.68 |      1.0783 |      1.0747 |      0.59993 |     constant |     matern32 |   1.2745e+11 |         true |
