Running calibration scripts for UTD Node: 12
Running on host: compute-1-2-32

                            < M A T L A B (R) >
                  Copyright 1984-2020 The MathWorks, Inc.
              R2020a Update 1 (9.8.0.1359463) 64-bit (glnxa64)
                               April 9, 2020

[Warning: Unable to load Toolbox Path Cache
/home/lhw150030/.matlab/R2020a/toolbox_cache-9.8.0-3920045646-glnxa64.xml. The
cache file is not in the correct format. It will be regenerated upon quitting
MATLAB.] 
 
To get started, type doc.
For product information, visit www.mathworks.com.
 


    "---------------------MINTS---------------------"

28-Nov-2020 19:13:27

mintsDefinitions = 

  struct with fields:

                dataFolder: '/home/lhw150030/mintsData'
               poolWorkers: 16
                  timeSpan: 30
                  airmarID: '001e0610c0e4'
             binsPerColumn: 500
              numberPerBin: 2
                    pValid: 0.1500
                   nodeIDs: {1x16 cell}
               inputStack1: {1x9 cell}
         mintsInputsStack1: {1x35 cell}
    mintsInputLabelsStack1: {1x35 cell}
               inputStack2: {1x11 cell}
         mintsInputsStack2: {1x35 cell}
    mintsInputLabelsStack2: {1x35 cell}
               inputStack3: {1x10 cell}
         mintsInputsStack3: {1x38 cell}
    mintsInputLabelsStack3: {1x38 cell}
              mintsTargets: {1x10 cell}
         mintsTargetLabels: {1x10 cell}
                     units: {1x10 cell}
               instruments: {1x10 cell}

Starting parallel pool (parpool) using the 'local' profile ...
