Running calibration scripts for UTD Node: 14
Running on host: compute-1-7-16

                            < M A T L A B (R) >
                  Copyright 1984-2020 The MathWorks, Inc.
              R2020a Update 1 (9.8.0.1359463) 64-bit (glnxa64)
                               April 9, 2020

 
To get started, type doc.
For product information, visit www.mathworks.com.
 
UTD_Ronn_All_RS_ONN_1_2021_03_02_15_09_37


UTD_Ronn_All_RS_ONN_1_Daily


Optimzed NN All Inputs



globalCSVLabel = 

    "resultsNowXT_ONN_1"



    "---------------------MINTS---------------------"

02-Mar-2021 15:09:38

mintsDefinitions = 

  struct with fields:

                dataFolder: '/home/lhw150030/mintsData'
               poolWorkers: 16
                  timeSpan: 30
                  airmarID: '001e0610c0e4'
             binsPerColumn: 1500
              numberPerBin: 2
                    pValid: 0.1500
                   nodeIDs: {1x16 cell}
               inputStack1: {1x9 cell}
         mintsInputsStack1: {1x35 cell}
    mintsInputLabelsStack1: {1x35 cell}
              latestStack1: {'BME280'  'MGS001'  'OPCN2'}
               inputStack2: {1x11 cell}
              latestStack2: {'BME280'  'MGS001'  'OPCN2'  'SCD30'}
         mintsInputsStack2: {1x35 cell}
    mintsInputLabelsStack2: {1x35 cell}
               inputStack3: {1x10 cell}
              latestStack3: {'BME280'  'MGS001'  'OPCN2'  'SCD30'}
         mintsInputsStack3: {1x38 cell}
    mintsInputLabelsStack3: {1x38 cell}
              mintsTargets: {1x10 cell}
         mintsTargetLabels: {1x10 cell}
                     units: {1x10 cell}
               instruments: {1x10 cell}

Starting parallel pool (parpool) using the 'local' profile ...

