Running calibration scripts for UTD Node: 12
Running on host: compute-1-1-30

                            < M A T L A B (R) >
                  Copyright 1984-2020 The MathWorks, Inc.
              R2020a Update 1 (9.8.0.1359463) 64-bit (glnxa64)
                               April 9, 2020

 
To get started, type doc.
For product information, visit www.mathworks.com.
 


    "---------------------MINTS---------------------"

08-Feb-2021 12:20:48
    "---------------------MINTS---------------------"


yamlFile =

    '../mintsDefinitions.yaml'



    "---------------------MINTS---------------------"



    "Data Folder Located      @ :/home/lhw150030/mintsData"

    "Raw Data Located         @ :/home/lhw150030/mintsData/raw"

    "Raw DotMat Data Located  @ :/home/lhw150030/mintsData/rawMats"

    "Update Data Located      @ :/home/lhw150030/mintsData/liveUpdate/UTDNodes"

    "Loading Best Models"

    "Going through each date"

    "Creating Folder @: '/home/lhw150030/mintsData/liveUpdate/UTDNodes/001e063239e6/2021/02/07'"

    "Gaining Predictions for Node:001e063239e6 for the date of 2021 2 7"

    "Predicting pm1_palas"

    "Predicting pm2_5_palas"

    "Predicting pm4_palas"

    "Predicting pm10_palas"

    "Predicting pmTotal_palas"

    "Predicting dCn_palas"

    "Predicting temperatureAirmar"

